2021-04-12 17:10:22,951 INFO  [Root_Class_TestNG] Opening Chrome browser 
2021-04-12 17:10:24,529 INFO  [Root_Class_TestNG] Opening Chrome browser 
2021-04-12 17:10:25,620 INFO  [Root_Class_TestNG] Chrome browser has launched 
2021-04-12 17:10:25,621 INFO  [Root_Class_TestNG] Navigating to Billers portal 
2021-04-12 17:10:27,249 INFO  [Root_Class_TestNG] Chrome browser has launched 
2021-04-12 17:10:27,249 INFO  [Root_Class_TestNG] Navigating to Billers portal 
2021-04-12 17:10:31,433 INFO  [Root_Class_TestNG] Billers portal has launched 
2021-04-12 17:10:31,433 INFO  [Root_Class_TestNG] Waiting till the Page is load 
2021-04-12 17:10:31,440 INFO  [Root_Class_TestNG] Browser has waited till the page is load 
2021-04-12 17:10:31,440 INFO  [Root_Class_TestNG] Maximizing window 
2021-04-12 17:10:31,590 INFO  [Root_Class_TestNG] Window has maximized 
2021-04-12 17:10:31,720 INFO  [Root_Class_TestNG] Waiting till the 'Login Now' button is display 
2021-04-12 17:10:31,817 INFO  [Root_Class_TestNG] Waiting till the 'Login Now' button is click 
2021-04-12 17:10:31,940 INFO  [Root_Class_TestNG] Clicking on the 'Login now' button 
2021-04-12 17:10:40,045 INFO  [Root_Class_TestNG] Billers portal has launched 
2021-04-12 17:10:40,045 INFO  [Root_Class_TestNG] Waiting till the Page is load 
2021-04-12 17:10:40,050 INFO  [Root_Class_TestNG] Browser has waited till the page is load 
2021-04-12 17:10:40,050 INFO  [Root_Class_TestNG] Maximizing window 
2021-04-12 17:10:40,176 INFO  [Root_Class_TestNG] Window has maximized 
2021-04-12 17:10:40,234 INFO  [Root_Class_TestNG] Waiting till the 'Login Now' button is display 
2021-04-12 17:10:40,283 INFO  [Root_Class_TestNG] Waiting till the 'Login Now' button is click 
2021-04-12 17:10:40,343 INFO  [Root_Class_TestNG] Clicking on the 'Login now' button 
2021-04-12 17:10:43,278 INFO  [Root_Class_TestNG] Login Now has clicked 
2021-04-12 17:10:43,279 INFO  [Root_Class_TestNG] Waiting till the Username text box is display 
2021-04-12 17:10:43,310 INFO  [Root_Class_TestNG] Entering username 
2021-04-12 17:10:43,373 INFO  [Root_Class_TestNG] Username has entered. 
2021-04-12 17:10:43,373 INFO  [Root_Class_TestNG] Waiting till the 'Password' is display 
2021-04-12 17:10:43,404 INFO  [Root_Class_TestNG] Entering password 
2021-04-12 17:10:43,475 INFO  [Root_Class_TestNG] Password has entered 
2021-04-12 17:10:43,475 INFO  [Root_Class_TestNG] Waiting till the 'Login' button is display 
2021-04-12 17:10:43,500 INFO  [Root_Class_TestNG] Waiting till the 'Login' button is click 
2021-04-12 17:10:43,532 INFO  [Root_Class_TestNG] Clicking on the 'Login' button 
2021-04-12 17:10:44,136 INFO  [Root_Class_TestNG] 'Login' button has clicked 
2021-04-12 17:10:44,136 INFO  [Root_Class_TestNG] Waiting till the 'Setup' menu is display 
2021-04-12 17:10:45,302 INFO  [Root_Class_TestNG] Login Now has clicked 
2021-04-12 17:10:45,305 INFO  [Root_Class_TestNG] Waiting till the Username text box is display 
2021-04-12 17:10:45,355 INFO  [Root_Class_TestNG] Entering username 
2021-04-12 17:10:45,448 INFO  [Root_Class_TestNG] Username has entered. 
2021-04-12 17:10:45,448 INFO  [Root_Class_TestNG] Waiting till the 'Password' is display 
2021-04-12 17:10:45,486 INFO  [Root_Class_TestNG] Entering password 
2021-04-12 17:10:45,579 INFO  [Root_Class_TestNG] Password has entered 
2021-04-12 17:10:45,579 INFO  [Root_Class_TestNG] Waiting till the 'Login' button is display 
2021-04-12 17:10:45,625 INFO  [Root_Class_TestNG] Waiting till the 'Login' button is click 
2021-04-12 17:10:45,680 INFO  [Root_Class_TestNG] Clicking on the 'Login' button 
2021-04-12 17:10:46,308 INFO  [Root_Class_TestNG] Waiting till the 'Invoice' menu is display 
2021-04-12 17:10:46,392 INFO  [Root_Class_TestNG] Biller has able to view the Biller home Page. 
2021-04-12 17:10:46,392 INFO  [Root_Class_TestNG] Waiting till the Page is loading 
2021-04-12 17:10:50,922 INFO  [Root_Class_TestNG] 'Login' button has clicked 
2021-04-12 17:10:50,922 INFO  [Root_Class_TestNG] Waiting till the 'Setup' menu is display 
2021-04-12 17:10:54,706 INFO  [Root_Class_TestNG] Waiting till the 'Invoice' menu is display 
2021-04-12 17:10:54,782 INFO  [Root_Class_TestNG] Biller has able to view the Biller home Page. 
2021-04-12 17:10:54,782 INFO  [Root_Class_TestNG] Waiting till the Page is loading 
2021-04-12 17:11:05,265 INFO  [Root_Class_TestNG] no such element: Unable to locate element: {"method":"xpath","selector":"/html/body/app-root/div/app-layout/mat-sidenav-container/mat-sidenav-content/div[1]/app-breadcrumb/div/div/div/div/span"}
  (Session info: chrome=89.0.4389.114)
For documentation on this error, please visit: https://www.seleniumhq.org/exceptions/no_such_element.html
Build info: version: '3.141.59', revision: 'e82be7d358', time: '2018-11-14T08:17:03'
System info: host: 'DESKTOP-T1A7R18', ip: '10.20.152.53', os.name: 'Windows 10', os.arch: 'amd64', os.version: '10.0', java.version: '15.0.2'
Driver info: org.openqa.selenium.chrome.ChromeDriver
Capabilities {acceptInsecureCerts: false, browserName: chrome, browserVersion: 89.0.4389.114, chrome: {chromedriverVersion: 89.0.4389.23 (61b08ee2c5002..., userDataDir: C:\Users\Ascend\AppData\Loc...}, goog:chromeOptions: {debuggerAddress: localhost:52294}, javascriptEnabled: true, networkConnectionEnabled: false, pageLoadStrategy: normal, platform: WINDOWS, platformName: WINDOWS, proxy: Proxy(), setWindowRect: true, strictFileInteractability: false, timeouts: {implicit: 0, pageLoad: 300000, script: 30000}, unhandledPromptBehavior: dismiss and notify, webauthn:extension:largeBlob: true, webauthn:virtualAuthenticators: true}
Session ID: 9a5040f6cf4981e79a133257265f15ef
*** Element info: {Using=xpath, value=/html/body/app-root/div/app-layout/mat-sidenav-container/mat-sidenav-content/div[1]/app-breadcrumb/div/div/div/div/span} 
2021-04-12 17:11:05,599 INFO  [Root_Class_TestNG] no such element: Unable to locate element: {"method":"xpath","selector":"/html/body/app-root/div/app-layout/mat-sidenav-container/mat-sidenav-content/div[1]/app-dashboard/div/div[1]/mat-card/form/mat-form-field[1]/div/div[1]/div[1]/input"}
  (Session info: chrome=89.0.4389.114)
For documentation on this error, please visit: https://www.seleniumhq.org/exceptions/no_such_element.html
Build info: version: '3.141.59', revision: 'e82be7d358', time: '2018-11-14T08:17:03'
System info: host: 'DESKTOP-T1A7R18', ip: '10.20.152.53', os.name: 'Windows 10', os.arch: 'amd64', os.version: '10.0', java.version: '15.0.2'
Driver info: org.openqa.selenium.chrome.ChromeDriver
Capabilities {acceptInsecureCerts: false, browserName: chrome, browserVersion: 89.0.4389.114, chrome: {chromedriverVersion: 89.0.4389.23 (61b08ee2c5002..., userDataDir: C:\Users\Ascend\AppData\Loc...}, goog:chromeOptions: {debuggerAddress: localhost:52294}, javascriptEnabled: true, networkConnectionEnabled: false, pageLoadStrategy: normal, platform: WINDOWS, platformName: WINDOWS, proxy: Proxy(), setWindowRect: true, strictFileInteractability: false, timeouts: {implicit: 0, pageLoad: 300000, script: 30000}, unhandledPromptBehavior: dismiss and notify, webauthn:extension:largeBlob: true, webauthn:virtualAuthenticators: true}
Session ID: 9a5040f6cf4981e79a133257265f15ef
*** Element info: {Using=xpath, value=/html/body/app-root/div/app-layout/mat-sidenav-container/mat-sidenav-content/div[1]/app-dashboard/div/div[1]/mat-card/form/mat-form-field[1]/div/div[1]/div[1]/input} 
2021-04-12 17:11:05,916 INFO  [Root_Class_TestNG] no such element: Unable to locate element: {"method":"xpath","selector":"/html/body/app-root/div/app-layout/mat-sidenav-container/mat-sidenav-content/div[1]/app-dashboard/div/div[1]/mat-card/form/mat-form-field[2]/div/div[1]/div[1]/input"}
  (Session info: chrome=89.0.4389.114)
For documentation on this error, please visit: https://www.seleniumhq.org/exceptions/no_such_element.html
Build info: version: '3.141.59', revision: 'e82be7d358', time: '2018-11-14T08:17:03'
System info: host: 'DESKTOP-T1A7R18', ip: '10.20.152.53', os.name: 'Windows 10', os.arch: 'amd64', os.version: '10.0', java.version: '15.0.2'
Driver info: org.openqa.selenium.chrome.ChromeDriver
Capabilities {acceptInsecureCerts: false, browserName: chrome, browserVersion: 89.0.4389.114, chrome: {chromedriverVersion: 89.0.4389.23 (61b08ee2c5002..., userDataDir: C:\Users\Ascend\AppData\Loc...}, goog:chromeOptions: {debuggerAddress: localhost:52294}, javascriptEnabled: true, networkConnectionEnabled: false, pageLoadStrategy: normal, platform: WINDOWS, platformName: WINDOWS, proxy: Proxy(), setWindowRect: true, strictFileInteractability: false, timeouts: {implicit: 0, pageLoad: 300000, script: 30000}, unhandledPromptBehavior: dismiss and notify, webauthn:extension:largeBlob: true, webauthn:virtualAuthenticators: true}
Session ID: 9a5040f6cf4981e79a133257265f15ef
*** Element info: {Using=xpath, value=/html/body/app-root/div/app-layout/mat-sidenav-container/mat-sidenav-content/div[1]/app-dashboard/div/div[1]/mat-card/form/mat-form-field[2]/div/div[1]/div[1]/input} 
2021-04-12 17:11:06,250 INFO  [Root_Class_TestNG] no such element: Unable to locate element: {"method":"xpath","selector":"/html/body/app-root/div/app-layout/mat-sidenav-container/mat-sidenav-content/div[1]/app-dashboard/div/div[2]/div[1]/app-invoice-count/mat-card/div[2]/div/div[2]/div[1]/div[2]/span"}
  (Session info: chrome=89.0.4389.114)
For documentation on this error, please visit: https://www.seleniumhq.org/exceptions/no_such_element.html
Build info: version: '3.141.59', revision: 'e82be7d358', time: '2018-11-14T08:17:03'
System info: host: 'DESKTOP-T1A7R18', ip: '10.20.152.53', os.name: 'Windows 10', os.arch: 'amd64', os.version: '10.0', java.version: '15.0.2'
Driver info: org.openqa.selenium.chrome.ChromeDriver
Capabilities {acceptInsecureCerts: false, browserName: chrome, browserVersion: 89.0.4389.114, chrome: {chromedriverVersion: 89.0.4389.23 (61b08ee2c5002..., userDataDir: C:\Users\Ascend\AppData\Loc...}, goog:chromeOptions: {debuggerAddress: localhost:52294}, javascriptEnabled: true, networkConnectionEnabled: false, pageLoadStrategy: normal, platform: WINDOWS, platformName: WINDOWS, proxy: Proxy(), setWindowRect: true, strictFileInteractability: false, timeouts: {implicit: 0, pageLoad: 300000, script: 30000}, unhandledPromptBehavior: dismiss and notify, webauthn:extension:largeBlob: true, webauthn:virtualAuthenticators: true}
Session ID: 9a5040f6cf4981e79a133257265f15ef
*** Element info: {Using=xpath, value=/html/body/app-root/div/app-layout/mat-sidenav-container/mat-sidenav-content/div[1]/app-dashboard/div/div[2]/div[1]/app-invoice-count/mat-card/div[2]/div/div[2]/div[1]/div[2]/span} 
2021-04-12 17:11:06,561 INFO  [Root_Class_TestNG] no such element: Unable to locate element: {"method":"xpath","selector":"/html/body/app-root/div/app-layout/mat-sidenav-container/mat-sidenav-content/div[1]/app-dashboard/div/div[2]/div[2]/app-outstanding-amount/mat-card/div[2]/div/div[2]/div[1]/div[2]/span[2]"}
  (Session info: chrome=89.0.4389.114)
For documentation on this error, please visit: https://www.seleniumhq.org/exceptions/no_such_element.html
Build info: version: '3.141.59', revision: 'e82be7d358', time: '2018-11-14T08:17:03'
System info: host: 'DESKTOP-T1A7R18', ip: '10.20.152.53', os.name: 'Windows 10', os.arch: 'amd64', os.version: '10.0', java.version: '15.0.2'
Driver info: org.openqa.selenium.chrome.ChromeDriver
Capabilities {acceptInsecureCerts: false, browserName: chrome, browserVersion: 89.0.4389.114, chrome: {chromedriverVersion: 89.0.4389.23 (61b08ee2c5002..., userDataDir: C:\Users\Ascend\AppData\Loc...}, goog:chromeOptions: {debuggerAddress: localhost:52294}, javascriptEnabled: true, networkConnectionEnabled: false, pageLoadStrategy: normal, platform: WINDOWS, platformName: WINDOWS, proxy: Proxy(), setWindowRect: true, strictFileInteractability: false, timeouts: {implicit: 0, pageLoad: 300000, script: 30000}, unhandledPromptBehavior: dismiss and notify, webauthn:extension:largeBlob: true, webauthn:virtualAuthenticators: true}
Session ID: 9a5040f6cf4981e79a133257265f15ef
*** Element info: {Using=xpath, value=/html/body/app-root/div/app-layout/mat-sidenav-container/mat-sidenav-content/div[1]/app-dashboard/div/div[2]/div[2]/app-outstanding-amount/mat-card/div[2]/div/div[2]/div[1]/div[2]/span[2]} 
2021-04-12 17:11:06,904 INFO  [Root_Class_TestNG] no such element: Unable to locate element: {"method":"xpath","selector":"/html/body/app-root/div/app-layout/mat-sidenav-container/mat-sidenav-content/div[1]/app-dashboard/div/div[3]/app-aging-trend/mat-card/div[2]/div/table/tr[2]/td[3]/span[2]"}
  (Session info: chrome=89.0.4389.114)
For documentation on this error, please visit: https://www.seleniumhq.org/exceptions/no_such_element.html
Build info: version: '3.141.59', revision: 'e82be7d358', time: '2018-11-14T08:17:03'
System info: host: 'DESKTOP-T1A7R18', ip: '10.20.152.53', os.name: 'Windows 10', os.arch: 'amd64', os.version: '10.0', java.version: '15.0.2'
Driver info: org.openqa.selenium.chrome.ChromeDriver
Capabilities {acceptInsecureCerts: false, browserName: chrome, browserVersion: 89.0.4389.114, chrome: {chromedriverVersion: 89.0.4389.23 (61b08ee2c5002..., userDataDir: C:\Users\Ascend\AppData\Loc...}, goog:chromeOptions: {debuggerAddress: localhost:52294}, javascriptEnabled: true, networkConnectionEnabled: false, pageLoadStrategy: normal, platform: WINDOWS, platformName: WINDOWS, proxy: Proxy(), setWindowRect: true, strictFileInteractability: false, timeouts: {implicit: 0, pageLoad: 300000, script: 30000}, unhandledPromptBehavior: dismiss and notify, webauthn:extension:largeBlob: true, webauthn:virtualAuthenticators: true}
Session ID: 9a5040f6cf4981e79a133257265f15ef
*** Element info: {Using=xpath, value=/html/body/app-root/div/app-layout/mat-sidenav-container/mat-sidenav-content/div[1]/app-dashboard/div/div[3]/app-aging-trend/mat-card/div[2]/div/table/tr[2]/td[3]/span[2]} 
2021-04-12 17:11:07,264 INFO  [Root_Class_TestNG] no such element: Unable to locate element: {"method":"xpath","selector":"/html/body/app-root/div/app-layout/mat-sidenav-container/mat-sidenav-content/div[1]/app-dashboard/div/div[4]/app-payment-trend/mat-card/div[2]/div/div[2]/div[1]/div[2]/span[2]"}
  (Session info: chrome=89.0.4389.114)
For documentation on this error, please visit: https://www.seleniumhq.org/exceptions/no_such_element.html
Build info: version: '3.141.59', revision: 'e82be7d358', time: '2018-11-14T08:17:03'
System info: host: 'DESKTOP-T1A7R18', ip: '10.20.152.53', os.name: 'Windows 10', os.arch: 'amd64', os.version: '10.0', java.version: '15.0.2'
Driver info: org.openqa.selenium.chrome.ChromeDriver
Capabilities {acceptInsecureCerts: false, browserName: chrome, browserVersion: 89.0.4389.114, chrome: {chromedriverVersion: 89.0.4389.23 (61b08ee2c5002..., userDataDir: C:\Users\Ascend\AppData\Loc...}, goog:chromeOptions: {debuggerAddress: localhost:52294}, javascriptEnabled: true, networkConnectionEnabled: false, pageLoadStrategy: normal, platform: WINDOWS, platformName: WINDOWS, proxy: Proxy(), setWindowRect: true, strictFileInteractability: false, timeouts: {implicit: 0, pageLoad: 300000, script: 30000}, unhandledPromptBehavior: dismiss and notify, webauthn:extension:largeBlob: true, webauthn:virtualAuthenticators: true}
Session ID: 9a5040f6cf4981e79a133257265f15ef
*** Element info: {Using=xpath, value=/html/body/app-root/div/app-layout/mat-sidenav-container/mat-sidenav-content/div[1]/app-dashboard/div/div[4]/app-payment-trend/mat-card/div[2]/div/div[2]/div[1]/div[2]/span[2]} 
2021-04-12 17:11:07,265 INFO  [Root_Class_TestNG] Waiting till the Person Icon is display 
2021-04-12 17:11:07,321 INFO  [Root_Class_TestNG] Waiting till the Person Icon is click 
2021-04-12 17:11:07,350 INFO  [Root_Class_TestNG] Clicking on the Person Icon 
2021-04-12 17:11:07,513 INFO  [Root_Class_TestNG] Person Icon has clicked 
2021-04-12 17:11:07,513 INFO  [Root_Class_TestNG] Waiting till the Logout is display 
2021-04-12 17:11:07,653 INFO  [Root_Class_TestNG] Waiting till the Logout is click 
2021-04-12 17:11:07,730 INFO  [Root_Class_TestNG] Clicking on the Logout 
2021-04-12 17:11:08,879 INFO  [Root_Class_TestNG] Logout has clicked 
2021-04-12 17:11:13,896 INFO  [Root_Class_TestNG] Waiting till the 'Login Now' button is display 
2021-04-12 17:11:13,940 INFO  [Root_Class_TestNG] Waiting till the 'Login Now' button is click 
2021-04-12 17:11:13,992 INFO  [Root_Class_TestNG] Clicking on the 'Login now' button 
2021-04-12 17:11:14,552 INFO  [Root_Class_TestNG] Login Now has clicked 
2021-04-12 17:11:14,553 INFO  [Root_Class_TestNG] Waiting till the Username text box is display 
2021-04-12 17:11:14,585 INFO  [Root_Class_TestNG] Entering username 
2021-04-12 17:11:14,645 INFO  [Root_Class_TestNG] Username has entered. 
2021-04-12 17:11:14,645 INFO  [Root_Class_TestNG] Waiting till the 'Password' is display 
2021-04-12 17:11:14,666 INFO  [Root_Class_TestNG] Entering password 
2021-04-12 17:11:14,726 INFO  [Root_Class_TestNG] Password has entered 
2021-04-12 17:11:14,726 INFO  [Root_Class_TestNG] Waiting till the 'Login' button is display 
2021-04-12 17:11:14,754 INFO  [Root_Class_TestNG] Waiting till the 'Login' button is click 
2021-04-12 17:11:14,788 INFO  [Root_Class_TestNG] Clicking on the 'Login' button 
2021-04-12 17:11:15,755 INFO  [Root_Class_TestNG] 'Login' button has clicked 
2021-04-12 17:11:15,755 INFO  [Root_Class_TestNG] Waiting till the 'Setup' menu is display 
2021-04-12 17:11:16,869 INFO  [Root_Class_TestNG] Waiting till the 'Invoice' menu is display 
2021-04-12 17:11:16,947 INFO  [Root_Class_TestNG] Biller has able to view the Biller home Page. 
2021-04-12 17:11:16,947 INFO  [Root_Class_TestNG] Waiting till the Page is loading 
2021-04-12 17:11:27,076 INFO  [Root_Class_TestNG] no such element: Unable to locate element: {"method":"xpath","selector":"/html/body/app-root/div/app-layout/mat-sidenav-container/mat-sidenav-content/div[1]/app-dashboard/div/div[1]/mat-card/form/mat-form-field[2]/div/div[1]/div[1]/input"}
  (Session info: chrome=89.0.4389.114)
For documentation on this error, please visit: https://www.seleniumhq.org/exceptions/no_such_element.html
Build info: version: '3.141.59', revision: 'e82be7d358', time: '2018-11-14T08:17:03'
System info: host: 'DESKTOP-T1A7R18', ip: '10.20.152.53', os.name: 'Windows 10', os.arch: 'amd64', os.version: '10.0', java.version: '15.0.2'
Driver info: org.openqa.selenium.chrome.ChromeDriver
Capabilities {acceptInsecureCerts: false, browserName: chrome, browserVersion: 89.0.4389.114, chrome: {chromedriverVersion: 89.0.4389.23 (61b08ee2c5002..., userDataDir: C:\Users\Ascend\AppData\Loc...}, goog:chromeOptions: {debuggerAddress: localhost:52277}, javascriptEnabled: true, networkConnectionEnabled: false, pageLoadStrategy: normal, platform: WINDOWS, platformName: WINDOWS, proxy: Proxy(), setWindowRect: true, strictFileInteractability: false, timeouts: {implicit: 0, pageLoad: 300000, script: 30000}, unhandledPromptBehavior: dismiss and notify, webauthn:extension:largeBlob: true, webauthn:virtualAuthenticators: true}
Session ID: 9ac5f073b97e9f28e80564255606b43f
*** Element info: {Using=xpath, value=/html/body/app-root/div/app-layout/mat-sidenav-container/mat-sidenav-content/div[1]/app-dashboard/div/div[1]/mat-card/form/mat-form-field[2]/div/div[1]/div[1]/input} 
2021-04-12 17:11:27,397 INFO  [Root_Class_TestNG] no such element: Unable to locate element: {"method":"xpath","selector":"/html/body/app-root/div/app-layout/mat-sidenav-container/mat-sidenav-content/div[1]/app-dashboard/div/div[2]/div[1]/app-invoice-count/mat-card/div[2]/div/div[2]/div[1]/div[2]/span"}
  (Session info: chrome=89.0.4389.114)
For documentation on this error, please visit: https://www.seleniumhq.org/exceptions/no_such_element.html
Build info: version: '3.141.59', revision: 'e82be7d358', time: '2018-11-14T08:17:03'
System info: host: 'DESKTOP-T1A7R18', ip: '10.20.152.53', os.name: 'Windows 10', os.arch: 'amd64', os.version: '10.0', java.version: '15.0.2'
Driver info: org.openqa.selenium.chrome.ChromeDriver
Capabilities {acceptInsecureCerts: false, browserName: chrome, browserVersion: 89.0.4389.114, chrome: {chromedriverVersion: 89.0.4389.23 (61b08ee2c5002..., userDataDir: C:\Users\Ascend\AppData\Loc...}, goog:chromeOptions: {debuggerAddress: localhost:52277}, javascriptEnabled: true, networkConnectionEnabled: false, pageLoadStrategy: normal, platform: WINDOWS, platformName: WINDOWS, proxy: Proxy(), setWindowRect: true, strictFileInteractability: false, timeouts: {implicit: 0, pageLoad: 300000, script: 30000}, unhandledPromptBehavior: dismiss and notify, webauthn:extension:largeBlob: true, webauthn:virtualAuthenticators: true}
Session ID: 9ac5f073b97e9f28e80564255606b43f
*** Element info: {Using=xpath, value=/html/body/app-root/div/app-layout/mat-sidenav-container/mat-sidenav-content/div[1]/app-dashboard/div/div[2]/div[1]/app-invoice-count/mat-card/div[2]/div/div[2]/div[1]/div[2]/span} 
2021-04-12 17:11:27,683 INFO  [Root_Class_TestNG] no such element: Unable to locate element: {"method":"xpath","selector":"/html/body/app-root/div/app-layout/mat-sidenav-container/mat-sidenav-content/div[1]/app-dashboard/div/div[2]/div[2]/app-outstanding-amount/mat-card/div[2]/div/div[2]/div[1]/div[2]/span[2]"}
  (Session info: chrome=89.0.4389.114)
For documentation on this error, please visit: https://www.seleniumhq.org/exceptions/no_such_element.html
Build info: version: '3.141.59', revision: 'e82be7d358', time: '2018-11-14T08:17:03'
System info: host: 'DESKTOP-T1A7R18', ip: '10.20.152.53', os.name: 'Windows 10', os.arch: 'amd64', os.version: '10.0', java.version: '15.0.2'
Driver info: org.openqa.selenium.chrome.ChromeDriver
Capabilities {acceptInsecureCerts: false, browserName: chrome, browserVersion: 89.0.4389.114, chrome: {chromedriverVersion: 89.0.4389.23 (61b08ee2c5002..., userDataDir: C:\Users\Ascend\AppData\Loc...}, goog:chromeOptions: {debuggerAddress: localhost:52277}, javascriptEnabled: true, networkConnectionEnabled: false, pageLoadStrategy: normal, platform: WINDOWS, platformName: WINDOWS, proxy: Proxy(), setWindowRect: true, strictFileInteractability: false, timeouts: {implicit: 0, pageLoad: 300000, script: 30000}, unhandledPromptBehavior: dismiss and notify, webauthn:extension:largeBlob: true, webauthn:virtualAuthenticators: true}
Session ID: 9ac5f073b97e9f28e80564255606b43f
*** Element info: {Using=xpath, value=/html/body/app-root/div/app-layout/mat-sidenav-container/mat-sidenav-content/div[1]/app-dashboard/div/div[2]/div[2]/app-outstanding-amount/mat-card/div[2]/div/div[2]/div[1]/div[2]/span[2]} 
2021-04-12 17:11:27,964 INFO  [Root_Class_TestNG] no such element: Unable to locate element: {"method":"xpath","selector":"/html/body/app-root/div/app-layout/mat-sidenav-container/mat-sidenav-content/div[1]/app-dashboard/div/div[3]/app-aging-trend/mat-card/div[2]/div/table/tr[2]/td[3]/span[2]"}
  (Session info: chrome=89.0.4389.114)
For documentation on this error, please visit: https://www.seleniumhq.org/exceptions/no_such_element.html
Build info: version: '3.141.59', revision: 'e82be7d358', time: '2018-11-14T08:17:03'
System info: host: 'DESKTOP-T1A7R18', ip: '10.20.152.53', os.name: 'Windows 10', os.arch: 'amd64', os.version: '10.0', java.version: '15.0.2'
Driver info: org.openqa.selenium.chrome.ChromeDriver
Capabilities {acceptInsecureCerts: false, browserName: chrome, browserVersion: 89.0.4389.114, chrome: {chromedriverVersion: 89.0.4389.23 (61b08ee2c5002..., userDataDir: C:\Users\Ascend\AppData\Loc...}, goog:chromeOptions: {debuggerAddress: localhost:52277}, javascriptEnabled: true, networkConnectionEnabled: false, pageLoadStrategy: normal, platform: WINDOWS, platformName: WINDOWS, proxy: Proxy(), setWindowRect: true, strictFileInteractability: false, timeouts: {implicit: 0, pageLoad: 300000, script: 30000}, unhandledPromptBehavior: dismiss and notify, webauthn:extension:largeBlob: true, webauthn:virtualAuthenticators: true}
Session ID: 9ac5f073b97e9f28e80564255606b43f
*** Element info: {Using=xpath, value=/html/body/app-root/div/app-layout/mat-sidenav-container/mat-sidenav-content/div[1]/app-dashboard/div/div[3]/app-aging-trend/mat-card/div[2]/div/table/tr[2]/td[3]/span[2]} 
2021-04-12 17:11:28,081 INFO  [Root_Class_TestNG] Quiting the browser 
2021-04-12 17:11:28,716 INFO  [Root_Class_TestNG] Browser has closed 
2021-04-12 18:22:40,608 INFO  [Root_Class_TestNG] Opening Chrome browser 
2021-04-12 18:22:42,095 INFO  [Root_Class_TestNG] Opening Chrome browser 
2021-04-12 18:22:43,668 INFO  [Root_Class_TestNG] Chrome browser has launched 
2021-04-12 18:22:43,668 INFO  [Root_Class_TestNG] Navigating to Billers portal 
2021-04-12 18:22:44,415 INFO  [Root_Class_TestNG] Chrome browser has launched 
2021-04-12 18:22:44,415 INFO  [Root_Class_TestNG] Navigating to Billers portal 
2021-04-12 18:22:48,613 INFO  [Root_Class_TestNG] Billers portal has launched 
2021-04-12 18:22:48,614 INFO  [Root_Class_TestNG] Waiting till the Page is load 
2021-04-12 18:22:48,625 INFO  [Root_Class_TestNG] Browser has waited till the page is load 
2021-04-12 18:22:48,626 INFO  [Root_Class_TestNG] Maximizing window 
2021-04-12 18:22:48,629 INFO  [Root_Class_TestNG] Billers portal has launched 
2021-04-12 18:22:48,629 INFO  [Root_Class_TestNG] Waiting till the Page is load 
2021-04-12 18:22:48,636 INFO  [Root_Class_TestNG] Browser has waited till the page is load 
2021-04-12 18:22:48,636 INFO  [Root_Class_TestNG] Maximizing window 
2021-04-12 18:22:48,762 INFO  [Root_Class_TestNG] Window has maximized 
2021-04-12 18:22:48,779 INFO  [Root_Class_TestNG] Window has maximized 
2021-04-12 18:22:48,850 INFO  [Root_Class_TestNG] Waiting till the 'Login Now' button is display 
2021-04-12 18:22:48,865 INFO  [Root_Class_TestNG] Waiting till the 'Login Now' button is display 
2021-04-12 18:22:48,918 INFO  [Root_Class_TestNG] Waiting till the 'Login Now' button is click 
2021-04-12 18:22:48,929 INFO  [Root_Class_TestNG] Waiting till the 'Login Now' button is click 
2021-04-12 18:22:48,992 INFO  [Root_Class_TestNG] Clicking on the 'Login now' button 
2021-04-12 18:22:48,992 INFO  [Root_Class_TestNG] Clicking on the 'Login now' button 
2021-04-12 18:22:51,626 INFO  [Root_Class_TestNG] Login Now has clicked 
2021-04-12 18:22:51,628 INFO  [Root_Class_TestNG] Waiting till the Username text box is display 
2021-04-12 18:22:51,667 INFO  [Root_Class_TestNG] Entering username 
2021-04-12 18:22:51,747 INFO  [Root_Class_TestNG] Username has entered. 
2021-04-12 18:22:51,747 INFO  [Root_Class_TestNG] Waiting till the 'Password' is display 
2021-04-12 18:22:51,776 INFO  [Root_Class_TestNG] Entering password 
2021-04-12 18:22:51,834 INFO  [Root_Class_TestNG] Password has entered 
2021-04-12 18:22:51,834 INFO  [Root_Class_TestNG] Waiting till the 'Login' button is display 
2021-04-12 18:22:51,860 INFO  [Root_Class_TestNG] Waiting till the 'Login' button is click 
2021-04-12 18:22:51,867 INFO  [Root_Class_TestNG] Login Now has clicked 
2021-04-12 18:22:51,869 INFO  [Root_Class_TestNG] Waiting till the Username text box is display 
2021-04-12 18:22:51,904 INFO  [Root_Class_TestNG] Clicking on the 'Login' button 
2021-04-12 18:22:51,907 INFO  [Root_Class_TestNG] Entering username 
2021-04-12 18:22:51,959 INFO  [Root_Class_TestNG] Username has entered. 
2021-04-12 18:22:51,959 INFO  [Root_Class_TestNG] Waiting till the 'Password' is display 
2021-04-12 18:22:51,984 INFO  [Root_Class_TestNG] Entering password 
2021-04-12 18:22:52,044 INFO  [Root_Class_TestNG] Password has entered 
2021-04-12 18:22:52,044 INFO  [Root_Class_TestNG] Waiting till the 'Login' button is display 
2021-04-12 18:22:52,072 INFO  [Root_Class_TestNG] Waiting till the 'Login' button is click 
2021-04-12 18:22:52,110 INFO  [Root_Class_TestNG] Clicking on the 'Login' button 
2021-04-12 18:22:53,118 INFO  [Root_Class_TestNG] 'Login' button has clicked 
2021-04-12 18:22:53,119 INFO  [Root_Class_TestNG] Waiting till the 'Setup' menu is display 
2021-04-12 18:22:53,400 INFO  [Root_Class_TestNG] 'Login' button has clicked 
2021-04-12 18:22:53,400 INFO  [Root_Class_TestNG] Waiting till the 'Setup' menu is display 
2021-04-12 18:22:54,810 INFO  [Root_Class_TestNG] Waiting till the 'Invoice' menu is display 
2021-04-12 18:22:54,894 INFO  [Root_Class_TestNG] Biller has able to view the Biller home Page. 
2021-04-12 18:22:54,894 INFO  [Root_Class_TestNG] Waiting till the Page is loading 
2021-04-12 18:22:55,040 INFO  [Root_Class_TestNG] Waiting till the 'Invoice' menu is display 
2021-04-12 18:22:55,103 INFO  [Root_Class_TestNG] Biller has able to view the Biller home Page. 
2021-04-12 18:22:55,103 INFO  [Root_Class_TestNG] Waiting till the Page is loading 
2021-04-12 18:23:30,863 INFO  [Root_Class_TestNG] Waiting till the Person Icon is display 
2021-04-12 18:23:30,923 INFO  [Root_Class_TestNG] Waiting till the Person Icon is display 
2021-04-12 18:23:31,019 INFO  [Root_Class_TestNG] Waiting till the Person Icon is click 
2021-04-12 18:23:31,036 INFO  [Root_Class_TestNG] Waiting till the Person Icon is click 
2021-04-12 18:23:31,051 INFO  [Root_Class_TestNG] Clicking on the Person Icon 
2021-04-12 18:23:31,076 INFO  [Root_Class_TestNG] Clicking on the Person Icon 
2021-04-12 18:23:31,257 INFO  [Root_Class_TestNG] Person Icon has clicked 
2021-04-12 18:23:31,257 INFO  [Root_Class_TestNG] Waiting till the Logout is display 
2021-04-12 18:23:31,269 INFO  [Root_Class_TestNG] Person Icon has clicked 
2021-04-12 18:23:31,269 INFO  [Root_Class_TestNG] Waiting till the Logout is display 
2021-04-12 18:23:31,445 INFO  [Root_Class_TestNG] Waiting till the Logout is click 
2021-04-12 18:23:31,543 INFO  [Root_Class_TestNG] Clicking on the Logout 
2021-04-12 18:23:31,951 INFO  [Root_Class_TestNG] Waiting till the Logout is click 
2021-04-12 18:23:32,026 INFO  [Root_Class_TestNG] Clicking on the Logout 
2021-04-12 18:23:32,293 INFO  [Root_Class_TestNG] Logout has clicked 
2021-04-12 18:23:32,768 INFO  [Root_Class_TestNG] Logout has clicked 
2021-04-12 18:23:37,313 INFO  [Root_Class_TestNG] Waiting till the 'Login Now' button is display 
2021-04-12 18:23:37,396 INFO  [Root_Class_TestNG] Waiting till the 'Login Now' button is click 
2021-04-12 18:23:37,456 INFO  [Root_Class_TestNG] Clicking on the 'Login now' button 
2021-04-12 18:23:37,782 INFO  [Root_Class_TestNG] Waiting till the 'Login Now' button is display 
2021-04-12 18:23:37,810 INFO  [Root_Class_TestNG] Waiting till the 'Login Now' button is click 
2021-04-12 18:23:37,858 INFO  [Root_Class_TestNG] Clicking on the 'Login now' button 
2021-04-12 18:23:38,470 INFO  [Root_Class_TestNG] Login Now has clicked 
2021-04-12 18:23:38,470 INFO  [Root_Class_TestNG] Waiting till the Username text box is display 
2021-04-12 18:23:38,497 INFO  [Root_Class_TestNG] Entering username 
2021-04-12 18:23:38,548 INFO  [Root_Class_TestNG] Username has entered. 
2021-04-12 18:23:38,548 INFO  [Root_Class_TestNG] Waiting till the 'Password' is display 
2021-04-12 18:23:38,571 INFO  [Root_Class_TestNG] Entering password 
2021-04-12 18:23:38,633 INFO  [Root_Class_TestNG] Password has entered 
2021-04-12 18:23:38,634 INFO  [Root_Class_TestNG] Waiting till the 'Login' button is display 
2021-04-12 18:23:38,659 INFO  [Root_Class_TestNG] Waiting till the 'Login' button is click 
2021-04-12 18:23:38,687 INFO  [Root_Class_TestNG] Login Now has clicked 
2021-04-12 18:23:38,688 INFO  [Root_Class_TestNG] Waiting till the Username text box is display 
2021-04-12 18:23:38,698 INFO  [Root_Class_TestNG] Clicking on the 'Login' button 
2021-04-12 18:23:38,717 INFO  [Root_Class_TestNG] Entering username 
2021-04-12 18:23:38,773 INFO  [Root_Class_TestNG] Username has entered. 
2021-04-12 18:23:38,773 INFO  [Root_Class_TestNG] Waiting till the 'Password' is display 
2021-04-12 18:23:38,795 INFO  [Root_Class_TestNG] Entering password 
2021-04-12 18:23:38,851 INFO  [Root_Class_TestNG] Password has entered 
2021-04-12 18:23:38,851 INFO  [Root_Class_TestNG] Waiting till the 'Login' button is display 
2021-04-12 18:23:38,875 INFO  [Root_Class_TestNG] Waiting till the 'Login' button is click 
2021-04-12 18:23:38,907 INFO  [Root_Class_TestNG] Clicking on the 'Login' button 
2021-04-12 18:23:39,522 INFO  [Root_Class_TestNG] 'Login' button has clicked 
2021-04-12 18:23:39,522 INFO  [Root_Class_TestNG] Waiting till the 'Setup' menu is display 
2021-04-12 18:23:39,635 INFO  [Root_Class_TestNG] 'Login' button has clicked 
2021-04-12 18:23:39,636 INFO  [Root_Class_TestNG] Waiting till the 'Setup' menu is display 
2021-04-12 18:23:41,219 INFO  [Root_Class_TestNG] Waiting till the 'Invoice' menu is display 
2021-04-12 18:23:41,295 INFO  [Root_Class_TestNG] Biller has able to view the Biller home Page. 
2021-04-12 18:23:41,295 INFO  [Root_Class_TestNG] Waiting till the Page is loading 
2021-04-12 18:23:41,804 INFO  [Root_Class_TestNG] Waiting till the 'Invoice' menu is display 
2021-04-12 18:23:41,895 INFO  [Root_Class_TestNG] Biller has able to view the Biller home Page. 
2021-04-12 18:23:41,895 INFO  [Root_Class_TestNG] Waiting till the Page is loading 
2021-04-12 18:24:20,647 INFO  [Root_Class_TestNG] Waiting till the Person Icon is display 
2021-04-12 18:24:20,691 INFO  [Root_Class_TestNG] Waiting till the Person Icon is display 
2021-04-12 18:24:20,772 INFO  [Root_Class_TestNG] Waiting till the Person Icon is click 
2021-04-12 18:24:20,793 INFO  [Root_Class_TestNG] Waiting till the Person Icon is click 
2021-04-12 18:24:20,806 INFO  [Root_Class_TestNG] Clicking on the Person Icon 
2021-04-12 18:24:20,827 INFO  [Root_Class_TestNG] Clicking on the Person Icon 
2021-04-12 18:24:20,972 INFO  [Root_Class_TestNG] Person Icon has clicked 
2021-04-12 18:24:20,972 INFO  [Root_Class_TestNG] Waiting till the Logout is display 
2021-04-12 18:24:21,008 INFO  [Root_Class_TestNG] Person Icon has clicked 
2021-04-12 18:24:21,008 INFO  [Root_Class_TestNG] Waiting till the Logout is display 
2021-04-12 18:24:21,192 INFO  [Root_Class_TestNG] Waiting till the Logout is click 
2021-04-12 18:24:21,282 INFO  [Root_Class_TestNG] Clicking on the Logout 
2021-04-12 18:24:21,635 INFO  [Root_Class_TestNG] Waiting till the Logout is click 
2021-04-12 18:24:21,707 INFO  [Root_Class_TestNG] Clicking on the Logout 
2021-04-12 18:24:22,773 INFO  [Root_Class_TestNG] Logout has clicked 
2021-04-12 18:24:22,951 INFO  [Root_Class_TestNG] Logout has clicked 
2021-04-12 18:24:27,793 INFO  [Root_Class_TestNG] Waiting till the 'Login Now' button is display 
2021-04-12 18:24:27,855 INFO  [Root_Class_TestNG] Waiting till the 'Login Now' button is click 
2021-04-12 18:24:27,918 INFO  [Root_Class_TestNG] Clicking on the 'Login now' button 
2021-04-12 18:24:27,960 INFO  [Root_Class_TestNG] Waiting till the 'Login Now' button is display 
2021-04-12 18:24:27,989 INFO  [Root_Class_TestNG] Waiting till the 'Login Now' button is click 
2021-04-12 18:24:28,036 INFO  [Root_Class_TestNG] Clicking on the 'Login now' button 
2021-04-12 18:24:28,695 INFO  [Root_Class_TestNG] Login Now has clicked 
2021-04-12 18:24:28,695 INFO  [Root_Class_TestNG] Waiting till the Username text box is display 
2021-04-12 18:24:28,722 INFO  [Root_Class_TestNG] Entering username 
2021-04-12 18:24:28,752 INFO  [Root_Class_TestNG] Login Now has clicked 
2021-04-12 18:24:28,752 INFO  [Root_Class_TestNG] Waiting till the Username text box is display 
2021-04-12 18:24:28,778 INFO  [Root_Class_TestNG] Entering username 
2021-04-12 18:24:28,782 INFO  [Root_Class_TestNG] Username has entered. 
2021-04-12 18:24:28,782 INFO  [Root_Class_TestNG] Waiting till the 'Password' is display 
2021-04-12 18:24:28,802 INFO  [Root_Class_TestNG] Entering password 
2021-04-12 18:24:28,827 INFO  [Root_Class_TestNG] Username has entered. 
2021-04-12 18:24:28,827 INFO  [Root_Class_TestNG] Waiting till the 'Password' is display 
2021-04-12 18:24:28,850 INFO  [Root_Class_TestNG] Entering password 
2021-04-12 18:24:28,857 INFO  [Root_Class_TestNG] Password has entered 
2021-04-12 18:24:28,857 INFO  [Root_Class_TestNG] Waiting till the 'Login' button is display 
2021-04-12 18:24:28,877 INFO  [Root_Class_TestNG] Waiting till the 'Login' button is click 
2021-04-12 18:24:28,904 INFO  [Root_Class_TestNG] Password has entered 
2021-04-12 18:24:28,904 INFO  [Root_Class_TestNG] Waiting till the 'Login' button is display 
2021-04-12 18:24:28,906 INFO  [Root_Class_TestNG] Clicking on the 'Login' button 
2021-04-12 18:24:28,924 INFO  [Root_Class_TestNG] Waiting till the 'Login' button is click 
2021-04-12 18:24:28,952 INFO  [Root_Class_TestNG] Clicking on the 'Login' button 
2021-04-12 18:24:29,487 INFO  [Root_Class_TestNG] 'Login' button has clicked 
2021-04-12 18:24:29,487 INFO  [Root_Class_TestNG] Waiting till the 'Setup' menu is display 
2021-04-12 18:24:29,595 INFO  [Root_Class_TestNG] 'Login' button has clicked 
2021-04-12 18:24:29,595 INFO  [Root_Class_TestNG] Waiting till the 'Setup' menu is display 
2021-04-12 18:24:30,727 INFO  [Root_Class_TestNG] Waiting till the 'Invoice' menu is display 
2021-04-12 18:24:30,769 INFO  [Root_Class_TestNG] Waiting till the 'Invoice' menu is display 
2021-04-12 18:24:30,793 INFO  [Root_Class_TestNG] Biller has able to view the Biller home Page. 
2021-04-12 18:24:30,793 INFO  [Root_Class_TestNG] Waiting till the Page is loading 
2021-04-12 18:24:30,822 INFO  [Root_Class_TestNG] Biller has able to view the Biller home Page. 
2021-04-12 18:24:30,823 INFO  [Root_Class_TestNG] Waiting till the Page is loading 
2021-04-12 18:25:18,279 INFO  [Root_Class_TestNG] Waiting till the Person Icon is display 
2021-04-12 18:25:18,294 INFO  [Root_Class_TestNG] Waiting till the Person Icon is display 
2021-04-12 18:25:18,413 INFO  [Root_Class_TestNG] Waiting till the Person Icon is click 
2021-04-12 18:25:18,425 INFO  [Root_Class_TestNG] Waiting till the Person Icon is click 
2021-04-12 18:25:18,455 INFO  [Root_Class_TestNG] Clicking on the Person Icon 
2021-04-12 18:25:18,463 INFO  [Root_Class_TestNG] Clicking on the Person Icon 
2021-04-12 18:25:18,637 INFO  [Root_Class_TestNG] Person Icon has clicked 
2021-04-12 18:25:18,637 INFO  [Root_Class_TestNG] Waiting till the Logout is display 
2021-04-12 18:25:18,640 INFO  [Root_Class_TestNG] Person Icon has clicked 
2021-04-12 18:25:18,642 INFO  [Root_Class_TestNG] Waiting till the Logout is display 
2021-04-12 18:25:19,345 INFO  [Root_Class_TestNG] Waiting till the Logout is click 
2021-04-12 18:25:19,352 INFO  [Root_Class_TestNG] Waiting till the Logout is click 
2021-04-12 18:25:19,423 INFO  [Root_Class_TestNG] Clicking on the Logout 
2021-04-12 18:25:19,430 INFO  [Root_Class_TestNG] Clicking on the Logout 
2021-04-12 18:25:20,208 INFO  [Root_Class_TestNG] Logout has clicked 
2021-04-12 18:25:20,336 INFO  [Root_Class_TestNG] Logout has clicked 
2021-04-12 18:25:25,222 INFO  [Root_Class_TestNG] Waiting till the 'Login Now' button is display 
2021-04-12 18:25:25,300 INFO  [Root_Class_TestNG] Waiting till the 'Login Now' button is click 
2021-04-12 18:25:25,346 INFO  [Root_Class_TestNG] Clicking on the 'Login now' button 
2021-04-12 18:25:25,354 INFO  [Root_Class_TestNG] Waiting till the 'Login Now' button is display 
2021-04-12 18:25:25,377 INFO  [Root_Class_TestNG] Waiting till the 'Login Now' button is click 
2021-04-12 18:25:25,431 INFO  [Root_Class_TestNG] Clicking on the 'Login now' button 
2021-04-12 18:25:25,776 INFO  [Root_Class_TestNG] Login Now has clicked 
2021-04-12 18:25:25,776 INFO  [Root_Class_TestNG] Waiting till the Username text box is display 
2021-04-12 18:25:25,807 INFO  [Root_Class_TestNG] Entering username 
2021-04-12 18:25:25,863 INFO  [Root_Class_TestNG] Username has entered. 
2021-04-12 18:25:25,863 INFO  [Root_Class_TestNG] Waiting till the 'Password' is display 
2021-04-12 18:25:25,882 INFO  [Root_Class_TestNG] Entering password 
2021-04-12 18:25:25,939 INFO  [Root_Class_TestNG] Password has entered 
2021-04-12 18:25:25,939 INFO  [Root_Class_TestNG] Waiting till the 'Login' button is display 
2021-04-12 18:25:25,959 INFO  [Root_Class_TestNG] Waiting till the 'Login' button is click 
2021-04-12 18:25:25,986 INFO  [Root_Class_TestNG] Clicking on the 'Login' button 
2021-04-12 18:25:26,156 INFO  [Root_Class_TestNG] Login Now has clicked 
2021-04-12 18:25:26,157 INFO  [Root_Class_TestNG] Waiting till the Username text box is display 
2021-04-12 18:25:26,192 INFO  [Root_Class_TestNG] Entering username 
2021-04-12 18:25:26,248 INFO  [Root_Class_TestNG] Username has entered. 
2021-04-12 18:25:26,248 INFO  [Root_Class_TestNG] Waiting till the 'Password' is display 
2021-04-12 18:25:26,269 INFO  [Root_Class_TestNG] Entering password 
2021-04-12 18:25:26,322 INFO  [Root_Class_TestNG] Password has entered 
2021-04-12 18:25:26,322 INFO  [Root_Class_TestNG] Waiting till the 'Login' button is display 
2021-04-12 18:25:26,344 INFO  [Root_Class_TestNG] Waiting till the 'Login' button is click 
2021-04-12 18:25:26,373 INFO  [Root_Class_TestNG] Clicking on the 'Login' button 
2021-04-12 18:25:26,547 INFO  [Root_Class_TestNG] 'Login' button has clicked 
2021-04-12 18:25:26,547 INFO  [Root_Class_TestNG] Waiting till the 'Setup' menu is display 
2021-04-12 18:25:26,931 INFO  [Root_Class_TestNG] 'Login' button has clicked 
2021-04-12 18:25:26,931 INFO  [Root_Class_TestNG] Waiting till the 'Setup' menu is display 
2021-04-12 18:25:27,734 INFO  [Root_Class_TestNG] Waiting till the 'Invoice' menu is display 
2021-04-12 18:25:27,792 INFO  [Root_Class_TestNG] Biller has able to view the Biller home Page. 
2021-04-12 18:25:27,792 INFO  [Root_Class_TestNG] Waiting till the Page is loading 
2021-04-12 18:25:28,627 INFO  [Root_Class_TestNG] Waiting till the 'Invoice' menu is display 
2021-04-12 18:25:28,687 INFO  [Root_Class_TestNG] Biller has able to view the Biller home Page. 
2021-04-12 18:25:28,687 INFO  [Root_Class_TestNG] Waiting till the Page is loading 
2021-04-12 18:26:11,585 INFO  [Root_Class_TestNG] Waiting till the Person Icon is display 
2021-04-12 18:26:11,652 INFO  [Root_Class_TestNG] Waiting till the Person Icon is click 
2021-04-12 18:26:11,689 INFO  [Root_Class_TestNG] Clicking on the Person Icon 
2021-04-12 18:26:11,833 INFO  [Root_Class_TestNG] Person Icon has clicked 
2021-04-12 18:26:11,833 INFO  [Root_Class_TestNG] Waiting till the Logout is display 
2021-04-12 18:26:12,615 INFO  [Root_Class_TestNG] Waiting till the Person Icon is display 
2021-04-12 18:26:12,689 INFO  [Root_Class_TestNG] Waiting till the Person Icon is click 
2021-04-12 18:26:12,729 INFO  [Root_Class_TestNG] Clicking on the Person Icon 
2021-04-12 18:26:12,881 INFO  [Root_Class_TestNG] Person Icon has clicked 
2021-04-12 18:26:12,881 INFO  [Root_Class_TestNG] Waiting till the Logout is display 
2021-04-12 18:26:59,765 INFO  [Root_Class_TestNG] Person icon has not clicked.  But it displayed the Exception as Expected condition failed: waiting for visibility of Proxy element for: DefaultElementLocator 'By.linkText: Log Out' (tried for 30 second(s) with 500 milliseconds interval) 
2021-04-12 18:26:59,767 INFO  [Root_Class_TestNG] Waiting till the 'Login Now' button is display 
2021-04-13 09:59:36,200 INFO  [Root_Class_TestNG] Opening Chrome browser 
2021-04-13 09:59:39,039 INFO  [Root_Class_TestNG] Chrome browser has launched 
2021-04-13 09:59:39,039 INFO  [Root_Class_TestNG] Navigating to Billers portal 
2021-04-13 09:59:43,453 INFO  [Root_Class_TestNG] Billers portal has launched 
2021-04-13 09:59:43,453 INFO  [Root_Class_TestNG] Waiting till the Page is load 
2021-04-13 09:59:43,460 INFO  [Root_Class_TestNG] Browser has waited till the page is load 
2021-04-13 09:59:43,460 INFO  [Root_Class_TestNG] Maximizing window 
2021-04-13 09:59:43,596 INFO  [Root_Class_TestNG] Window has maximized 
2021-04-13 09:59:43,657 INFO  [Root_Class_TestNG] Waiting till the 'Login Now' button is display 
2021-04-13 09:59:43,726 INFO  [Root_Class_TestNG] Waiting till the 'Login Now' button is click 
2021-04-13 09:59:43,801 INFO  [Root_Class_TestNG] Clicking on the 'Login now' button 
2021-04-13 09:59:46,571 INFO  [Root_Class_TestNG] Login Now has clicked 
2021-04-13 09:59:46,573 INFO  [Root_Class_TestNG] Waiting till the Username text box is display 
2021-04-13 09:59:46,657 INFO  [Root_Class_TestNG] Entering username 
2021-04-13 09:59:46,838 INFO  [Root_Class_TestNG] Username has entered. 
2021-04-13 09:59:46,838 INFO  [Root_Class_TestNG] Waiting till the 'Password' is display 
2021-04-13 09:59:46,879 INFO  [Root_Class_TestNG] Entering password 
2021-04-13 09:59:47,030 INFO  [Root_Class_TestNG] Password has entered 
2021-04-13 09:59:47,030 INFO  [Root_Class_TestNG] Waiting till the 'Login' button is display 
2021-04-13 09:59:47,092 INFO  [Root_Class_TestNG] Waiting till the 'Login' button is click 
2021-04-13 09:59:47,173 INFO  [Root_Class_TestNG] Clicking on the 'Login' button 
2021-04-13 09:59:48,071 INFO  [Root_Class_TestNG] 'Login' button has clicked 
2021-04-13 09:59:48,071 INFO  [Root_Class_TestNG] Waiting till the 'Setup' menu is display 
2021-04-13 09:59:49,732 INFO  [Root_Class_TestNG] Waiting till the 'Invoice' menu is display 
2021-04-13 09:59:49,853 INFO  [Root_Class_TestNG] Biller has able to view the Biller home Page. 
2021-04-13 09:59:49,853 INFO  [Root_Class_TestNG] Waiting till the Page is loading 
2021-04-13 10:00:30,017 INFO  [Root_Class_TestNG] Waiting till the Person Icon is display 
2021-04-13 10:00:30,167 INFO  [Root_Class_TestNG] Waiting till the Person Icon is click 
2021-04-13 10:00:30,234 INFO  [Root_Class_TestNG] Clicking on the Person Icon 
2021-04-13 10:00:30,466 INFO  [Root_Class_TestNG] Person Icon has clicked 
2021-04-13 10:00:30,467 INFO  [Root_Class_TestNG] Waiting till the Logout is display 
2021-04-13 10:00:31,348 INFO  [Root_Class_TestNG] Waiting till the Logout is click 
2021-04-13 10:00:31,516 INFO  [Root_Class_TestNG] Clicking on the Logout 
2021-04-13 10:00:32,430 INFO  [Root_Class_TestNG] Logout has clicked 
2021-04-13 10:00:37,450 INFO  [Root_Class_TestNG] Waiting till the 'Login Now' button is display 
2021-04-13 10:00:37,516 INFO  [Root_Class_TestNG] Waiting till the 'Login Now' button is click 
2021-04-13 10:00:37,617 INFO  [Root_Class_TestNG] Clicking on the 'Login now' button 
2021-04-13 10:00:38,168 INFO  [Root_Class_TestNG] Login Now has clicked 
2021-04-13 10:00:38,169 INFO  [Root_Class_TestNG] Waiting till the Username text box is display 
2021-04-13 10:00:38,204 INFO  [Root_Class_TestNG] Entering username 
2021-04-13 10:00:38,256 INFO  [Root_Class_TestNG] Username has entered. 
2021-04-13 10:00:38,256 INFO  [Root_Class_TestNG] Waiting till the 'Password' is display 
2021-04-13 10:00:38,289 INFO  [Root_Class_TestNG] Entering password 
2021-04-13 10:00:38,410 INFO  [Root_Class_TestNG] Password has entered 
2021-04-13 10:00:38,410 INFO  [Root_Class_TestNG] Waiting till the 'Login' button is display 
2021-04-13 10:00:38,436 INFO  [Root_Class_TestNG] Waiting till the 'Login' button is click 
2021-04-13 10:00:38,507 INFO  [Root_Class_TestNG] Clicking on the 'Login' button 
2021-04-13 10:00:39,648 INFO  [Root_Class_TestNG] 'Login' button has clicked 
2021-04-13 10:00:39,648 INFO  [Root_Class_TestNG] Waiting till the 'Setup' menu is display 
2021-04-13 10:00:41,068 INFO  [Root_Class_TestNG] Waiting till the 'Invoice' menu is display 
2021-04-13 10:00:41,192 INFO  [Root_Class_TestNG] Biller has able to view the Biller home Page. 
2021-04-13 10:00:41,192 INFO  [Root_Class_TestNG] Waiting till the Page is loading 
2021-04-13 10:01:15,891 INFO  [Root_Class_TestNG] element click intercepted: Element <mat-icon role="img" class="mat-icon notranslate material-icons mat-icon-no-color" aria-hidden="true" data-mat-icon-type="font">...</mat-icon> is not clickable at point (1243, 421). Other element would receive the click: <div class="cdk-overlay-backdrop mat-overlay-transparent-backdrop mat-datepicker-1-backdrop cdk-overlay-backdrop-showing"></div>
  (Session info: chrome=89.0.4389.114)
Build info: version: '3.141.59', revision: 'e82be7d358', time: '2018-11-14T08:17:03'
System info: host: 'DESKTOP-T1A7R18', ip: '10.20.152.53', os.name: 'Windows 10', os.arch: 'amd64', os.version: '10.0', java.version: '15.0.2'
Driver info: org.openqa.selenium.chrome.ChromeDriver
Capabilities {acceptInsecureCerts: false, browserName: chrome, browserVersion: 89.0.4389.114, chrome: {chromedriverVersion: 89.0.4389.23 (61b08ee2c5002..., userDataDir: C:\Users\Ascend\AppData\Loc...}, goog:chromeOptions: {debuggerAddress: localhost:55794}, javascriptEnabled: true, networkConnectionEnabled: false, pageLoadStrategy: normal, platform: WINDOWS, platformName: WINDOWS, proxy: Proxy(), setWindowRect: true, strictFileInteractability: false, timeouts: {implicit: 0, pageLoad: 300000, script: 30000}, unhandledPromptBehavior: dismiss and notify, webauthn:extension:largeBlob: true, webauthn:virtualAuthenticators: true}
Session ID: d8078f9daad023b73fb26be0bde02ab6 
2021-04-13 10:01:22,196 INFO  [Root_Class_TestNG] Waiting till the Person Icon is display 
2021-04-13 10:01:22,344 INFO  [Root_Class_TestNG] Waiting till the Person Icon is click 
2021-04-13 10:01:22,405 INFO  [Root_Class_TestNG] Clicking on the Person Icon 
2021-04-13 10:01:22,625 INFO  [Root_Class_TestNG] Person Icon has clicked 
2021-04-13 10:01:22,625 INFO  [Root_Class_TestNG] Waiting till the Logout is display 
2021-04-13 10:01:22,811 INFO  [Root_Class_TestNG] Waiting till the Logout is click 
2021-04-13 10:01:22,940 INFO  [Root_Class_TestNG] Clicking on the Logout 
2021-04-13 10:01:23,965 INFO  [Root_Class_TestNG] Logout has clicked 
2021-04-13 10:01:28,987 INFO  [Root_Class_TestNG] Waiting till the 'Login Now' button is display 
2021-04-13 10:01:29,052 INFO  [Root_Class_TestNG] Waiting till the 'Login Now' button is click 
2021-04-13 10:01:29,158 INFO  [Root_Class_TestNG] Clicking on the 'Login now' button 
2021-04-13 10:01:29,675 INFO  [Root_Class_TestNG] Login Now has clicked 
2021-04-13 10:01:29,675 INFO  [Root_Class_TestNG] Waiting till the Username text box is display 
2021-04-13 10:01:29,704 INFO  [Root_Class_TestNG] Entering username 
2021-04-13 10:01:29,761 INFO  [Root_Class_TestNG] Username has entered. 
2021-04-13 10:01:29,761 INFO  [Root_Class_TestNG] Waiting till the 'Password' is display 
2021-04-13 10:01:29,788 INFO  [Root_Class_TestNG] Entering password 
2021-04-13 10:01:29,877 INFO  [Root_Class_TestNG] Password has entered 
2021-04-13 10:01:29,877 INFO  [Root_Class_TestNG] Waiting till the 'Login' button is display 
2021-04-13 10:01:29,909 INFO  [Root_Class_TestNG] Waiting till the 'Login' button is click 
2021-04-13 10:01:29,970 INFO  [Root_Class_TestNG] Clicking on the 'Login' button 
2021-04-13 10:01:30,599 INFO  [Root_Class_TestNG] 'Login' button has clicked 
2021-04-13 10:01:30,599 INFO  [Root_Class_TestNG] Waiting till the 'Setup' menu is display 
2021-04-13 10:01:33,436 INFO  [Root_Class_TestNG] Waiting till the 'Invoice' menu is display 
2021-04-13 10:01:33,566 INFO  [Root_Class_TestNG] Biller has able to view the Biller home Page. 
2021-04-13 10:01:33,566 INFO  [Root_Class_TestNG] Waiting till the Page is loading 
2021-04-13 10:02:24,422 INFO  [Root_Class_TestNG] Waiting till the Person Icon is display 
2021-04-13 10:02:24,583 INFO  [Root_Class_TestNG] Waiting till the Person Icon is click 
2021-04-13 10:02:24,651 INFO  [Root_Class_TestNG] Clicking on the Person Icon 
2021-04-13 10:02:24,862 INFO  [Root_Class_TestNG] Person Icon has clicked 
2021-04-13 10:02:24,862 INFO  [Root_Class_TestNG] Waiting till the Logout is display 
2021-04-13 10:02:25,031 INFO  [Root_Class_TestNG] Waiting till the Logout is click 
2021-04-13 10:02:25,148 INFO  [Root_Class_TestNG] Clicking on the Logout 
2021-04-13 10:02:26,639 INFO  [Root_Class_TestNG] Logout has clicked 
2021-04-13 10:02:31,654 INFO  [Root_Class_TestNG] Waiting till the 'Login Now' button is display 
2021-04-13 10:02:31,725 INFO  [Root_Class_TestNG] Waiting till the 'Login Now' button is click 
2021-04-13 10:02:31,849 INFO  [Root_Class_TestNG] Clicking on the 'Login now' button 
2021-04-13 10:02:32,370 INFO  [Root_Class_TestNG] Login Now has clicked 
2021-04-13 10:02:32,370 INFO  [Root_Class_TestNG] Waiting till the Username text box is display 
2021-04-13 10:02:32,402 INFO  [Root_Class_TestNG] Entering username 
2021-04-13 10:02:32,456 INFO  [Root_Class_TestNG] Username has entered. 
2021-04-13 10:02:32,456 INFO  [Root_Class_TestNG] Waiting till the 'Password' is display 
2021-04-13 10:02:32,488 INFO  [Root_Class_TestNG] Entering password 
2021-04-13 10:02:32,596 INFO  [Root_Class_TestNG] Password has entered 
2021-04-13 10:02:32,596 INFO  [Root_Class_TestNG] Waiting till the 'Login' button is display 
2021-04-13 10:02:32,626 INFO  [Root_Class_TestNG] Waiting till the 'Login' button is click 
2021-04-13 10:02:32,688 INFO  [Root_Class_TestNG] Clicking on the 'Login' button 
2021-04-13 10:02:33,314 INFO  [Root_Class_TestNG] 'Login' button has clicked 
2021-04-13 10:02:33,314 INFO  [Root_Class_TestNG] Waiting till the 'Setup' menu is display 
2021-04-13 10:02:34,533 INFO  [Root_Class_TestNG] Waiting till the 'Invoice' menu is display 
2021-04-13 10:02:34,637 INFO  [Root_Class_TestNG] Biller has able to view the Biller home Page. 
2021-04-13 10:02:34,638 INFO  [Root_Class_TestNG] Waiting till the Page is loading 
2021-04-13 10:03:21,003 INFO  [Root_Class_TestNG] Waiting till the Person Icon is display 
2021-04-13 10:03:21,169 INFO  [Root_Class_TestNG] Waiting till the Person Icon is click 
2021-04-13 10:03:21,233 INFO  [Root_Class_TestNG] Clicking on the Person Icon 
2021-04-13 10:03:21,471 INFO  [Root_Class_TestNG] Person Icon has clicked 
2021-04-13 10:03:21,471 INFO  [Root_Class_TestNG] Waiting till the Logout is display 
2021-04-13 10:03:21,797 INFO  [Root_Class_TestNG] Waiting till the Logout is click 
2021-04-13 10:03:21,953 INFO  [Root_Class_TestNG] Clicking on the Logout 
2021-04-13 10:03:22,794 INFO  [Root_Class_TestNG] Logout has clicked 
2021-04-13 10:03:27,811 INFO  [Root_Class_TestNG] Waiting till the 'Login Now' button is display 
2021-04-13 10:03:27,903 INFO  [Root_Class_TestNG] Waiting till the 'Login Now' button is click 
2021-04-13 10:03:28,032 INFO  [Root_Class_TestNG] Clicking on the 'Login now' button 
2021-04-13 10:03:28,811 INFO  [Root_Class_TestNG] Login Now has clicked 
2021-04-13 10:03:28,811 INFO  [Root_Class_TestNG] Waiting till the Username text box is display 
2021-04-13 10:03:28,842 INFO  [Root_Class_TestNG] Entering username 
2021-04-13 10:03:28,906 INFO  [Root_Class_TestNG] Username has entered. 
2021-04-13 10:03:28,906 INFO  [Root_Class_TestNG] Waiting till the 'Password' is display 
2021-04-13 10:03:28,929 INFO  [Root_Class_TestNG] Entering password 
2021-04-13 10:03:29,034 INFO  [Root_Class_TestNG] Password has entered 
2021-04-13 10:03:29,034 INFO  [Root_Class_TestNG] Waiting till the 'Login' button is display 
2021-04-13 10:03:29,067 INFO  [Root_Class_TestNG] Waiting till the 'Login' button is click 
2021-04-13 10:03:29,135 INFO  [Root_Class_TestNG] Clicking on the 'Login' button 
2021-04-13 10:03:29,996 INFO  [Root_Class_TestNG] 'Login' button has clicked 
2021-04-13 10:03:29,996 INFO  [Root_Class_TestNG] Waiting till the 'Setup' menu is display 
2021-04-13 10:03:31,047 INFO  [Root_Class_TestNG] Waiting till the 'Invoice' menu is display 
2021-04-13 10:03:31,183 INFO  [Root_Class_TestNG] Biller has able to view the Biller home Page. 
2021-04-13 10:03:31,183 INFO  [Root_Class_TestNG] Waiting till the Page is loading 
2021-04-13 10:04:14,003 INFO  [Root_Class_TestNG] Waiting till the Person Icon is display 
2021-04-13 10:04:14,142 INFO  [Root_Class_TestNG] Waiting till the Person Icon is click 
2021-04-13 10:04:14,215 INFO  [Root_Class_TestNG] Clicking on the Person Icon 
2021-04-13 10:04:14,360 INFO  [Root_Class_TestNG] Person Icon has clicked 
2021-04-13 10:04:14,361 INFO  [Root_Class_TestNG] Waiting till the Logout is display 
2021-04-13 10:05:14,490 INFO  [Root_Class_TestNG] Person icon has not clicked.  But it displayed the Exception as Expected condition failed: waiting for visibility of Proxy element for: DefaultElementLocator 'By.linkText: Log Out' (tried for 30 second(s) with 500 milliseconds interval) 
2021-04-13 10:05:14,504 INFO  [Root_Class_TestNG] Waiting till the 'Login Now' button is display 
2021-04-13 10:06:14,585 INFO  [Root_Class_TestNG] Login process has not completed.  But it displayed the Exception as..
Expected condition failed: waiting for visibility of Proxy element for: DefaultElementLocator 'By.xpath: /html/body/app-root/div/app-layout/mat-sidenav-container/mat-sidenav-content/div[1]/app-landing/div[1]/div/div[2]/div/button/span[1]' (tried for 30 second(s) with 500 milliseconds interval) 
2021-04-13 10:06:25,376 INFO  [Root_Class_TestNG] Waiting till the 'Click here' has to be display 
2021-04-13 10:06:25,474 INFO  [Root_Class_TestNG] 'Click here' link has displayed 
2021-04-13 10:06:25,474 INFO  [Root_Class_TestNG] Waiting till the 'Click here' has to be enable 
2021-04-13 10:06:25,549 INFO  [Root_Class_TestNG] 'Click here' link has enabled to click 
2021-04-13 10:06:37,508 INFO  [Root_Class_TestNG] Biller has able to open,edit and enter the data in the file 
2021-04-13 10:06:52,963 INFO  [Root_Class_TestNG] Biller has able to view the message as file processed successfully 
2021-04-13 10:06:52,964 INFO  [Root_Class_TestNG] Waiting till the Person Icon is display 
2021-04-13 10:06:53,031 INFO  [Root_Class_TestNG] Waiting till the Person Icon is click 
2021-04-13 10:06:53,061 INFO  [Root_Class_TestNG] Clicking on the Person Icon 
2021-04-13 10:06:53,259 INFO  [Root_Class_TestNG] Person Icon has clicked 
2021-04-13 10:06:53,259 INFO  [Root_Class_TestNG] Waiting till the Logout is display 
2021-04-13 10:06:53,566 INFO  [Root_Class_TestNG] Waiting till the Logout is click 
2021-04-13 10:06:53,714 INFO  [Root_Class_TestNG] Clicking on the Logout 
2021-04-13 10:06:55,086 INFO  [Root_Class_TestNG] Logout has clicked 
2021-04-13 10:07:00,091 INFO  [Root_Class_TestNG] Waiting till the 'Login Now' button is display 
2021-04-13 10:07:00,119 INFO  [Root_Class_TestNG] Waiting till the 'Login Now' button is click 
2021-04-13 10:07:00,171 INFO  [Root_Class_TestNG] Clicking on the 'Login now' button 
2021-04-13 10:07:00,597 INFO  [Root_Class_TestNG] Login Now has clicked 
2021-04-13 10:07:00,597 INFO  [Root_Class_TestNG] Waiting till the Username text box is display 
2021-04-13 10:07:00,649 INFO  [Root_Class_TestNG] Entering username 
2021-04-13 10:07:00,709 INFO  [Root_Class_TestNG] Username has entered. 
2021-04-13 10:07:00,709 INFO  [Root_Class_TestNG] Waiting till the 'Password' is display 
2021-04-13 10:07:00,730 INFO  [Root_Class_TestNG] Entering password 
2021-04-13 10:07:00,789 INFO  [Root_Class_TestNG] Password has entered 
2021-04-13 10:07:00,789 INFO  [Root_Class_TestNG] Waiting till the 'Login' button is display 
2021-04-13 10:07:00,809 INFO  [Root_Class_TestNG] Waiting till the 'Login' button is click 
2021-04-13 10:07:00,849 INFO  [Root_Class_TestNG] Clicking on the 'Login' button 
2021-04-13 10:07:01,466 INFO  [Root_Class_TestNG] 'Login' button has clicked 
2021-04-13 10:07:01,466 INFO  [Root_Class_TestNG] Waiting till the 'Setup' menu is display 
2021-04-13 10:07:02,308 INFO  [Root_Class_TestNG] Waiting till the 'Invoice' menu is display 
2021-04-13 10:07:02,381 INFO  [Root_Class_TestNG] Biller has able to view the Biller home Page. 
2021-04-13 10:07:02,381 INFO  [Root_Class_TestNG] Waiting till the Page is loading 
2021-04-13 10:07:46,684 INFO  [Root_Class_TestNG] Opening Chrome browser 
2021-04-13 10:07:48,903 INFO  [Root_Class_TestNG] Chrome browser has launched 
2021-04-13 10:07:48,903 INFO  [Root_Class_TestNG] Navigating to Billers portal 
2021-04-13 10:07:55,816 INFO  [Root_Class_TestNG] Billers portal has launched 
2021-04-13 10:07:55,816 INFO  [Root_Class_TestNG] Waiting till the Page is load 
2021-04-13 10:07:55,823 INFO  [Root_Class_TestNG] Browser has waited till the page is load 
2021-04-13 10:07:55,823 INFO  [Root_Class_TestNG] Maximizing window 
2021-04-13 10:07:55,969 INFO  [Root_Class_TestNG] Window has maximized 
2021-04-13 10:07:56,031 INFO  [Root_Class_TestNG] Waiting till the 'Login Now' button is display 
2021-04-13 10:07:56,090 INFO  [Root_Class_TestNG] Waiting till the 'Login Now' button is click 
2021-04-13 10:07:56,171 INFO  [Root_Class_TestNG] Clicking on the 'Login now' button 
2021-04-13 10:07:58,425 INFO  [Root_Class_TestNG] Login Now has clicked 
2021-04-13 10:07:58,431 INFO  [Root_Class_TestNG] Waiting till the Username text box is display 
2021-04-13 10:07:58,537 INFO  [Root_Class_TestNG] Entering username 
2021-04-13 10:07:58,687 INFO  [Root_Class_TestNG] Username has entered. 
2021-04-13 10:07:58,688 INFO  [Root_Class_TestNG] Waiting till the 'Password' is display 
2021-04-13 10:07:58,722 INFO  [Root_Class_TestNG] Entering password 
2021-04-13 10:07:58,866 INFO  [Root_Class_TestNG] Password has entered 
2021-04-13 10:07:58,866 INFO  [Root_Class_TestNG] Waiting till the 'Login' button is display 
2021-04-13 10:07:58,930 INFO  [Root_Class_TestNG] Waiting till the 'Login' button is click 
2021-04-13 10:07:59,014 INFO  [Root_Class_TestNG] Clicking on the 'Login' button 
2021-04-13 10:07:59,927 INFO  [Root_Class_TestNG] 'Login' button has clicked 
2021-04-13 10:07:59,927 INFO  [Root_Class_TestNG] Waiting till the 'Setup' menu is display 
2021-04-13 10:08:02,300 INFO  [Root_Class_TestNG] Waiting till the 'Invoice' menu is display 
2021-04-13 10:08:02,444 INFO  [Root_Class_TestNG] Biller has able to view the Biller home Page. 
2021-04-13 10:08:02,444 INFO  [Root_Class_TestNG] Waiting till the Page is loading 
2021-04-13 10:08:41,272 INFO  [Root_Class_TestNG] Waiting till the Person Icon is display 
2021-04-13 10:08:41,427 INFO  [Root_Class_TestNG] Waiting till the Person Icon is click 
2021-04-13 10:08:41,471 INFO  [Root_Class_TestNG] Clicking on the Person Icon 
2021-04-13 10:08:41,668 INFO  [Root_Class_TestNG] Person Icon has clicked 
2021-04-13 10:08:41,669 INFO  [Root_Class_TestNG] Waiting till the Logout is display 
2021-04-13 10:08:42,579 INFO  [Root_Class_TestNG] Waiting till the Logout is click 
2021-04-13 10:08:42,741 INFO  [Root_Class_TestNG] Clicking on the Logout 
2021-04-13 10:08:43,618 INFO  [Root_Class_TestNG] Logout has clicked 
2021-04-13 10:08:48,636 INFO  [Root_Class_TestNG] Waiting till the 'Login Now' button is display 
2021-04-13 10:08:48,702 INFO  [Root_Class_TestNG] Waiting till the 'Login Now' button is click 
2021-04-13 10:08:48,821 INFO  [Root_Class_TestNG] Clicking on the 'Login now' button 
2021-04-13 10:08:49,390 INFO  [Root_Class_TestNG] Login Now has clicked 
2021-04-13 10:08:49,390 INFO  [Root_Class_TestNG] Waiting till the Username text box is display 
2021-04-13 10:08:49,437 INFO  [Root_Class_TestNG] Entering username 
2021-04-13 10:08:49,546 INFO  [Root_Class_TestNG] Username has entered. 
2021-04-13 10:08:49,546 INFO  [Root_Class_TestNG] Waiting till the 'Password' is display 
2021-04-13 10:08:49,579 INFO  [Root_Class_TestNG] Entering password 
2021-04-13 10:08:49,688 INFO  [Root_Class_TestNG] Password has entered 
2021-04-13 10:08:49,688 INFO  [Root_Class_TestNG] Waiting till the 'Login' button is display 
2021-04-13 10:08:49,735 INFO  [Root_Class_TestNG] Waiting till the 'Login' button is click 
2021-04-13 10:08:49,794 INFO  [Root_Class_TestNG] Clicking on the 'Login' button 
2021-04-13 10:08:52,664 INFO  [Root_Class_TestNG] 'Login' button has clicked 
2021-04-13 10:08:52,664 INFO  [Root_Class_TestNG] Waiting till the 'Setup' menu is display 
2021-04-13 10:08:55,028 INFO  [Root_Class_TestNG] Waiting till the 'Invoice' menu is display 
2021-04-13 10:08:55,136 INFO  [Root_Class_TestNG] Biller has able to view the Biller home Page. 
2021-04-13 10:08:55,136 INFO  [Root_Class_TestNG] Waiting till the Page is loading 
2021-04-13 10:09:04,993 INFO  [Root_Class_TestNG] element click intercepted: Element <button mat-raised-button="" color="primary" class="mat-focus-indicator mat-raised-button mat-button-base mat-primary ng-star-inserted" style="margin-right: 20px;">...</button> is not clickable at point (310, 454). Other element would receive the click: <div _ngcontent-serverapp-c73="" id="app-spinner" class="">...</div>
  (Session info: chrome=89.0.4389.114)
Build info: version: '3.141.59', revision: 'e82be7d358', time: '2018-11-14T08:17:03'
System info: host: 'DESKTOP-T1A7R18', ip: '10.20.152.53', os.name: 'Windows 10', os.arch: 'amd64', os.version: '10.0', java.version: '15.0.2'
Driver info: org.openqa.selenium.chrome.ChromeDriver
Capabilities {acceptInsecureCerts: false, browserName: chrome, browserVersion: 89.0.4389.114, chrome: {chromedriverVersion: 89.0.4389.23 (61b08ee2c5002..., userDataDir: C:\Users\Ascend\AppData\Loc...}, goog:chromeOptions: {debuggerAddress: localhost:56171}, javascriptEnabled: true, networkConnectionEnabled: false, pageLoadStrategy: normal, platform: WINDOWS, platformName: WINDOWS, proxy: Proxy(), setWindowRect: true, strictFileInteractability: false, timeouts: {implicit: 0, pageLoad: 300000, script: 30000}, unhandledPromptBehavior: dismiss and notify, webauthn:extension:largeBlob: true, webauthn:virtualAuthenticators: true}
Session ID: 8feb4898aaa5d7a4a41c7dcfbacba506 
2021-04-13 10:09:05,536 INFO  [Root_Class_TestNG] no such element: Unable to locate element: {"method":"xpath","selector":"/html/body/app-root/div/div[2]/div[2]/div/mat-dialog-container/invoice-entry/div/table/tr/td/div/div/table[2]/tr[2]/td[1]/form/table/tr[1]/td/div/input"}
  (Session info: chrome=89.0.4389.114)
For documentation on this error, please visit: https://www.seleniumhq.org/exceptions/no_such_element.html
Build info: version: '3.141.59', revision: 'e82be7d358', time: '2018-11-14T08:17:03'
System info: host: 'DESKTOP-T1A7R18', ip: '10.20.152.53', os.name: 'Windows 10', os.arch: 'amd64', os.version: '10.0', java.version: '15.0.2'
Driver info: org.openqa.selenium.chrome.ChromeDriver
Capabilities {acceptInsecureCerts: false, browserName: chrome, browserVersion: 89.0.4389.114, chrome: {chromedriverVersion: 89.0.4389.23 (61b08ee2c5002..., userDataDir: C:\Users\Ascend\AppData\Loc...}, goog:chromeOptions: {debuggerAddress: localhost:56171}, javascriptEnabled: true, networkConnectionEnabled: false, pageLoadStrategy: normal, platform: WINDOWS, platformName: WINDOWS, proxy: Proxy(), setWindowRect: true, strictFileInteractability: false, timeouts: {implicit: 0, pageLoad: 300000, script: 30000}, unhandledPromptBehavior: dismiss and notify, webauthn:extension:largeBlob: true, webauthn:virtualAuthenticators: true}
Session ID: 8feb4898aaa5d7a4a41c7dcfbacba506
*** Element info: {Using=xpath, value=/html/body/app-root/div/div[2]/div[2]/div/mat-dialog-container/invoice-entry/div/table/tr/td/div/div/table[2]/tr[2]/td[1]/form/table/tr[1]/td/div/input} 
2021-04-13 10:09:05,969 INFO  [Root_Class_TestNG] no such element: Unable to locate element: {"method":"xpath","selector":"/html/body/app-root/div/div[2]/div[2]/div/mat-dialog-container/invoice-entry/div/table/tr/td/div/div/table[3]/tr/td/table/tr[3]/td[1]/input"}
  (Session info: chrome=89.0.4389.114)
For documentation on this error, please visit: https://www.seleniumhq.org/exceptions/no_such_element.html
Build info: version: '3.141.59', revision: 'e82be7d358', time: '2018-11-14T08:17:03'
System info: host: 'DESKTOP-T1A7R18', ip: '10.20.152.53', os.name: 'Windows 10', os.arch: 'amd64', os.version: '10.0', java.version: '15.0.2'
Driver info: org.openqa.selenium.chrome.ChromeDriver
Capabilities {acceptInsecureCerts: false, browserName: chrome, browserVersion: 89.0.4389.114, chrome: {chromedriverVersion: 89.0.4389.23 (61b08ee2c5002..., userDataDir: C:\Users\Ascend\AppData\Loc...}, goog:chromeOptions: {debuggerAddress: localhost:56171}, javascriptEnabled: true, networkConnectionEnabled: false, pageLoadStrategy: normal, platform: WINDOWS, platformName: WINDOWS, proxy: Proxy(), setWindowRect: true, strictFileInteractability: false, timeouts: {implicit: 0, pageLoad: 300000, script: 30000}, unhandledPromptBehavior: dismiss and notify, webauthn:extension:largeBlob: true, webauthn:virtualAuthenticators: true}
Session ID: 8feb4898aaa5d7a4a41c7dcfbacba506
*** Element info: {Using=xpath, value=/html/body/app-root/div/div[2]/div[2]/div/mat-dialog-container/invoice-entry/div/table/tr/td/div/div/table[3]/tr/td/table/tr[3]/td[1]/input} 
2021-04-13 10:09:06,309 INFO  [Root_Class_TestNG] no such element: Unable to locate element: {"method":"xpath","selector":"/html/body/app-root/div/div[2]/div[2]/div/mat-dialog-container/invoice-entry/div/table/tr/td/div/div/table[3]/tr/td/table/tr[3]/td[7]/button[1]/span[1]/mat-icon"}
  (Session info: chrome=89.0.4389.114)
For documentation on this error, please visit: https://www.seleniumhq.org/exceptions/no_such_element.html
Build info: version: '3.141.59', revision: 'e82be7d358', time: '2018-11-14T08:17:03'
System info: host: 'DESKTOP-T1A7R18', ip: '10.20.152.53', os.name: 'Windows 10', os.arch: 'amd64', os.version: '10.0', java.version: '15.0.2'
Driver info: org.openqa.selenium.chrome.ChromeDriver
Capabilities {acceptInsecureCerts: false, browserName: chrome, browserVersion: 89.0.4389.114, chrome: {chromedriverVersion: 89.0.4389.23 (61b08ee2c5002..., userDataDir: C:\Users\Ascend\AppData\Loc...}, goog:chromeOptions: {debuggerAddress: localhost:56171}, javascriptEnabled: true, networkConnectionEnabled: false, pageLoadStrategy: normal, platform: WINDOWS, platformName: WINDOWS, proxy: Proxy(), setWindowRect: true, strictFileInteractability: false, timeouts: {implicit: 0, pageLoad: 300000, script: 30000}, unhandledPromptBehavior: dismiss and notify, webauthn:extension:largeBlob: true, webauthn:virtualAuthenticators: true}
Session ID: 8feb4898aaa5d7a4a41c7dcfbacba506
*** Element info: {Using=xpath, value=/html/body/app-root/div/div[2]/div[2]/div/mat-dialog-container/invoice-entry/div/table/tr/td/div/div/table[3]/tr/td/table/tr[3]/td[7]/button[1]/span[1]/mat-icon} 
2021-04-13 10:09:06,608 INFO  [Root_Class_TestNG] no such element: Unable to locate element: {"method":"xpath","selector":"/html/body/app-root/div/div[2]/div[2]/div/mat-dialog-container/invoice-entry/div/table/tr/td/div/div/table[3]/tr/td/table/tr[3]/td[7]/button[2]/span[1]/mat-icon"}
  (Session info: chrome=89.0.4389.114)
For documentation on this error, please visit: https://www.seleniumhq.org/exceptions/no_such_element.html
Build info: version: '3.141.59', revision: 'e82be7d358', time: '2018-11-14T08:17:03'
System info: host: 'DESKTOP-T1A7R18', ip: '10.20.152.53', os.name: 'Windows 10', os.arch: 'amd64', os.version: '10.0', java.version: '15.0.2'
Driver info: org.openqa.selenium.chrome.ChromeDriver
Capabilities {acceptInsecureCerts: false, browserName: chrome, browserVersion: 89.0.4389.114, chrome: {chromedriverVersion: 89.0.4389.23 (61b08ee2c5002..., userDataDir: C:\Users\Ascend\AppData\Loc...}, goog:chromeOptions: {debuggerAddress: localhost:56171}, javascriptEnabled: true, networkConnectionEnabled: false, pageLoadStrategy: normal, platform: WINDOWS, platformName: WINDOWS, proxy: Proxy(), setWindowRect: true, strictFileInteractability: false, timeouts: {implicit: 0, pageLoad: 300000, script: 30000}, unhandledPromptBehavior: dismiss and notify, webauthn:extension:largeBlob: true, webauthn:virtualAuthenticators: true}
Session ID: 8feb4898aaa5d7a4a41c7dcfbacba506
*** Element info: {Using=xpath, value=/html/body/app-root/div/div[2]/div[2]/div/mat-dialog-container/invoice-entry/div/table/tr/td/div/div/table[3]/tr/td/table/tr[3]/td[7]/button[2]/span[1]/mat-icon} 
2021-04-13 10:09:06,927 INFO  [Root_Class_TestNG] no such element: Unable to locate element: {"method":"xpath","selector":"/html/body/app-root/div/div[2]/div[2]/div/mat-dialog-container/invoice-entry/div/div/mat-card/table/tr/td[2]/button[2]/span[1]/mat-icon"}
  (Session info: chrome=89.0.4389.114)
For documentation on this error, please visit: https://www.seleniumhq.org/exceptions/no_such_element.html
Build info: version: '3.141.59', revision: 'e82be7d358', time: '2018-11-14T08:17:03'
System info: host: 'DESKTOP-T1A7R18', ip: '10.20.152.53', os.name: 'Windows 10', os.arch: 'amd64', os.version: '10.0', java.version: '15.0.2'
Driver info: org.openqa.selenium.chrome.ChromeDriver
Capabilities {acceptInsecureCerts: false, browserName: chrome, browserVersion: 89.0.4389.114, chrome: {chromedriverVersion: 89.0.4389.23 (61b08ee2c5002..., userDataDir: C:\Users\Ascend\AppData\Loc...}, goog:chromeOptions: {debuggerAddress: localhost:56171}, javascriptEnabled: true, networkConnectionEnabled: false, pageLoadStrategy: normal, platform: WINDOWS, platformName: WINDOWS, proxy: Proxy(), setWindowRect: true, strictFileInteractability: false, timeouts: {implicit: 0, pageLoad: 300000, script: 30000}, unhandledPromptBehavior: dismiss and notify, webauthn:extension:largeBlob: true, webauthn:virtualAuthenticators: true}
Session ID: 8feb4898aaa5d7a4a41c7dcfbacba506
*** Element info: {Using=xpath, value=/html/body/app-root/div/div[2]/div[2]/div/mat-dialog-container/invoice-entry/div/div/mat-card/table/tr/td[2]/button[2]/span[1]/mat-icon} 
2021-04-13 10:09:06,927 INFO  [Root_Class_TestNG] Waiting till the Person Icon is display 
2021-04-13 10:09:06,999 INFO  [Root_Class_TestNG] Waiting till the Person Icon is click 
2021-04-13 10:09:07,038 INFO  [Root_Class_TestNG] Clicking on the Person Icon 
2021-04-13 10:09:07,252 INFO  [Root_Class_TestNG] Person Icon has clicked 
2021-04-13 10:09:07,252 INFO  [Root_Class_TestNG] Waiting till the Logout is display 
2021-04-13 10:09:08,037 INFO  [Root_Class_TestNG] Waiting till the Logout is click 
2021-04-13 10:09:08,206 INFO  [Root_Class_TestNG] Clicking on the Logout 
2021-04-13 10:09:09,949 INFO  [Root_Class_TestNG] Logout has clicked 
2021-04-13 10:09:14,965 INFO  [Root_Class_TestNG] Waiting till the 'Login Now' button is display 
2021-04-13 10:09:14,995 INFO  [Root_Class_TestNG] Waiting till the 'Login Now' button is click 
2021-04-13 10:09:15,050 INFO  [Root_Class_TestNG] Clicking on the 'Login now' button 
2021-04-13 10:09:16,092 INFO  [Root_Class_TestNG] Login Now has clicked 
2021-04-13 10:09:16,093 INFO  [Root_Class_TestNG] Waiting till the Username text box is display 
2021-04-13 10:09:16,157 INFO  [Root_Class_TestNG] Entering username 
2021-04-13 10:09:16,218 INFO  [Root_Class_TestNG] Username has entered. 
2021-04-13 10:09:16,218 INFO  [Root_Class_TestNG] Waiting till the 'Password' is display 
2021-04-13 10:09:16,242 INFO  [Root_Class_TestNG] Entering password 
2021-04-13 10:09:16,312 INFO  [Root_Class_TestNG] Password has entered 
2021-04-13 10:09:16,312 INFO  [Root_Class_TestNG] Waiting till the 'Login' button is display 
2021-04-13 10:09:16,338 INFO  [Root_Class_TestNG] Waiting till the 'Login' button is click 
2021-04-13 10:09:16,373 INFO  [Root_Class_TestNG] Clicking on the 'Login' button 
2021-04-13 10:09:20,261 INFO  [Root_Class_TestNG] 'Login' button has clicked 
2021-04-13 10:09:20,262 INFO  [Root_Class_TestNG] Waiting till the 'Setup' menu is display 
2021-04-13 10:09:21,948 INFO  [Root_Class_TestNG] Waiting till the 'Invoice' menu is display 
2021-04-13 10:09:22,022 INFO  [Root_Class_TestNG] Biller has able to view the Biller home Page. 
2021-04-13 10:09:22,023 INFO  [Root_Class_TestNG] Waiting till the Page is loading 
2021-04-13 10:10:13,743 INFO  [Root_Class_TestNG] Waiting till the Person Icon is display 
2021-04-13 10:10:13,876 INFO  [Root_Class_TestNG] Waiting till the Person Icon is click 
2021-04-13 10:10:13,936 INFO  [Root_Class_TestNG] Clicking on the Person Icon 
2021-04-13 10:10:14,162 INFO  [Root_Class_TestNG] Person Icon has clicked 
2021-04-13 10:10:14,162 INFO  [Root_Class_TestNG] Waiting till the Logout is display 
2021-04-13 10:10:14,463 INFO  [Root_Class_TestNG] Waiting till the Logout is click 
2021-04-13 10:10:14,626 INFO  [Root_Class_TestNG] Clicking on the Logout 
2021-04-13 10:10:16,706 INFO  [Root_Class_TestNG] Logout has clicked 
2021-04-13 10:10:21,723 INFO  [Root_Class_TestNG] Waiting till the 'Login Now' button is display 
2021-04-13 10:10:21,773 INFO  [Root_Class_TestNG] Waiting till the 'Login Now' button is click 
2021-04-13 10:10:21,874 INFO  [Root_Class_TestNG] Clicking on the 'Login now' button 
2021-04-13 10:10:23,032 INFO  [Root_Class_TestNG] Login Now has clicked 
2021-04-13 10:10:23,033 INFO  [Root_Class_TestNG] Waiting till the Username text box is display 
2021-04-13 10:10:23,078 INFO  [Root_Class_TestNG] Entering username 
2021-04-13 10:10:23,144 INFO  [Root_Class_TestNG] Username has entered. 
2021-04-13 10:10:23,144 INFO  [Root_Class_TestNG] Waiting till the 'Password' is display 
2021-04-13 10:10:23,164 INFO  [Root_Class_TestNG] Entering password 
2021-04-13 10:10:23,217 INFO  [Root_Class_TestNG] Password has entered 
2021-04-13 10:10:23,217 INFO  [Root_Class_TestNG] Waiting till the 'Login' button is display 
2021-04-13 10:10:23,237 INFO  [Root_Class_TestNG] Waiting till the 'Login' button is click 
2021-04-13 10:10:23,266 INFO  [Root_Class_TestNG] Clicking on the 'Login' button 
2021-04-13 10:10:28,356 INFO  [Root_Class_TestNG] 'Login' button has clicked 
2021-04-13 10:10:28,357 INFO  [Root_Class_TestNG] Waiting till the 'Setup' menu is display 
2021-04-13 10:10:30,062 INFO  [Root_Class_TestNG] Waiting till the 'Invoice' menu is display 
2021-04-13 10:10:30,116 INFO  [Root_Class_TestNG] Biller has able to view the Biller home Page. 
2021-04-13 10:10:30,116 INFO  [Root_Class_TestNG] Waiting till the Page is loading 
2021-04-13 10:11:15,252 INFO  [Root_Class_TestNG] Waiting till the Person Icon is display 
2021-04-13 10:11:15,359 INFO  [Root_Class_TestNG] Waiting till the Person Icon is click 
2021-04-13 10:11:15,414 INFO  [Root_Class_TestNG] Clicking on the Person Icon 
2021-04-13 10:11:15,564 INFO  [Root_Class_TestNG] Person Icon has clicked 
2021-04-13 10:11:15,564 INFO  [Root_Class_TestNG] Waiting till the Logout is display 
2021-04-13 10:12:15,718 INFO  [Root_Class_TestNG] Person icon has not clicked.  But it displayed the Exception as Expected condition failed: waiting for visibility of Proxy element for: DefaultElementLocator 'By.linkText: Log Out' (tried for 30 second(s) with 500 milliseconds interval) 
2021-04-13 10:12:15,718 INFO  [Root_Class_TestNG] Waiting till the 'Login Now' button is display 
2021-04-13 10:13:15,836 INFO  [Root_Class_TestNG] Login process has not completed.  But it displayed the Exception as..
Expected condition failed: waiting for visibility of Proxy element for: DefaultElementLocator 'By.xpath: /html/body/app-root/div/app-layout/mat-sidenav-container/mat-sidenav-content/div[1]/app-landing/div[1]/div/div[2]/div/button/span[1]' (tried for 30 second(s) with 500 milliseconds interval) 
2021-04-13 10:13:56,144 INFO  [Root_Class_TestNG] Waiting till the Person Icon is display 
2021-04-13 10:13:56,224 INFO  [Root_Class_TestNG] Waiting till the Person Icon is click 
2021-04-13 10:13:56,262 INFO  [Root_Class_TestNG] Clicking on the Person Icon 
2021-04-13 10:13:56,406 INFO  [Root_Class_TestNG] Person Icon has clicked 
2021-04-13 10:13:56,406 INFO  [Root_Class_TestNG] Waiting till the Logout is display 
2021-04-13 10:14:56,524 INFO  [Root_Class_TestNG] Person icon has not clicked.  But it displayed the Exception as Expected condition failed: waiting for visibility of Proxy element for: DefaultElementLocator 'By.linkText: Log Out' (tried for 30 second(s) with 500 milliseconds interval) 
2021-04-13 10:14:56,533 INFO  [Root_Class_TestNG] Waiting till the 'Login Now' button is display 
2021-04-13 10:15:56,602 INFO  [Root_Class_TestNG] Login process has not completed.  But it displayed the Exception as..
Expected condition failed: waiting for visibility of Proxy element for: DefaultElementLocator 'By.xpath: /html/body/app-root/div/app-layout/mat-sidenav-container/mat-sidenav-content/div[1]/app-landing/div[1]/div/div[2]/div/button/span[1]' (tried for 30 second(s) with 500 milliseconds interval) 
2021-04-13 10:16:07,667 INFO  [Root_Class_TestNG] Waiting till the 'Click here' has to be display 
2021-04-13 10:16:07,793 INFO  [Root_Class_TestNG] 'Click here' link has displayed 
2021-04-13 10:16:07,793 INFO  [Root_Class_TestNG] Waiting till the 'Click here' has to be enable 
2021-04-13 10:16:07,948 INFO  [Root_Class_TestNG] 'Click here' link has enabled to click 
2021-04-13 10:16:20,922 INFO  [Root_Class_TestNG] Biller has able to open,edit and enter the data in the file 
2021-04-13 10:16:36,482 INFO  [Root_Class_TestNG] Biller has able to view the message as file processed successfully 
2021-04-13 10:16:36,482 INFO  [Root_Class_TestNG] Waiting till the Person Icon is display 
2021-04-13 10:16:36,601 INFO  [Root_Class_TestNG] Waiting till the Person Icon is click 
2021-04-13 10:16:36,675 INFO  [Root_Class_TestNG] Clicking on the Person Icon 
2021-04-13 10:16:36,899 INFO  [Root_Class_TestNG] Person Icon has clicked 
2021-04-13 10:16:36,899 INFO  [Root_Class_TestNG] Waiting till the Logout is display 
2021-04-13 10:16:37,234 INFO  [Root_Class_TestNG] Waiting till the Logout is click 
2021-04-13 10:16:37,437 INFO  [Root_Class_TestNG] Clicking on the Logout 
2021-04-13 10:16:39,533 INFO  [Root_Class_TestNG] Logout has clicked 
2021-04-13 10:16:44,553 INFO  [Root_Class_TestNG] Waiting till the 'Login Now' button is display 
2021-04-13 10:16:44,614 INFO  [Root_Class_TestNG] Waiting till the 'Login Now' button is click 
2021-04-13 10:16:44,708 INFO  [Root_Class_TestNG] Clicking on the 'Login now' button 
2021-04-13 10:16:46,141 INFO  [Root_Class_TestNG] Login Now has clicked 
2021-04-13 10:16:46,141 INFO  [Root_Class_TestNG] Waiting till the Username text box is display 
2021-04-13 10:16:46,180 INFO  [Root_Class_TestNG] Entering username 
2021-04-13 10:16:46,237 INFO  [Root_Class_TestNG] Username has entered. 
2021-04-13 10:16:46,237 INFO  [Root_Class_TestNG] Waiting till the 'Password' is display 
2021-04-13 10:16:46,264 INFO  [Root_Class_TestNG] Entering password 
2021-04-13 10:16:46,353 INFO  [Root_Class_TestNG] Password has entered 
2021-04-13 10:16:46,353 INFO  [Root_Class_TestNG] Waiting till the 'Login' button is display 
2021-04-13 10:16:46,379 INFO  [Root_Class_TestNG] Waiting till the 'Login' button is click 
2021-04-13 10:16:46,414 INFO  [Root_Class_TestNG] Clicking on the 'Login' button 
2021-04-13 10:16:47,463 INFO  [Root_Class_TestNG] 'Login' button has clicked 
2021-04-13 10:16:47,463 INFO  [Root_Class_TestNG] Waiting till the 'Setup' menu is display 
2021-04-13 10:16:50,697 INFO  [Root_Class_TestNG] Waiting till the 'Invoice' menu is display 
2021-04-13 10:16:50,782 INFO  [Root_Class_TestNG] Biller has able to view the Biller home Page. 
2021-04-13 10:16:50,782 INFO  [Root_Class_TestNG] Waiting till the Page is loading 
2021-04-13 10:16:58,559 INFO  [Root_Class_TestNG] element click intercepted: Element <button mat-raised-button="" color="primary" class="mat-focus-indicator mat-tooltip-trigger add-collection-btn mat-raised-button mat-button-base mat-primary" aria-describedby="cdk-describedby-message-15" cdk-describedby-host="">...</button> is not clickable at point (1026, 217). Other element would receive the click: <div _ngcontent-serverapp-c73="" id="app-spinner" class="">...</div>
  (Session info: chrome=89.0.4389.114)
Build info: version: '3.141.59', revision: 'e82be7d358', time: '2018-11-14T08:17:03'
System info: host: 'DESKTOP-T1A7R18', ip: '10.20.152.53', os.name: 'Windows 10', os.arch: 'amd64', os.version: '10.0', java.version: '15.0.2'
Driver info: org.openqa.selenium.chrome.ChromeDriver
Capabilities {acceptInsecureCerts: false, browserName: chrome, browserVersion: 89.0.4389.114, chrome: {chromedriverVersion: 89.0.4389.23 (61b08ee2c5002..., userDataDir: C:\Users\Ascend\AppData\Loc...}, goog:chromeOptions: {debuggerAddress: localhost:56171}, javascriptEnabled: true, networkConnectionEnabled: false, pageLoadStrategy: normal, platform: WINDOWS, platformName: WINDOWS, proxy: Proxy(), setWindowRect: true, strictFileInteractability: false, timeouts: {implicit: 0, pageLoad: 300000, script: 30000}, unhandledPromptBehavior: dismiss and notify, webauthn:extension:largeBlob: true, webauthn:virtualAuthenticators: true}
Session ID: 8feb4898aaa5d7a4a41c7dcfbacba506 
2021-04-13 10:17:28,998 INFO  [Root_Class_TestNG] no such element: Unable to locate element: {"method":"xpath","selector":"/html/body/app-root/div/app-layout/mat-sidenav-container/mat-sidenav-content/div[1]/app-invoice-batch-form/div/div[2]/mat-card/div[1]/form/div[1]/mat-form-field/div/div[1]/div/input"}
  (Session info: chrome=89.0.4389.114)
For documentation on this error, please visit: https://www.seleniumhq.org/exceptions/no_such_element.html
Build info: version: '3.141.59', revision: 'e82be7d358', time: '2018-11-14T08:17:03'
System info: host: 'DESKTOP-T1A7R18', ip: '10.20.152.53', os.name: 'Windows 10', os.arch: 'amd64', os.version: '10.0', java.version: '15.0.2'
Driver info: org.openqa.selenium.chrome.ChromeDriver
Capabilities {acceptInsecureCerts: false, browserName: chrome, browserVersion: 89.0.4389.114, chrome: {chromedriverVersion: 89.0.4389.23 (61b08ee2c5002..., userDataDir: C:\Users\Ascend\AppData\Loc...}, goog:chromeOptions: {debuggerAddress: localhost:56171}, javascriptEnabled: true, networkConnectionEnabled: false, pageLoadStrategy: normal, platform: WINDOWS, platformName: WINDOWS, proxy: Proxy(), setWindowRect: true, strictFileInteractability: false, timeouts: {implicit: 0, pageLoad: 300000, script: 30000}, unhandledPromptBehavior: dismiss and notify, webauthn:extension:largeBlob: true, webauthn:virtualAuthenticators: true}
Session ID: 8feb4898aaa5d7a4a41c7dcfbacba506
*** Element info: {Using=xpath, value=/html/body/app-root/div/app-layout/mat-sidenav-container/mat-sidenav-content/div[1]/app-invoice-batch-form/div/div[2]/mat-card/div[1]/form/div[1]/mat-form-field/div/div[1]/div/input} 
2021-04-13 10:17:59,425 INFO  [Root_Class_TestNG] no such element: Unable to locate element: {"method":"xpath","selector":"/html/body/app-root/div/app-layout/mat-sidenav-container/mat-sidenav-content/div[1]/app-invoice-batch-form/div/div[2]/mat-card/div[1]/form/div[1]/mat-form-field/div/div[1]/div/input"}
  (Session info: chrome=89.0.4389.114)
For documentation on this error, please visit: https://www.seleniumhq.org/exceptions/no_such_element.html
Build info: version: '3.141.59', revision: 'e82be7d358', time: '2018-11-14T08:17:03'
System info: host: 'DESKTOP-T1A7R18', ip: '10.20.152.53', os.name: 'Windows 10', os.arch: 'amd64', os.version: '10.0', java.version: '15.0.2'
Driver info: org.openqa.selenium.chrome.ChromeDriver
Capabilities {acceptInsecureCerts: false, browserName: chrome, browserVersion: 89.0.4389.114, chrome: {chromedriverVersion: 89.0.4389.23 (61b08ee2c5002..., userDataDir: C:\Users\Ascend\AppData\Loc...}, goog:chromeOptions: {debuggerAddress: localhost:56171}, javascriptEnabled: true, networkConnectionEnabled: false, pageLoadStrategy: normal, platform: WINDOWS, platformName: WINDOWS, proxy: Proxy(), setWindowRect: true, strictFileInteractability: false, timeouts: {implicit: 0, pageLoad: 300000, script: 30000}, unhandledPromptBehavior: dismiss and notify, webauthn:extension:largeBlob: true, webauthn:virtualAuthenticators: true}
Session ID: 8feb4898aaa5d7a4a41c7dcfbacba506
*** Element info: {Using=xpath, value=/html/body/app-root/div/app-layout/mat-sidenav-container/mat-sidenav-content/div[1]/app-invoice-batch-form/div/div[2]/mat-card/div[1]/form/div[1]/mat-form-field/div/div[1]/div/input} 
2021-04-13 10:18:29,832 INFO  [Root_Class_TestNG] no such element: Unable to locate element: {"method":"xpath","selector":"/html/body/app-root/div/app-layout/mat-sidenav-container/mat-sidenav-content/div[1]/app-invoice-batch-form/div/div[2]/mat-card/div[1]/form/div[3]/div[2]/a"}
  (Session info: chrome=89.0.4389.114)
For documentation on this error, please visit: https://www.seleniumhq.org/exceptions/no_such_element.html
Build info: version: '3.141.59', revision: 'e82be7d358', time: '2018-11-14T08:17:03'
System info: host: 'DESKTOP-T1A7R18', ip: '10.20.152.53', os.name: 'Windows 10', os.arch: 'amd64', os.version: '10.0', java.version: '15.0.2'
Driver info: org.openqa.selenium.chrome.ChromeDriver
Capabilities {acceptInsecureCerts: false, browserName: chrome, browserVersion: 89.0.4389.114, chrome: {chromedriverVersion: 89.0.4389.23 (61b08ee2c5002..., userDataDir: C:\Users\Ascend\AppData\Loc...}, goog:chromeOptions: {debuggerAddress: localhost:56171}, javascriptEnabled: true, networkConnectionEnabled: false, pageLoadStrategy: normal, platform: WINDOWS, platformName: WINDOWS, proxy: Proxy(), setWindowRect: true, strictFileInteractability: false, timeouts: {implicit: 0, pageLoad: 300000, script: 30000}, unhandledPromptBehavior: dismiss and notify, webauthn:extension:largeBlob: true, webauthn:virtualAuthenticators: true}
Session ID: 8feb4898aaa5d7a4a41c7dcfbacba506
*** Element info: {Using=xpath, value=/html/body/app-root/div/app-layout/mat-sidenav-container/mat-sidenav-content/div[1]/app-invoice-batch-form/div/div[2]/mat-card/div[1]/form/div[3]/div[2]/a} 
2021-04-13 10:19:00,232 INFO  [Root_Class_TestNG] no such element: Unable to locate element: {"method":"xpath","selector":"/html/body/app-root/div/app-layout/mat-sidenav-container/mat-sidenav-content/div[1]/app-invoice-batch-form/div/div[2]/mat-card/div[1]/form/div[4]/mat-checkbox"}
  (Session info: chrome=89.0.4389.114)
For documentation on this error, please visit: https://www.seleniumhq.org/exceptions/no_such_element.html
Build info: version: '3.141.59', revision: 'e82be7d358', time: '2018-11-14T08:17:03'
System info: host: 'DESKTOP-T1A7R18', ip: '10.20.152.53', os.name: 'Windows 10', os.arch: 'amd64', os.version: '10.0', java.version: '15.0.2'
Driver info: org.openqa.selenium.chrome.ChromeDriver
Capabilities {acceptInsecureCerts: false, browserName: chrome, browserVersion: 89.0.4389.114, chrome: {chromedriverVersion: 89.0.4389.23 (61b08ee2c5002..., userDataDir: C:\Users\Ascend\AppData\Loc...}, goog:chromeOptions: {debuggerAddress: localhost:56171}, javascriptEnabled: true, networkConnectionEnabled: false, pageLoadStrategy: normal, platform: WINDOWS, platformName: WINDOWS, proxy: Proxy(), setWindowRect: true, strictFileInteractability: false, timeouts: {implicit: 0, pageLoad: 300000, script: 30000}, unhandledPromptBehavior: dismiss and notify, webauthn:extension:largeBlob: true, webauthn:virtualAuthenticators: true}
Session ID: 8feb4898aaa5d7a4a41c7dcfbacba506
*** Element info: {Using=xpath, value=/html/body/app-root/div/app-layout/mat-sidenav-container/mat-sidenav-content/div[1]/app-invoice-batch-form/div/div[2]/mat-card/div[1]/form/div[4]/mat-checkbox} 
2021-04-13 10:20:00,747 INFO  [Root_Class_TestNG] no such element: Unable to locate element: {"method":"xpath","selector":"/html/body/app-root/div/app-layout/mat-sidenav-container/mat-sidenav-content/div[1]/app-invoice-batch-form/div/div[2]/mat-card/div[1]/form/div[8]/div[2]/mat-checkbox/label/div"}
  (Session info: chrome=89.0.4389.114)
For documentation on this error, please visit: https://www.seleniumhq.org/exceptions/no_such_element.html
Build info: version: '3.141.59', revision: 'e82be7d358', time: '2018-11-14T08:17:03'
System info: host: 'DESKTOP-T1A7R18', ip: '10.20.152.53', os.name: 'Windows 10', os.arch: 'amd64', os.version: '10.0', java.version: '15.0.2'
Driver info: org.openqa.selenium.chrome.ChromeDriver
Capabilities {acceptInsecureCerts: false, browserName: chrome, browserVersion: 89.0.4389.114, chrome: {chromedriverVersion: 89.0.4389.23 (61b08ee2c5002..., userDataDir: C:\Users\Ascend\AppData\Loc...}, goog:chromeOptions: {debuggerAddress: localhost:56171}, javascriptEnabled: true, networkConnectionEnabled: false, pageLoadStrategy: normal, platform: WINDOWS, platformName: WINDOWS, proxy: Proxy(), setWindowRect: true, strictFileInteractability: false, timeouts: {implicit: 0, pageLoad: 300000, script: 30000}, unhandledPromptBehavior: dismiss and notify, webauthn:extension:largeBlob: true, webauthn:virtualAuthenticators: true}
Session ID: 8feb4898aaa5d7a4a41c7dcfbacba506
*** Element info: {Using=xpath, value=/html/body/app-root/div/app-layout/mat-sidenav-container/mat-sidenav-content/div[1]/app-invoice-batch-form/div/div[2]/mat-card/div[1]/form/div[8]/div[2]/mat-checkbox/label/div} 
2021-04-13 10:20:36,247 INFO  [Root_Class_TestNG] java.lang.reflect.InvocationTargetException
Build info: version: '3.141.59', revision: 'e82be7d358', time: '2018-11-14T08:17:03'
System info: host: 'DESKTOP-T1A7R18', ip: '10.20.152.53', os.name: 'Windows 10', os.arch: 'amd64', os.version: '10.0', java.version: '15.0.2'
Driver info: driver.version: RemoteWebDriver 
2021-04-13 10:20:36,248 INFO  [Root_Class_TestNG] Waiting till the Person Icon is display 
2021-04-13 10:20:36,384 INFO  [Root_Class_TestNG] Waiting till the Person Icon is click 
2021-04-13 10:20:36,443 INFO  [Root_Class_TestNG] Clicking on the Person Icon 
2021-04-13 10:20:36,690 INFO  [Root_Class_TestNG] Person Icon has clicked 
2021-04-13 10:20:36,690 INFO  [Root_Class_TestNG] Waiting till the Logout is display 
2021-04-13 10:20:37,001 INFO  [Root_Class_TestNG] Waiting till the Logout is click 
2021-04-13 10:20:37,110 INFO  [Root_Class_TestNG] Clicking on the Logout 
2021-04-13 10:20:39,018 INFO  [Root_Class_TestNG] Logout has clicked 
2021-04-13 10:20:44,041 INFO  [Root_Class_TestNG] Waiting till the 'Login Now' button is display 
2021-04-13 10:20:44,100 INFO  [Root_Class_TestNG] Waiting till the 'Login Now' button is click 
2021-04-13 10:20:44,200 INFO  [Root_Class_TestNG] Clicking on the 'Login now' button 
2021-04-13 10:20:44,700 INFO  [Root_Class_TestNG] Login Now has clicked 
2021-04-13 10:20:44,700 INFO  [Root_Class_TestNG] Waiting till the Username text box is display 
2021-04-13 10:20:44,740 INFO  [Root_Class_TestNG] Entering username 
2021-04-13 10:20:44,811 INFO  [Root_Class_TestNG] Username has entered. 
2021-04-13 10:20:44,811 INFO  [Root_Class_TestNG] Waiting till the 'Password' is display 
2021-04-13 10:20:44,836 INFO  [Root_Class_TestNG] Entering password 
2021-04-13 10:20:44,898 INFO  [Root_Class_TestNG] Password has entered 
2021-04-13 10:20:44,898 INFO  [Root_Class_TestNG] Waiting till the 'Login' button is display 
2021-04-13 10:20:44,920 INFO  [Root_Class_TestNG] Waiting till the 'Login' button is click 
2021-04-13 10:20:44,955 INFO  [Root_Class_TestNG] Clicking on the 'Login' button 
2021-04-13 10:20:45,638 INFO  [Root_Class_TestNG] 'Login' button has clicked 
2021-04-13 10:20:45,638 INFO  [Root_Class_TestNG] Waiting till the 'Setup' menu is display 
2021-04-13 10:20:47,473 INFO  [Root_Class_TestNG] Waiting till the 'Invoice' menu is display 
2021-04-13 10:20:47,568 INFO  [Root_Class_TestNG] Biller has able to view the Biller home Page. 
2021-04-13 10:20:47,568 INFO  [Root_Class_TestNG] Waiting till the Page is loading 
2021-04-13 10:21:10,868 INFO  [Root_Class_TestNG] Biller has able to view the message as file processed successfully 
2021-04-13 10:21:26,621 INFO  [Root_Class_TestNG] Waiting till the Person Icon is display 
2021-04-13 10:21:26,718 INFO  [Root_Class_TestNG] Waiting till the Person Icon is click 
2021-04-13 10:21:26,749 INFO  [Root_Class_TestNG] Clicking on the Person Icon 
2021-04-13 10:21:26,940 INFO  [Root_Class_TestNG] Person Icon has clicked 
2021-04-13 10:21:26,940 INFO  [Root_Class_TestNG] Waiting till the Logout is display 
2021-04-13 10:21:27,256 INFO  [Root_Class_TestNG] Waiting till the Logout is click 
2021-04-13 10:21:27,450 INFO  [Root_Class_TestNG] Clicking on the Logout 
2021-04-13 10:21:28,283 INFO  [Root_Class_TestNG] Logout has clicked 
2021-04-13 10:21:33,288 INFO  [Root_Class_TestNG] Waiting till the 'Login Now' button is display 
2021-04-13 10:21:33,312 INFO  [Root_Class_TestNG] Waiting till the 'Login Now' button is click 
2021-04-13 10:21:33,364 INFO  [Root_Class_TestNG] Clicking on the 'Login now' button 
2021-04-13 10:21:34,078 INFO  [Root_Class_TestNG] Login Now has clicked 
2021-04-13 10:21:34,079 INFO  [Root_Class_TestNG] Waiting till the Username text box is display 
2021-04-13 10:21:34,106 INFO  [Root_Class_TestNG] Entering username 
2021-04-13 10:21:34,165 INFO  [Root_Class_TestNG] Username has entered. 
2021-04-13 10:21:34,165 INFO  [Root_Class_TestNG] Waiting till the 'Password' is display 
2021-04-13 10:21:34,185 INFO  [Root_Class_TestNG] Entering password 
2021-04-13 10:21:34,242 INFO  [Root_Class_TestNG] Password has entered 
2021-04-13 10:21:34,242 INFO  [Root_Class_TestNG] Waiting till the 'Login' button is display 
2021-04-13 10:21:34,266 INFO  [Root_Class_TestNG] Waiting till the 'Login' button is click 
2021-04-13 10:21:34,299 INFO  [Root_Class_TestNG] Clicking on the 'Login' button 
2021-04-13 10:21:34,876 INFO  [Root_Class_TestNG] 'Login' button has clicked 
2021-04-13 10:21:34,876 INFO  [Root_Class_TestNG] Waiting till the 'Setup' menu is display 
2021-04-13 10:21:35,584 INFO  [Root_Class_TestNG] Waiting till the 'Invoice' menu is display 
2021-04-13 10:21:35,647 INFO  [Root_Class_TestNG] Biller has able to view the Biller home Page. 
2021-04-13 10:21:35,647 INFO  [Root_Class_TestNG] Waiting till the Page is loading 
2021-04-13 10:21:58,774 INFO  [Root_Class_TestNG] Biller has able to view the message as file processed successfully 
2021-04-13 10:22:04,135 INFO  [Root_Class_TestNG] Waiting till the Person Icon is display 
2021-04-13 10:22:04,229 INFO  [Root_Class_TestNG] Waiting till the Person Icon is click 
2021-04-13 10:22:04,270 INFO  [Root_Class_TestNG] Clicking on the Person Icon 
2021-04-13 10:22:04,531 INFO  [Root_Class_TestNG] Person Icon has clicked 
2021-04-13 10:22:04,531 INFO  [Root_Class_TestNG] Waiting till the Logout is display 
2021-04-13 10:22:04,684 INFO  [Root_Class_TestNG] Waiting till the Logout is click 
2021-04-13 10:22:04,763 INFO  [Root_Class_TestNG] Clicking on the Logout 
2021-04-13 10:22:05,746 INFO  [Root_Class_TestNG] Logout has clicked 
2021-04-13 10:22:10,760 INFO  [Root_Class_TestNG] Waiting till the 'Login Now' button is display 
2021-04-13 10:22:10,825 INFO  [Root_Class_TestNG] Waiting till the 'Login Now' button is click 
2021-04-13 10:22:10,885 INFO  [Root_Class_TestNG] Clicking on the 'Login now' button 
2021-04-13 10:22:11,472 INFO  [Root_Class_TestNG] Login Now has clicked 
2021-04-13 10:22:11,473 INFO  [Root_Class_TestNG] Waiting till the Username text box is display 
2021-04-13 10:22:11,496 INFO  [Root_Class_TestNG] Entering username 
2021-04-13 10:22:11,556 INFO  [Root_Class_TestNG] Username has entered. 
2021-04-13 10:22:11,556 INFO  [Root_Class_TestNG] Waiting till the 'Password' is display 
2021-04-13 10:22:11,575 INFO  [Root_Class_TestNG] Entering password 
2021-04-13 10:22:11,631 INFO  [Root_Class_TestNG] Password has entered 
2021-04-13 10:22:11,631 INFO  [Root_Class_TestNG] Waiting till the 'Login' button is display 
2021-04-13 10:22:11,652 INFO  [Root_Class_TestNG] Waiting till the 'Login' button is click 
2021-04-13 10:22:11,683 INFO  [Root_Class_TestNG] Clicking on the 'Login' button 
2021-04-13 10:22:12,315 INFO  [Root_Class_TestNG] 'Login' button has clicked 
2021-04-13 10:22:12,315 INFO  [Root_Class_TestNG] Waiting till the 'Setup' menu is display 
2021-04-13 10:22:14,220 INFO  [Root_Class_TestNG] Waiting till the 'Invoice' menu is display 
2021-04-13 10:22:14,304 INFO  [Root_Class_TestNG] Biller has able to view the Biller home Page. 
2021-04-13 10:22:14,304 INFO  [Root_Class_TestNG] Waiting till the Page is loading 
2021-04-13 10:25:48,425 INFO  [Root_Class_TestNG] Opening Chrome browser 
2021-04-13 10:25:50,669 INFO  [Root_Class_TestNG] Chrome browser has launched 
2021-04-13 10:25:50,673 INFO  [Root_Class_TestNG] Navigating to Billers portal 
2021-04-13 10:25:55,556 INFO  [Root_Class_TestNG] Billers portal has launched 
2021-04-13 10:25:55,556 INFO  [Root_Class_TestNG] Waiting till the Page is load 
2021-04-13 10:25:55,560 INFO  [Root_Class_TestNG] Browser has waited till the page is load 
2021-04-13 10:25:55,560 INFO  [Root_Class_TestNG] Maximizing window 
2021-04-13 10:25:55,687 INFO  [Root_Class_TestNG] Window has maximized 
2021-04-13 10:25:55,737 INFO  [Root_Class_TestNG] Waiting till the 'Login Now' button is display 
2021-04-13 10:25:55,785 INFO  [Root_Class_TestNG] Waiting till the 'Login Now' button is click 
2021-04-13 10:25:55,848 INFO  [Root_Class_TestNG] Clicking on the 'Login now' button 
2021-04-13 10:25:58,409 INFO  [Root_Class_TestNG] Login Now has clicked 
2021-04-13 10:25:58,411 INFO  [Root_Class_TestNG] Waiting till the Username text box is display 
2021-04-13 10:25:58,444 INFO  [Root_Class_TestNG] Entering username 
2021-04-13 10:25:58,501 INFO  [Root_Class_TestNG] Username has entered. 
2021-04-13 10:25:58,501 INFO  [Root_Class_TestNG] Waiting till the 'Password' is display 
2021-04-13 10:25:58,526 INFO  [Root_Class_TestNG] Entering password 
2021-04-13 10:25:58,589 INFO  [Root_Class_TestNG] Password has entered 
2021-04-13 10:25:58,589 INFO  [Root_Class_TestNG] Waiting till the 'Login' button is display 
2021-04-13 10:25:58,622 INFO  [Root_Class_TestNG] Waiting till the 'Login' button is click 
2021-04-13 10:25:58,659 INFO  [Root_Class_TestNG] Clicking on the 'Login' button 
2021-04-13 10:25:59,808 INFO  [Root_Class_TestNG] 'Login' button has clicked 
2021-04-13 10:25:59,808 INFO  [Root_Class_TestNG] Waiting till the 'Setup' menu is display 
2021-04-13 10:26:01,994 INFO  [Root_Class_TestNG] Waiting till the 'Invoice' menu is display 
2021-04-13 10:26:02,061 INFO  [Root_Class_TestNG] Biller has able to view the Biller home Page. 
2021-04-13 10:26:02,061 INFO  [Root_Class_TestNG] Waiting till the Page is loading 
2021-04-13 10:26:07,627 INFO  [Root_Class_TestNG] no such element: Unable to locate element: {"method":"xpath","selector":"/html/body/app-root/div/app-layout/mat-sidenav-container/mat-sidenav-content/div[1]/app-breadcrumb/div/div/div/div[2]/span"}
  (Session info: chrome=89.0.4389.114)
For documentation on this error, please visit: https://www.seleniumhq.org/exceptions/no_such_element.html
Build info: version: '3.141.59', revision: 'e82be7d358', time: '2018-11-14T08:17:03'
System info: host: 'DESKTOP-T1A7R18', ip: '10.20.152.53', os.name: 'Windows 10', os.arch: 'amd64', os.version: '10.0', java.version: '15.0.2'
Driver info: org.openqa.selenium.chrome.ChromeDriver
Capabilities {acceptInsecureCerts: false, browserName: chrome, browserVersion: 89.0.4389.114, chrome: {chromedriverVersion: 89.0.4389.23 (61b08ee2c5002..., userDataDir: C:\Users\Ascend\AppData\Loc...}, goog:chromeOptions: {debuggerAddress: localhost:57928}, javascriptEnabled: true, networkConnectionEnabled: false, pageLoadStrategy: normal, platform: WINDOWS, platformName: WINDOWS, proxy: Proxy(), setWindowRect: true, strictFileInteractability: false, timeouts: {implicit: 0, pageLoad: 300000, script: 30000}, unhandledPromptBehavior: dismiss and notify, webauthn:extension:largeBlob: true, webauthn:virtualAuthenticators: true}
Session ID: 907eb2ca89ae11dfb193ca59de2a5d9d
*** Element info: {Using=xpath, value=/html/body/app-root/div/app-layout/mat-sidenav-container/mat-sidenav-content/div[1]/app-breadcrumb/div/div/div/div[2]/span} 
2021-04-13 10:26:08,063 INFO  [Root_Class_TestNG] no such element: Unable to locate element: {"method":"xpath","selector":"/html/body/app-root/div/app-layout/mat-sidenav-container/mat-sidenav-content/div[1]/app-invoice-batch/mat-card/mat-card-content/div[1]/div[2]/div[1]/button"}
  (Session info: chrome=89.0.4389.114)
For documentation on this error, please visit: https://www.seleniumhq.org/exceptions/no_such_element.html
Build info: version: '3.141.59', revision: 'e82be7d358', time: '2018-11-14T08:17:03'
System info: host: 'DESKTOP-T1A7R18', ip: '10.20.152.53', os.name: 'Windows 10', os.arch: 'amd64', os.version: '10.0', java.version: '15.0.2'
Driver info: org.openqa.selenium.chrome.ChromeDriver
Capabilities {acceptInsecureCerts: false, browserName: chrome, browserVersion: 89.0.4389.114, chrome: {chromedriverVersion: 89.0.4389.23 (61b08ee2c5002..., userDataDir: C:\Users\Ascend\AppData\Loc...}, goog:chromeOptions: {debuggerAddress: localhost:57928}, javascriptEnabled: true, networkConnectionEnabled: false, pageLoadStrategy: normal, platform: WINDOWS, platformName: WINDOWS, proxy: Proxy(), setWindowRect: true, strictFileInteractability: false, timeouts: {implicit: 0, pageLoad: 300000, script: 30000}, unhandledPromptBehavior: dismiss and notify, webauthn:extension:largeBlob: true, webauthn:virtualAuthenticators: true}
Session ID: 907eb2ca89ae11dfb193ca59de2a5d9d
*** Element info: {Using=xpath, value=/html/body/app-root/div/app-layout/mat-sidenav-container/mat-sidenav-content/div[1]/app-invoice-batch/mat-card/mat-card-content/div[1]/div[2]/div[1]/button} 
2021-04-13 10:26:08,480 INFO  [Root_Class_TestNG] no such element: Unable to locate element: {"method":"xpath","selector":"/html/body/app-root/div/app-layout/mat-sidenav-container/mat-sidenav-content/div[1]/app-invoice-batch-form/div/div[2]/mat-card/div[1]/form/div[1]/mat-form-field/div/div[1]/div/input"}
  (Session info: chrome=89.0.4389.114)
For documentation on this error, please visit: https://www.seleniumhq.org/exceptions/no_such_element.html
Build info: version: '3.141.59', revision: 'e82be7d358', time: '2018-11-14T08:17:03'
System info: host: 'DESKTOP-T1A7R18', ip: '10.20.152.53', os.name: 'Windows 10', os.arch: 'amd64', os.version: '10.0', java.version: '15.0.2'
Driver info: org.openqa.selenium.chrome.ChromeDriver
Capabilities {acceptInsecureCerts: false, browserName: chrome, browserVersion: 89.0.4389.114, chrome: {chromedriverVersion: 89.0.4389.23 (61b08ee2c5002..., userDataDir: C:\Users\Ascend\AppData\Loc...}, goog:chromeOptions: {debuggerAddress: localhost:57928}, javascriptEnabled: true, networkConnectionEnabled: false, pageLoadStrategy: normal, platform: WINDOWS, platformName: WINDOWS, proxy: Proxy(), setWindowRect: true, strictFileInteractability: false, timeouts: {implicit: 0, pageLoad: 300000, script: 30000}, unhandledPromptBehavior: dismiss and notify, webauthn:extension:largeBlob: true, webauthn:virtualAuthenticators: true}
Session ID: 907eb2ca89ae11dfb193ca59de2a5d9d
*** Element info: {Using=xpath, value=/html/body/app-root/div/app-layout/mat-sidenav-container/mat-sidenav-content/div[1]/app-invoice-batch-form/div/div[2]/mat-card/div[1]/form/div[1]/mat-form-field/div/div[1]/div/input} 
2021-04-13 10:26:08,882 INFO  [Root_Class_TestNG] no such element: Unable to locate element: {"method":"xpath","selector":"/html/body/app-root/div/app-layout/mat-sidenav-container/mat-sidenav-content/div[1]/app-invoice-batch-form/div/div[2]/mat-card/div[1]/form/div[1]/mat-form-field/div/div[1]/div/input"}
  (Session info: chrome=89.0.4389.114)
For documentation on this error, please visit: https://www.seleniumhq.org/exceptions/no_such_element.html
Build info: version: '3.141.59', revision: 'e82be7d358', time: '2018-11-14T08:17:03'
System info: host: 'DESKTOP-T1A7R18', ip: '10.20.152.53', os.name: 'Windows 10', os.arch: 'amd64', os.version: '10.0', java.version: '15.0.2'
Driver info: org.openqa.selenium.chrome.ChromeDriver
Capabilities {acceptInsecureCerts: false, browserName: chrome, browserVersion: 89.0.4389.114, chrome: {chromedriverVersion: 89.0.4389.23 (61b08ee2c5002..., userDataDir: C:\Users\Ascend\AppData\Loc...}, goog:chromeOptions: {debuggerAddress: localhost:57928}, javascriptEnabled: true, networkConnectionEnabled: false, pageLoadStrategy: normal, platform: WINDOWS, platformName: WINDOWS, proxy: Proxy(), setWindowRect: true, strictFileInteractability: false, timeouts: {implicit: 0, pageLoad: 300000, script: 30000}, unhandledPromptBehavior: dismiss and notify, webauthn:extension:largeBlob: true, webauthn:virtualAuthenticators: true}
Session ID: 907eb2ca89ae11dfb193ca59de2a5d9d
*** Element info: {Using=xpath, value=/html/body/app-root/div/app-layout/mat-sidenav-container/mat-sidenav-content/div[1]/app-invoice-batch-form/div/div[2]/mat-card/div[1]/form/div[1]/mat-form-field/div/div[1]/div/input} 
2021-04-13 10:26:09,281 INFO  [Root_Class_TestNG] no such element: Unable to locate element: {"method":"xpath","selector":"/html/body/app-root/div/app-layout/mat-sidenav-container/mat-sidenav-content/div[1]/app-invoice-batch-form/div/div[2]/mat-card/div[1]/form/div[2]/mat-chip-list/div/mat-chip"}
  (Session info: chrome=89.0.4389.114)
For documentation on this error, please visit: https://www.seleniumhq.org/exceptions/no_such_element.html
Build info: version: '3.141.59', revision: 'e82be7d358', time: '2018-11-14T08:17:03'
System info: host: 'DESKTOP-T1A7R18', ip: '10.20.152.53', os.name: 'Windows 10', os.arch: 'amd64', os.version: '10.0', java.version: '15.0.2'
Driver info: org.openqa.selenium.chrome.ChromeDriver
Capabilities {acceptInsecureCerts: false, browserName: chrome, browserVersion: 89.0.4389.114, chrome: {chromedriverVersion: 89.0.4389.23 (61b08ee2c5002..., userDataDir: C:\Users\Ascend\AppData\Loc...}, goog:chromeOptions: {debuggerAddress: localhost:57928}, javascriptEnabled: true, networkConnectionEnabled: false, pageLoadStrategy: normal, platform: WINDOWS, platformName: WINDOWS, proxy: Proxy(), setWindowRect: true, strictFileInteractability: false, timeouts: {implicit: 0, pageLoad: 300000, script: 30000}, unhandledPromptBehavior: dismiss and notify, webauthn:extension:largeBlob: true, webauthn:virtualAuthenticators: true}
Session ID: 907eb2ca89ae11dfb193ca59de2a5d9d
*** Element info: {Using=xpath, value=/html/body/app-root/div/app-layout/mat-sidenav-container/mat-sidenav-content/div[1]/app-invoice-batch-form/div/div[2]/mat-card/div[1]/form/div[2]/mat-chip-list/div/mat-chip} 
2021-04-13 10:26:09,689 INFO  [Root_Class_TestNG] no such element: Unable to locate element: {"method":"xpath","selector":"/html/body/app-root/div/app-layout/mat-sidenav-container/mat-sidenav-content/div[1]/app-invoice-batch-form/div/div[2]/mat-card/div[1]/form/div[3]/mat-form-field/div/div[1]/div/mat-select"}
  (Session info: chrome=89.0.4389.114)
For documentation on this error, please visit: https://www.seleniumhq.org/exceptions/no_such_element.html
Build info: version: '3.141.59', revision: 'e82be7d358', time: '2018-11-14T08:17:03'
System info: host: 'DESKTOP-T1A7R18', ip: '10.20.152.53', os.name: 'Windows 10', os.arch: 'amd64', os.version: '10.0', java.version: '15.0.2'
Driver info: org.openqa.selenium.chrome.ChromeDriver
Capabilities {acceptInsecureCerts: false, browserName: chrome, browserVersion: 89.0.4389.114, chrome: {chromedriverVersion: 89.0.4389.23 (61b08ee2c5002..., userDataDir: C:\Users\Ascend\AppData\Loc...}, goog:chromeOptions: {debuggerAddress: localhost:57928}, javascriptEnabled: true, networkConnectionEnabled: false, pageLoadStrategy: normal, platform: WINDOWS, platformName: WINDOWS, proxy: Proxy(), setWindowRect: true, strictFileInteractability: false, timeouts: {implicit: 0, pageLoad: 300000, script: 30000}, unhandledPromptBehavior: dismiss and notify, webauthn:extension:largeBlob: true, webauthn:virtualAuthenticators: true}
Session ID: 907eb2ca89ae11dfb193ca59de2a5d9d
*** Element info: {Using=xpath, value=/html/body/app-root/div/app-layout/mat-sidenav-container/mat-sidenav-content/div[1]/app-invoice-batch-form/div/div[2]/mat-card/div[1]/form/div[3]/mat-form-field/div/div[1]/div/mat-select} 
2021-04-13 10:26:09,720 INFO  [Root_Class_TestNG] Waiting till the 'Click here' has to be display 
2021-04-13 10:26:40,195 INFO  [Root_Class_TestNG] Expected condition failed: waiting for visibility of Proxy element for: DefaultElementLocator 'By.linkText: click here' (tried for 30 second(s) with 500 milliseconds interval) 
2021-04-13 10:26:40,612 INFO  [Root_Class_TestNG] no such element: Unable to locate element: {"method":"xpath","selector":"/html/body/app-root/div/app-layout/mat-sidenav-container/mat-sidenav-content/div[1]/app-invoice-batch-form/div/div[2]/mat-card/div[1]/form/div[3]/mat-form-field/div/div[1]/div/mat-select"}
  (Session info: chrome=89.0.4389.114)
For documentation on this error, please visit: https://www.seleniumhq.org/exceptions/no_such_element.html
Build info: version: '3.141.59', revision: 'e82be7d358', time: '2018-11-14T08:17:03'
System info: host: 'DESKTOP-T1A7R18', ip: '10.20.152.53', os.name: 'Windows 10', os.arch: 'amd64', os.version: '10.0', java.version: '15.0.2'
Driver info: org.openqa.selenium.chrome.ChromeDriver
Capabilities {acceptInsecureCerts: false, browserName: chrome, browserVersion: 89.0.4389.114, chrome: {chromedriverVersion: 89.0.4389.23 (61b08ee2c5002..., userDataDir: C:\Users\Ascend\AppData\Loc...}, goog:chromeOptions: {debuggerAddress: localhost:57928}, javascriptEnabled: true, networkConnectionEnabled: false, pageLoadStrategy: normal, platform: WINDOWS, platformName: WINDOWS, proxy: Proxy(), setWindowRect: true, strictFileInteractability: false, timeouts: {implicit: 0, pageLoad: 300000, script: 30000}, unhandledPromptBehavior: dismiss and notify, webauthn:extension:largeBlob: true, webauthn:virtualAuthenticators: true}
Session ID: 907eb2ca89ae11dfb193ca59de2a5d9d
*** Element info: {Using=xpath, value=/html/body/app-root/div/app-layout/mat-sidenav-container/mat-sidenav-content/div[1]/app-invoice-batch-form/div/div[2]/mat-card/div[1]/form/div[3]/mat-form-field/div/div[1]/div/mat-select} 
2021-04-13 10:26:41,011 INFO  [Root_Class_TestNG] no such element: Unable to locate element: {"method":"xpath","selector":"/html/body/app-root/div/app-layout/mat-sidenav-container/mat-sidenav-content/div[1]/app-invoice-batch-form/div/div[2]/mat-card/div[1]/form/div[4]/mat-checkbox"}
  (Session info: chrome=89.0.4389.114)
For documentation on this error, please visit: https://www.seleniumhq.org/exceptions/no_such_element.html
Build info: version: '3.141.59', revision: 'e82be7d358', time: '2018-11-14T08:17:03'
System info: host: 'DESKTOP-T1A7R18', ip: '10.20.152.53', os.name: 'Windows 10', os.arch: 'amd64', os.version: '10.0', java.version: '15.0.2'
Driver info: org.openqa.selenium.chrome.ChromeDriver
Capabilities {acceptInsecureCerts: false, browserName: chrome, browserVersion: 89.0.4389.114, chrome: {chromedriverVersion: 89.0.4389.23 (61b08ee2c5002..., userDataDir: C:\Users\Ascend\AppData\Loc...}, goog:chromeOptions: {debuggerAddress: localhost:57928}, javascriptEnabled: true, networkConnectionEnabled: false, pageLoadStrategy: normal, platform: WINDOWS, platformName: WINDOWS, proxy: Proxy(), setWindowRect: true, strictFileInteractability: false, timeouts: {implicit: 0, pageLoad: 300000, script: 30000}, unhandledPromptBehavior: dismiss and notify, webauthn:extension:largeBlob: true, webauthn:virtualAuthenticators: true}
Session ID: 907eb2ca89ae11dfb193ca59de2a5d9d
*** Element info: {Using=xpath, value=/html/body/app-root/div/app-layout/mat-sidenav-container/mat-sidenav-content/div[1]/app-invoice-batch-form/div/div[2]/mat-card/div[1]/form/div[4]/mat-checkbox} 
2021-04-13 10:26:41,076 INFO  [Root_Class_TestNG] Waiting till the Person Icon is display 
2021-04-13 10:26:41,216 INFO  [Root_Class_TestNG] Waiting till the Person Icon is click 
2021-04-13 10:26:41,282 INFO  [Root_Class_TestNG] Clicking on the Person Icon 
2021-04-13 10:26:41,519 INFO  [Root_Class_TestNG] Person Icon has clicked 
2021-04-13 10:26:41,519 INFO  [Root_Class_TestNG] Waiting till the Logout is display 
2021-04-13 10:26:41,704 INFO  [Root_Class_TestNG] Waiting till the Logout is click 
2021-04-13 10:26:41,826 INFO  [Root_Class_TestNG] Clicking on the Logout 
2021-04-13 10:26:43,257 INFO  [Root_Class_TestNG] Logout has clicked 
2021-04-13 10:26:48,267 INFO  [Root_Class_TestNG] Waiting till the 'Login Now' button is display 
2021-04-13 10:26:48,324 INFO  [Root_Class_TestNG] Waiting till the 'Login Now' button is click 
2021-04-13 10:26:48,425 INFO  [Root_Class_TestNG] Clicking on the 'Login now' button 
2021-04-13 10:26:49,412 INFO  [Root_Class_TestNG] Login Now has clicked 
2021-04-13 10:26:49,413 INFO  [Root_Class_TestNG] Waiting till the Username text box is display 
2021-04-13 10:26:49,448 INFO  [Root_Class_TestNG] Entering username 
2021-04-13 10:26:49,536 INFO  [Root_Class_TestNG] Username has entered. 
2021-04-13 10:26:49,536 INFO  [Root_Class_TestNG] Waiting till the 'Password' is display 
2021-04-13 10:26:49,561 INFO  [Root_Class_TestNG] Entering password 
2021-04-13 10:26:49,640 INFO  [Root_Class_TestNG] Password has entered 
2021-04-13 10:26:49,641 INFO  [Root_Class_TestNG] Waiting till the 'Login' button is display 
2021-04-13 10:26:49,680 INFO  [Root_Class_TestNG] Waiting till the 'Login' button is click 
2021-04-13 10:26:49,748 INFO  [Root_Class_TestNG] Clicking on the 'Login' button 
2021-04-13 10:26:50,350 INFO  [Root_Class_TestNG] 'Login' button has clicked 
2021-04-13 10:26:50,350 INFO  [Root_Class_TestNG] Waiting till the 'Setup' menu is display 
2021-04-13 10:26:51,590 INFO  [Root_Class_TestNG] Waiting till the 'Invoice' menu is display 
2021-04-13 10:26:51,716 INFO  [Root_Class_TestNG] Biller has able to view the Biller home Page. 
2021-04-13 10:26:51,716 INFO  [Root_Class_TestNG] Waiting till the Page is loading 
2021-04-13 10:27:17,823 INFO  [Root_Class_TestNG] Biller has able to view the message as file processed successfully 
2021-04-13 10:27:29,998 INFO  [Root_Class_TestNG] no such element: Unable to locate element: {"method":"xpath","selector":"/html/body/app-root/div/app-layout/mat-sidenav-container/mat-sidenav-content/div[1]/app-invoice-batch/mat-card/mat-card-content/div[1]/div[1]/mat-form-field/div/div[1]/div[1]/input"}
  (Session info: chrome=89.0.4389.114)
For documentation on this error, please visit: https://www.seleniumhq.org/exceptions/no_such_element.html
Build info: version: '3.141.59', revision: 'e82be7d358', time: '2018-11-14T08:17:03'
System info: host: 'DESKTOP-T1A7R18', ip: '10.20.152.53', os.name: 'Windows 10', os.arch: 'amd64', os.version: '10.0', java.version: '15.0.2'
Driver info: org.openqa.selenium.chrome.ChromeDriver
Capabilities {acceptInsecureCerts: false, browserName: chrome, browserVersion: 89.0.4389.114, chrome: {chromedriverVersion: 89.0.4389.23 (61b08ee2c5002..., userDataDir: C:\Users\Ascend\AppData\Loc...}, goog:chromeOptions: {debuggerAddress: localhost:57928}, javascriptEnabled: true, networkConnectionEnabled: false, pageLoadStrategy: normal, platform: WINDOWS, platformName: WINDOWS, proxy: Proxy(), setWindowRect: true, strictFileInteractability: false, timeouts: {implicit: 0, pageLoad: 300000, script: 30000}, unhandledPromptBehavior: dismiss and notify, webauthn:extension:largeBlob: true, webauthn:virtualAuthenticators: true}
Session ID: 907eb2ca89ae11dfb193ca59de2a5d9d
*** Element info: {Using=xpath, value=/html/body/app-root/div/app-layout/mat-sidenav-container/mat-sidenav-content/div[1]/app-invoice-batch/mat-card/mat-card-content/div[1]/div[1]/mat-form-field/div/div[1]/div[1]/input} 
2021-04-13 10:27:30,000 INFO  [Root_Class_TestNG] Waiting till the Person Icon is display 
2021-04-13 10:27:30,124 INFO  [Root_Class_TestNG] Waiting till the Person Icon is click 
2021-04-13 10:27:30,197 INFO  [Root_Class_TestNG] Clicking on the Person Icon 
2021-04-13 10:27:30,368 INFO  [Root_Class_TestNG] Person Icon has clicked 
2021-04-13 10:27:30,368 INFO  [Root_Class_TestNG] Waiting till the Logout is display 
2021-04-13 10:28:00,771 INFO  [Root_Class_TestNG] Person icon has not clicked.  But it displayed the Exception as Expected condition failed: waiting for visibility of Proxy element for: DefaultElementLocator 'By.linkText: Log Out' (tried for 30 second(s) with 500 milliseconds interval) 
2021-04-13 10:28:00,771 INFO  [Root_Class_TestNG] Waiting till the 'Login Now' button is display 
2021-04-13 10:28:16,568 INFO  [Root_Class_TestNG] Waiting till the 'Login Now' button is click 
2021-04-13 10:28:16,667 INFO  [Root_Class_TestNG] Clicking on the 'Login now' button 
2021-04-13 10:28:17,749 INFO  [Root_Class_TestNG] Login Now has clicked 
2021-04-13 10:28:17,749 INFO  [Root_Class_TestNG] Waiting till the Username text box is display 
2021-04-13 10:28:17,801 INFO  [Root_Class_TestNG] Entering username 
2021-04-13 10:28:17,889 INFO  [Root_Class_TestNG] Username has entered. 
2021-04-13 10:28:17,889 INFO  [Root_Class_TestNG] Waiting till the 'Password' is display 
2021-04-13 10:28:17,924 INFO  [Root_Class_TestNG] Entering password 
2021-04-13 10:28:18,035 INFO  [Root_Class_TestNG] Password has entered 
2021-04-13 10:28:18,035 INFO  [Root_Class_TestNG] Waiting till the 'Login' button is display 
2021-04-13 10:28:18,094 INFO  [Root_Class_TestNG] Waiting till the 'Login' button is click 
2021-04-13 10:28:18,140 INFO  [Root_Class_TestNG] Clicking on the 'Login' button 
2021-04-13 10:28:18,880 INFO  [Root_Class_TestNG] 'Login' button has clicked 
2021-04-13 10:28:18,880 INFO  [Root_Class_TestNG] Waiting till the 'Setup' menu is display 
2021-04-13 10:28:20,090 INFO  [Root_Class_TestNG] Waiting till the 'Invoice' menu is display 
2021-04-13 10:28:20,216 INFO  [Root_Class_TestNG] Biller has able to view the Biller home Page. 
2021-04-13 10:28:20,216 INFO  [Root_Class_TestNG] Waiting till the Page is loading 
2021-04-13 10:28:43,260 INFO  [Root_Class_TestNG] Biller has able to view the message as file processed successfully 
2021-04-13 10:28:59,119 INFO  [Root_Class_TestNG] Waiting till the Person Icon is display 
2021-04-13 10:28:59,239 INFO  [Root_Class_TestNG] Waiting till the Person Icon is click 
2021-04-13 10:28:59,297 INFO  [Root_Class_TestNG] Clicking on the Person Icon 
2021-04-13 10:28:59,556 INFO  [Root_Class_TestNG] Person Icon has clicked 
2021-04-13 10:28:59,556 INFO  [Root_Class_TestNG] Waiting till the Logout is display 
2021-04-13 10:28:59,780 INFO  [Root_Class_TestNG] Waiting till the Logout is click 
2021-04-13 10:28:59,889 INFO  [Root_Class_TestNG] Clicking on the Logout 
2021-04-13 10:29:00,693 INFO  [Root_Class_TestNG] Logout has clicked 
2021-04-13 10:29:05,712 INFO  [Root_Class_TestNG] Waiting till the 'Login Now' button is display 
2021-04-13 10:29:05,773 INFO  [Root_Class_TestNG] Waiting till the 'Login Now' button is click 
2021-04-13 10:29:05,872 INFO  [Root_Class_TestNG] Clicking on the 'Login now' button 
2021-04-13 10:29:06,541 INFO  [Root_Class_TestNG] Login Now has clicked 
2021-04-13 10:29:06,541 INFO  [Root_Class_TestNG] Waiting till the Username text box is display 
2021-04-13 10:29:06,575 INFO  [Root_Class_TestNG] Entering username 
2021-04-13 10:29:06,629 INFO  [Root_Class_TestNG] Username has entered. 
2021-04-13 10:29:06,630 INFO  [Root_Class_TestNG] Waiting till the 'Password' is display 
2021-04-13 10:29:06,656 INFO  [Root_Class_TestNG] Entering password 
2021-04-13 10:29:06,772 INFO  [Root_Class_TestNG] Password has entered 
2021-04-13 10:29:06,772 INFO  [Root_Class_TestNG] Waiting till the 'Login' button is display 
2021-04-13 10:29:06,805 INFO  [Root_Class_TestNG] Waiting till the 'Login' button is click 
2021-04-13 10:29:06,868 INFO  [Root_Class_TestNG] Clicking on the 'Login' button 
2021-04-13 10:29:07,512 INFO  [Root_Class_TestNG] 'Login' button has clicked 
2021-04-13 10:29:07,512 INFO  [Root_Class_TestNG] Waiting till the 'Setup' menu is display 
2021-04-13 10:29:09,270 INFO  [Root_Class_TestNG] Waiting till the 'Invoice' menu is display 
2021-04-13 10:29:09,409 INFO  [Root_Class_TestNG] Biller has able to view the Biller home Page. 
2021-04-13 10:29:09,409 INFO  [Root_Class_TestNG] Waiting till the Page is loading 
2021-04-13 10:29:32,473 INFO  [Root_Class_TestNG] Biller has able to view the message as file processed successfully 
2021-04-13 10:29:37,840 INFO  [Root_Class_TestNG] Waiting till the Person Icon is display 
2021-04-13 10:29:37,972 INFO  [Root_Class_TestNG] Waiting till the Person Icon is click 
2021-04-13 10:29:38,035 INFO  [Root_Class_TestNG] Clicking on the Person Icon 
2021-04-13 10:29:38,288 INFO  [Root_Class_TestNG] Person Icon has clicked 
2021-04-13 10:29:38,288 INFO  [Root_Class_TestNG] Waiting till the Logout is display 
2021-04-13 10:29:38,534 INFO  [Root_Class_TestNG] Waiting till the Logout is click 
2021-04-13 10:29:38,643 INFO  [Root_Class_TestNG] Clicking on the Logout 
2021-04-13 10:29:39,948 INFO  [Root_Class_TestNG] Logout has clicked 
2021-04-13 10:29:44,963 INFO  [Root_Class_TestNG] Quiting the browser 
2021-04-13 10:29:45,641 INFO  [Root_Class_TestNG] Browser has closed 
2021-04-13 10:50:28,448 INFO  [Root_Class_TestNG] Opening Chrome browser 
2021-04-13 10:50:31,632 INFO  [Root_Class_TestNG] Chrome browser has launched 
2021-04-13 10:50:31,632 INFO  [Root_Class_TestNG] Navigating to Billers portal 
2021-04-13 10:50:36,527 INFO  [Root_Class_TestNG] Billers portal has launched 
2021-04-13 10:50:36,527 INFO  [Root_Class_TestNG] Waiting till the Page is load 
2021-04-13 10:50:36,532 INFO  [Root_Class_TestNG] Browser has waited till the page is load 
2021-04-13 10:50:36,532 INFO  [Root_Class_TestNG] Maximizing window 
2021-04-13 10:50:36,660 INFO  [Root_Class_TestNG] Window has maximized 
2021-04-13 10:50:36,701 INFO  [Root_Class_TestNG] Waiting till the 'Login Now' button is display 
2021-04-13 10:50:36,771 INFO  [Root_Class_TestNG] Waiting till the 'Login Now' button is click 
2021-04-13 10:50:36,902 INFO  [Root_Class_TestNG] Clicking on the 'Login now' button 
2021-04-13 10:50:39,997 INFO  [Root_Class_TestNG] Login Now has clicked 
2021-04-13 10:50:40,003 INFO  [Root_Class_TestNG] Waiting till the Username text box is display 
2021-04-13 10:50:40,115 INFO  [Root_Class_TestNG] Entering username 
2021-04-13 10:50:40,287 INFO  [Root_Class_TestNG] Username has entered. 
2021-04-13 10:50:40,287 INFO  [Root_Class_TestNG] Waiting till the 'Password' is display 
2021-04-13 10:50:40,313 INFO  [Root_Class_TestNG] Entering password 
2021-04-13 10:50:40,374 INFO  [Root_Class_TestNG] Password has entered 
2021-04-13 10:50:40,374 INFO  [Root_Class_TestNG] Waiting till the 'Login' button is display 
2021-04-13 10:50:40,403 INFO  [Root_Class_TestNG] Waiting till the 'Login' button is click 
2021-04-13 10:50:40,442 INFO  [Root_Class_TestNG] Clicking on the 'Login' button 
2021-04-13 10:50:41,294 INFO  [Root_Class_TestNG] 'Login' button has clicked 
2021-04-13 10:50:41,294 INFO  [Root_Class_TestNG] Waiting till the 'Setup' menu is display 
2021-04-13 10:50:42,563 INFO  [Root_Class_TestNG] Waiting till the 'Invoice' menu is display 
2021-04-13 10:50:42,636 INFO  [Root_Class_TestNG] Biller has able to view the Biller home Page. 
2021-04-13 10:50:42,636 INFO  [Root_Class_TestNG] Waiting till the Page is loading 
2021-04-13 10:50:53,688 INFO  [Root_Class_TestNG] Waiting till the 'Click here' has to be display 
2021-04-13 10:50:53,789 INFO  [Root_Class_TestNG] 'Click here' link has displayed 
2021-04-13 10:50:53,789 INFO  [Root_Class_TestNG] Waiting till the 'Click here' has to be enable 
2021-04-13 10:50:53,878 INFO  [Root_Class_TestNG] 'Click here' link has enabled to click 
2021-04-13 10:51:07,321 INFO  [Root_Class_TestNG] Biller has able to open,edit and enter the data in the file 
2021-04-13 10:51:22,937 INFO  [Root_Class_TestNG] Biller has able to view the message as file processed successfully 
2021-04-13 10:51:22,941 INFO  [Root_Class_TestNG] Waiting till the Person Icon is display 
2021-04-13 10:51:23,080 INFO  [Root_Class_TestNG] Waiting till the Person Icon is click 
2021-04-13 10:51:23,147 INFO  [Root_Class_TestNG] Clicking on the Person Icon 
2021-04-13 10:51:23,372 INFO  [Root_Class_TestNG] Person Icon has clicked 
2021-04-13 10:51:23,372 INFO  [Root_Class_TestNG] Waiting till the Logout is display 
2021-04-13 10:51:23,557 INFO  [Root_Class_TestNG] Waiting till the Logout is click 
2021-04-13 10:51:23,681 INFO  [Root_Class_TestNG] Clicking on the Logout 
2021-04-13 10:51:24,573 INFO  [Root_Class_TestNG] Logout has clicked 
2021-04-13 10:51:29,587 INFO  [Root_Class_TestNG] Waiting till the 'Login Now' button is display 
2021-04-13 10:51:29,655 INFO  [Root_Class_TestNG] Waiting till the 'Login Now' button is click 
2021-04-13 10:51:29,759 INFO  [Root_Class_TestNG] Clicking on the 'Login now' button 
2021-04-13 10:51:30,379 INFO  [Root_Class_TestNG] Login Now has clicked 
2021-04-13 10:51:30,379 INFO  [Root_Class_TestNG] Waiting till the Username text box is display 
2021-04-13 10:51:30,414 INFO  [Root_Class_TestNG] Entering username 
2021-04-13 10:51:30,476 INFO  [Root_Class_TestNG] Username has entered. 
2021-04-13 10:51:30,476 INFO  [Root_Class_TestNG] Waiting till the 'Password' is display 
2021-04-13 10:51:30,505 INFO  [Root_Class_TestNG] Entering password 
2021-04-13 10:51:30,610 INFO  [Root_Class_TestNG] Password has entered 
2021-04-13 10:51:30,610 INFO  [Root_Class_TestNG] Waiting till the 'Login' button is display 
2021-04-13 10:51:30,645 INFO  [Root_Class_TestNG] Waiting till the 'Login' button is click 
2021-04-13 10:51:30,717 INFO  [Root_Class_TestNG] Clicking on the 'Login' button 
2021-04-13 10:51:31,451 INFO  [Root_Class_TestNG] 'Login' button has clicked 
2021-04-13 10:51:31,451 INFO  [Root_Class_TestNG] Waiting till the 'Setup' menu is display 
2021-04-13 10:51:32,698 INFO  [Root_Class_TestNG] Waiting till the 'Invoice' menu is display 
2021-04-13 10:51:32,811 INFO  [Root_Class_TestNG] Biller has able to view the Biller home Page. 
2021-04-13 10:51:32,811 INFO  [Root_Class_TestNG] Waiting till the Page is loading 
2021-04-13 10:51:57,572 INFO  [Root_Class_TestNG] Biller has able to view the message as file processed successfully 
2021-04-13 10:52:12,720 INFO  [Root_Class_TestNG] Waiting till the Person Icon is display 
2021-04-13 10:52:12,842 INFO  [Root_Class_TestNG] Waiting till the Person Icon is click 
2021-04-13 10:52:12,912 INFO  [Root_Class_TestNG] Clicking on the Person Icon 
2021-04-13 10:52:13,128 INFO  [Root_Class_TestNG] Person Icon has clicked 
2021-04-13 10:52:13,129 INFO  [Root_Class_TestNG] Waiting till the Logout is display 
2021-04-13 10:52:13,368 INFO  [Root_Class_TestNG] Waiting till the Logout is click 
2021-04-13 10:52:13,511 INFO  [Root_Class_TestNG] Clicking on the Logout 
2021-04-13 10:52:15,044 INFO  [Root_Class_TestNG] Logout has clicked 
2021-04-13 10:52:20,057 INFO  [Root_Class_TestNG] Waiting till the 'Login Now' button is display 
2021-04-13 10:52:20,128 INFO  [Root_Class_TestNG] Waiting till the 'Login Now' button is click 
2021-04-13 10:52:20,241 INFO  [Root_Class_TestNG] Clicking on the 'Login now' button 
2021-04-13 10:52:21,263 INFO  [Root_Class_TestNG] Login Now has clicked 
2021-04-13 10:52:21,263 INFO  [Root_Class_TestNG] Waiting till the Username text box is display 
2021-04-13 10:52:21,319 INFO  [Root_Class_TestNG] Entering username 
2021-04-13 10:52:21,387 INFO  [Root_Class_TestNG] Username has entered. 
2021-04-13 10:52:21,387 INFO  [Root_Class_TestNG] Waiting till the 'Password' is display 
2021-04-13 10:52:21,424 INFO  [Root_Class_TestNG] Entering password 
2021-04-13 10:52:21,535 INFO  [Root_Class_TestNG] Password has entered 
2021-04-13 10:52:21,535 INFO  [Root_Class_TestNG] Waiting till the 'Login' button is display 
2021-04-13 10:52:21,570 INFO  [Root_Class_TestNG] Waiting till the 'Login' button is click 
2021-04-13 10:52:21,637 INFO  [Root_Class_TestNG] Clicking on the 'Login' button 
2021-04-13 10:52:22,755 INFO  [Root_Class_TestNG] 'Login' button has clicked 
2021-04-13 10:52:22,755 INFO  [Root_Class_TestNG] Waiting till the 'Setup' menu is display 
2021-04-13 10:52:23,967 INFO  [Root_Class_TestNG] Waiting till the 'Invoice' menu is display 
2021-04-13 10:52:24,096 INFO  [Root_Class_TestNG] Biller has able to view the Biller home Page. 
2021-04-13 10:52:24,096 INFO  [Root_Class_TestNG] Waiting till the Page is loading 
2021-04-13 10:52:47,116 INFO  [Root_Class_TestNG] Biller has able to view the message as file processed successfully 
2021-04-13 10:53:02,909 INFO  [Root_Class_TestNG] Waiting till the Person Icon is display 
2021-04-13 10:53:03,075 INFO  [Root_Class_TestNG] Waiting till the Person Icon is click 
2021-04-13 10:53:03,146 INFO  [Root_Class_TestNG] Clicking on the Person Icon 
2021-04-13 10:53:03,302 INFO  [Root_Class_TestNG] Person Icon has clicked 
2021-04-13 10:53:03,302 INFO  [Root_Class_TestNG] Waiting till the Logout is display 
2021-04-13 10:53:33,429 INFO  [Root_Class_TestNG] Person icon has not clicked.  But it displayed the Exception as Expected condition failed: waiting for visibility of Proxy element for: DefaultElementLocator 'By.linkText: Log Out' (tried for 30 second(s) with 500 milliseconds interval) 
2021-04-13 10:53:33,432 INFO  [Root_Class_TestNG] Waiting till the 'Login Now' button is display 
2021-04-13 10:53:39,641 INFO  [Root_Class_TestNG] Waiting till the 'Login Now' button is click 
2021-04-13 10:53:39,703 INFO  [Root_Class_TestNG] Clicking on the 'Login now' button 
2021-04-13 10:53:40,140 INFO  [Root_Class_TestNG] Login Now has clicked 
2021-04-13 10:53:40,140 INFO  [Root_Class_TestNG] Waiting till the Username text box is display 
2021-04-13 10:53:40,171 INFO  [Root_Class_TestNG] Entering username 
2021-04-13 10:53:40,226 INFO  [Root_Class_TestNG] Username has entered. 
2021-04-13 10:53:40,226 INFO  [Root_Class_TestNG] Waiting till the 'Password' is display 
2021-04-13 10:53:40,251 INFO  [Root_Class_TestNG] Entering password 
2021-04-13 10:53:40,368 INFO  [Root_Class_TestNG] Password has entered 
2021-04-13 10:53:40,368 INFO  [Root_Class_TestNG] Waiting till the 'Login' button is display 
2021-04-13 10:53:40,392 INFO  [Root_Class_TestNG] Waiting till the 'Login' button is click 
2021-04-13 10:53:40,455 INFO  [Root_Class_TestNG] Clicking on the 'Login' button 
2021-04-13 10:53:41,079 INFO  [Root_Class_TestNG] 'Login' button has clicked 
2021-04-13 10:53:41,079 INFO  [Root_Class_TestNG] Waiting till the 'Setup' menu is display 
2021-04-13 10:53:42,383 INFO  [Root_Class_TestNG] Waiting till the 'Invoice' menu is display 
2021-04-13 10:53:42,497 INFO  [Root_Class_TestNG] Biller has able to view the Biller home Page. 
2021-04-13 10:53:42,497 INFO  [Root_Class_TestNG] Waiting till the Page is loading 
2021-04-13 10:54:05,404 INFO  [Root_Class_TestNG] Biller has able to view the message as file processed successfully 
2021-04-13 10:54:10,802 INFO  [Root_Class_TestNG] Waiting till the Person Icon is display 
2021-04-13 10:54:10,931 INFO  [Root_Class_TestNG] Waiting till the Person Icon is click 
2021-04-13 10:54:10,988 INFO  [Root_Class_TestNG] Clicking on the Person Icon 
2021-04-13 10:54:11,208 INFO  [Root_Class_TestNG] Person Icon has clicked 
2021-04-13 10:54:11,208 INFO  [Root_Class_TestNG] Waiting till the Logout is display 
2021-04-13 10:54:11,946 INFO  [Root_Class_TestNG] Waiting till the Logout is click 
2021-04-13 10:54:12,092 INFO  [Root_Class_TestNG] Clicking on the Logout 
2021-04-13 10:54:12,923 INFO  [Root_Class_TestNG] Logout has clicked 
2021-04-13 10:54:17,933 INFO  [Root_Class_TestNG] Quiting the browser 
2021-04-13 10:54:18,654 INFO  [Root_Class_TestNG] Browser has closed 
2021-04-15 10:15:49,798 INFO  [Root_Class_TestNG] Opening Chrome browser 
2021-04-15 10:15:57,739 INFO  [Root_Class_TestNG] Chrome browser has launched 
2021-04-15 10:15:57,739 INFO  [Root_Class_TestNG] Navigating to Billers portal 
2021-04-15 10:16:06,268 INFO  [Root_Class_TestNG] Billers portal has launched 
2021-04-15 10:16:06,269 INFO  [Root_Class_TestNG] Waiting till the Page is load 
2021-04-15 10:16:06,279 INFO  [Root_Class_TestNG] Browser has waited till the page is load 
2021-04-15 10:16:06,280 INFO  [Root_Class_TestNG] Maximizing window 
2021-04-15 10:16:06,448 INFO  [Root_Class_TestNG] Window has maximized 
2021-04-15 10:16:06,558 INFO  [Root_Class_TestNG] Waiting till the 'Login Now' button is display 
2021-04-15 10:16:06,629 INFO  [Root_Class_TestNG] Waiting till the 'Login Now' button is click 
2021-04-15 10:16:06,756 INFO  [Root_Class_TestNG] Clicking on the 'Login now' button 
2021-04-15 10:16:13,573 INFO  [Root_Class_TestNG] Login Now has clicked 
2021-04-15 10:16:13,578 INFO  [Root_Class_TestNG] Waiting till the Username text box is display 
2021-04-15 10:16:13,647 INFO  [Root_Class_TestNG] Entering username 
2021-04-15 10:16:13,744 INFO  [Root_Class_TestNG] Username has entered. 
2021-04-15 10:16:13,744 INFO  [Root_Class_TestNG] Waiting till the 'Password' is display 
2021-04-15 10:16:13,783 INFO  [Root_Class_TestNG] Entering password 
2021-04-15 10:16:13,891 INFO  [Root_Class_TestNG] Password has entered 
2021-04-15 10:16:13,891 INFO  [Root_Class_TestNG] Waiting till the 'Login' button is display 
2021-04-15 10:16:13,930 INFO  [Root_Class_TestNG] Waiting till the 'Login' button is click 
2021-04-15 10:16:14,000 INFO  [Root_Class_TestNG] Clicking on the 'Login' button 
2021-04-15 10:16:15,451 INFO  [Root_Class_TestNG] 'Login' button has clicked 
2021-04-15 10:16:15,451 INFO  [Root_Class_TestNG] Waiting till the 'Setup' menu is display 
2021-04-15 10:17:24,441 INFO  [Root_Class_TestNG] Opening Chrome browser 
2021-04-15 10:17:26,586 INFO  [Root_Class_TestNG] Chrome browser has launched 
2021-04-15 10:17:26,586 INFO  [Root_Class_TestNG] Navigating to Billers portal 
2021-04-15 10:17:39,495 INFO  [Root_Class_TestNG] Billers portal has launched 
2021-04-15 10:17:39,495 INFO  [Root_Class_TestNG] Waiting till the Page is load 
2021-04-15 10:17:39,504 INFO  [Root_Class_TestNG] Browser has waited till the page is load 
2021-04-15 10:17:39,504 INFO  [Root_Class_TestNG] Maximizing window 
2021-04-15 10:17:39,663 INFO  [Root_Class_TestNG] Window has maximized 
2021-04-15 10:17:39,794 INFO  [Root_Class_TestNG] Waiting till the 'Login Now' button is display 
2021-04-15 10:17:39,890 INFO  [Root_Class_TestNG] Waiting till the 'Login Now' button is click 
2021-04-15 10:17:39,995 INFO  [Root_Class_TestNG] Clicking on the 'Login now' button 
2021-04-15 10:17:47,769 INFO  [Root_Class_TestNG] Login Now has clicked 
2021-04-15 10:17:47,771 INFO  [Root_Class_TestNG] Waiting till the Username text box is display 
2021-04-15 10:21:57,526 INFO  [Root_Class_TestNG] Opening Chrome browser 
2021-04-15 10:21:59,632 INFO  [Root_Class_TestNG] Chrome browser has launched 
2021-04-15 10:21:59,632 INFO  [Root_Class_TestNG] Navigating to Billers portal 
2021-04-15 10:22:06,196 INFO  [Root_Class_TestNG] Billers portal has launched 
2021-04-15 10:22:06,196 INFO  [Root_Class_TestNG] Waiting till the Page is load 
2021-04-15 10:22:06,198 INFO  [Root_Class_TestNG] Browser has waited till the page is load 
2021-04-15 10:22:06,198 INFO  [Root_Class_TestNG] Maximizing window 
2021-04-15 10:22:06,314 INFO  [Root_Class_TestNG] Window has maximized 
2021-04-15 10:22:06,390 INFO  [Root_Class_TestNG] Waiting till the 'Login Now' button is display 
2021-04-15 10:22:06,452 INFO  [Root_Class_TestNG] Waiting till the 'Login Now' button is click 
2021-04-15 10:22:06,526 INFO  [Root_Class_TestNG] Clicking on the 'Login now' button 
2021-04-15 10:22:11,719 INFO  [Root_Class_TestNG] Login Now has clicked 
2021-04-15 10:22:11,722 INFO  [Root_Class_TestNG] Waiting till the Username text box is display 
2021-04-15 10:22:11,779 INFO  [Root_Class_TestNG] Entering username 
2021-04-15 10:22:11,868 INFO  [Root_Class_TestNG] Username has entered. 
2021-04-15 10:22:11,868 INFO  [Root_Class_TestNG] Waiting till the 'Password' is display 
2021-04-15 10:22:11,923 INFO  [Root_Class_TestNG] Entering password 
2021-04-15 10:22:12,048 INFO  [Root_Class_TestNG] Password has entered 
2021-04-15 10:22:12,049 INFO  [Root_Class_TestNG] Waiting till the 'Login' button is display 
2021-04-15 10:22:12,088 INFO  [Root_Class_TestNG] Waiting till the 'Login' button is click 
2021-04-15 10:22:12,170 INFO  [Root_Class_TestNG] Clicking on the 'Login' button 
2021-04-15 10:22:13,953 INFO  [Root_Class_TestNG] 'Login' button has clicked 
2021-04-15 10:22:13,953 INFO  [Root_Class_TestNG] Waiting till the 'Setup' menu is display 
2021-04-15 10:22:15,174 INFO  [Root_Class_TestNG] Waiting till the 'Invoice' menu is display 
2021-04-15 10:22:45,377 INFO  [Root_Class_TestNG] 'Login' button has not clicked, but it displayed the Exception as..Expected condition failed: waiting for visibility of Proxy element for: DefaultElementLocator 'By.xpath: /html/body/app-root/div/app-layout/mat-toolbar/div/div[1]/div/app-horizontal-menu/div/div[2]/a/span[1]/span' (tried for 30 second(s) with 500 milliseconds interval) 
2021-04-15 10:22:45,379 INFO  [Root_Class_TestNG] Waiting till the Page is loading 
2021-04-15 10:22:45,780 INFO  [Root_Class_TestNG] no such element: Unable to locate element: {"method":"xpath","selector":"/html/body/app-root/div/app-layout/mat-toolbar/div/div[1]/div/app-horizontal-menu/div/div[4]/a"}
  (Session info: chrome=89.0.4389.128)
For documentation on this error, please visit: https://www.seleniumhq.org/exceptions/no_such_element.html
Build info: version: '3.141.59', revision: 'e82be7d358', time: '2018-11-14T08:17:03'
System info: host: 'DESKTOP-T1A7R18', ip: '10.20.152.53', os.name: 'Windows 10', os.arch: 'amd64', os.version: '10.0', java.version: '15.0.2'
Driver info: org.openqa.selenium.chrome.ChromeDriver
Capabilities {acceptInsecureCerts: false, browserName: chrome, browserVersion: 89.0.4389.128, chrome: {chromedriverVersion: 89.0.4389.23 (61b08ee2c5002..., userDataDir: C:\Users\Ascend\AppData\Loc...}, goog:chromeOptions: {debuggerAddress: localhost:61321}, javascriptEnabled: true, networkConnectionEnabled: false, pageLoadStrategy: normal, platform: WINDOWS, platformName: WINDOWS, proxy: Proxy(), setWindowRect: true, strictFileInteractability: false, timeouts: {implicit: 0, pageLoad: 300000, script: 30000}, unhandledPromptBehavior: dismiss and notify, webauthn:extension:largeBlob: true, webauthn:virtualAuthenticators: true}
Session ID: 60e8c96a49cbbb7a859b2d17d2bbec5e
*** Element info: {Using=xpath, value=/html/body/app-root/div/app-layout/mat-toolbar/div/div[1]/div/app-horizontal-menu/div/div[4]/a} 
2021-04-15 10:22:46,305 INFO  [Root_Class_TestNG] no such element: Unable to locate element: {"method":"xpath","selector":"/html/body/app-root/div/app-layout/mat-sidenav-container/mat-sidenav-content/div[1]/app-dashboard/div/div[1]/mat-card/form/mat-form-field[1]/div/div[1]/div[1]/input"}
  (Session info: chrome=89.0.4389.128)
For documentation on this error, please visit: https://www.seleniumhq.org/exceptions/no_such_element.html
Build info: version: '3.141.59', revision: 'e82be7d358', time: '2018-11-14T08:17:03'
System info: host: 'DESKTOP-T1A7R18', ip: '10.20.152.53', os.name: 'Windows 10', os.arch: 'amd64', os.version: '10.0', java.version: '15.0.2'
Driver info: org.openqa.selenium.chrome.ChromeDriver
Capabilities {acceptInsecureCerts: false, browserName: chrome, browserVersion: 89.0.4389.128, chrome: {chromedriverVersion: 89.0.4389.23 (61b08ee2c5002..., userDataDir: C:\Users\Ascend\AppData\Loc...}, goog:chromeOptions: {debuggerAddress: localhost:61321}, javascriptEnabled: true, networkConnectionEnabled: false, pageLoadStrategy: normal, platform: WINDOWS, platformName: WINDOWS, proxy: Proxy(), setWindowRect: true, strictFileInteractability: false, timeouts: {implicit: 0, pageLoad: 300000, script: 30000}, unhandledPromptBehavior: dismiss and notify, webauthn:extension:largeBlob: true, webauthn:virtualAuthenticators: true}
Session ID: 60e8c96a49cbbb7a859b2d17d2bbec5e
*** Element info: {Using=xpath, value=/html/body/app-root/div/app-layout/mat-sidenav-container/mat-sidenav-content/div[1]/app-dashboard/div/div[1]/mat-card/form/mat-form-field[1]/div/div[1]/div[1]/input} 
2021-04-15 10:22:46,683 INFO  [Root_Class_TestNG] no such element: Unable to locate element: {"method":"xpath","selector":"/html/body/app-root/div/app-layout/mat-sidenav-container/mat-sidenav-content/div[1]/app-dashboard/div/div[1]/mat-card/form/mat-form-field[2]/div/div[1]/div[1]/input"}
  (Session info: chrome=89.0.4389.128)
For documentation on this error, please visit: https://www.seleniumhq.org/exceptions/no_such_element.html
Build info: version: '3.141.59', revision: 'e82be7d358', time: '2018-11-14T08:17:03'
System info: host: 'DESKTOP-T1A7R18', ip: '10.20.152.53', os.name: 'Windows 10', os.arch: 'amd64', os.version: '10.0', java.version: '15.0.2'
Driver info: org.openqa.selenium.chrome.ChromeDriver
Capabilities {acceptInsecureCerts: false, browserName: chrome, browserVersion: 89.0.4389.128, chrome: {chromedriverVersion: 89.0.4389.23 (61b08ee2c5002..., userDataDir: C:\Users\Ascend\AppData\Loc...}, goog:chromeOptions: {debuggerAddress: localhost:61321}, javascriptEnabled: true, networkConnectionEnabled: false, pageLoadStrategy: normal, platform: WINDOWS, platformName: WINDOWS, proxy: Proxy(), setWindowRect: true, strictFileInteractability: false, timeouts: {implicit: 0, pageLoad: 300000, script: 30000}, unhandledPromptBehavior: dismiss and notify, webauthn:extension:largeBlob: true, webauthn:virtualAuthenticators: true}
Session ID: 60e8c96a49cbbb7a859b2d17d2bbec5e
*** Element info: {Using=xpath, value=/html/body/app-root/div/app-layout/mat-sidenav-container/mat-sidenav-content/div[1]/app-dashboard/div/div[1]/mat-card/form/mat-form-field[2]/div/div[1]/div[1]/input} 
2021-04-15 10:22:47,054 INFO  [Root_Class_TestNG] no such element: Unable to locate element: {"method":"xpath","selector":"/html/body/app-root/div/app-layout/mat-sidenav-container/mat-sidenav-content/div[1]/app-dashboard/div/div[2]/div[1]/app-invoice-count/mat-card/div[2]/div/div[2]/div[1]/div[2]/span"}
  (Session info: chrome=89.0.4389.128)
For documentation on this error, please visit: https://www.seleniumhq.org/exceptions/no_such_element.html
Build info: version: '3.141.59', revision: 'e82be7d358', time: '2018-11-14T08:17:03'
System info: host: 'DESKTOP-T1A7R18', ip: '10.20.152.53', os.name: 'Windows 10', os.arch: 'amd64', os.version: '10.0', java.version: '15.0.2'
Driver info: org.openqa.selenium.chrome.ChromeDriver
Capabilities {acceptInsecureCerts: false, browserName: chrome, browserVersion: 89.0.4389.128, chrome: {chromedriverVersion: 89.0.4389.23 (61b08ee2c5002..., userDataDir: C:\Users\Ascend\AppData\Loc...}, goog:chromeOptions: {debuggerAddress: localhost:61321}, javascriptEnabled: true, networkConnectionEnabled: false, pageLoadStrategy: normal, platform: WINDOWS, platformName: WINDOWS, proxy: Proxy(), setWindowRect: true, strictFileInteractability: false, timeouts: {implicit: 0, pageLoad: 300000, script: 30000}, unhandledPromptBehavior: dismiss and notify, webauthn:extension:largeBlob: true, webauthn:virtualAuthenticators: true}
Session ID: 60e8c96a49cbbb7a859b2d17d2bbec5e
*** Element info: {Using=xpath, value=/html/body/app-root/div/app-layout/mat-sidenav-container/mat-sidenav-content/div[1]/app-dashboard/div/div[2]/div[1]/app-invoice-count/mat-card/div[2]/div/div[2]/div[1]/div[2]/span} 
2021-04-15 10:22:47,481 INFO  [Root_Class_TestNG] no such element: Unable to locate element: {"method":"xpath","selector":"/html/body/app-root/div/app-layout/mat-sidenav-container/mat-sidenav-content/div[1]/app-dashboard/div/div[2]/div[2]/app-outstanding-amount/mat-card/div[2]/div/div[2]/div[1]/div[2]/span[2]"}
  (Session info: chrome=89.0.4389.128)
For documentation on this error, please visit: https://www.seleniumhq.org/exceptions/no_such_element.html
Build info: version: '3.141.59', revision: 'e82be7d358', time: '2018-11-14T08:17:03'
System info: host: 'DESKTOP-T1A7R18', ip: '10.20.152.53', os.name: 'Windows 10', os.arch: 'amd64', os.version: '10.0', java.version: '15.0.2'
Driver info: org.openqa.selenium.chrome.ChromeDriver
Capabilities {acceptInsecureCerts: false, browserName: chrome, browserVersion: 89.0.4389.128, chrome: {chromedriverVersion: 89.0.4389.23 (61b08ee2c5002..., userDataDir: C:\Users\Ascend\AppData\Loc...}, goog:chromeOptions: {debuggerAddress: localhost:61321}, javascriptEnabled: true, networkConnectionEnabled: false, pageLoadStrategy: normal, platform: WINDOWS, platformName: WINDOWS, proxy: Proxy(), setWindowRect: true, strictFileInteractability: false, timeouts: {implicit: 0, pageLoad: 300000, script: 30000}, unhandledPromptBehavior: dismiss and notify, webauthn:extension:largeBlob: true, webauthn:virtualAuthenticators: true}
Session ID: 60e8c96a49cbbb7a859b2d17d2bbec5e
*** Element info: {Using=xpath, value=/html/body/app-root/div/app-layout/mat-sidenav-container/mat-sidenav-content/div[1]/app-dashboard/div/div[2]/div[2]/app-outstanding-amount/mat-card/div[2]/div/div[2]/div[1]/div[2]/span[2]} 
2021-04-15 10:22:47,858 INFO  [Root_Class_TestNG] no such element: Unable to locate element: {"method":"xpath","selector":"/html/body/app-root/div/app-layout/mat-sidenav-container/mat-sidenav-content/div[1]/app-dashboard/div/div[3]/app-aging-trend/mat-card/div[2]/div/table/tr[2]/td[3]/span[2]"}
  (Session info: chrome=89.0.4389.128)
For documentation on this error, please visit: https://www.seleniumhq.org/exceptions/no_such_element.html
Build info: version: '3.141.59', revision: 'e82be7d358', time: '2018-11-14T08:17:03'
System info: host: 'DESKTOP-T1A7R18', ip: '10.20.152.53', os.name: 'Windows 10', os.arch: 'amd64', os.version: '10.0', java.version: '15.0.2'
Driver info: org.openqa.selenium.chrome.ChromeDriver
Capabilities {acceptInsecureCerts: false, browserName: chrome, browserVersion: 89.0.4389.128, chrome: {chromedriverVersion: 89.0.4389.23 (61b08ee2c5002..., userDataDir: C:\Users\Ascend\AppData\Loc...}, goog:chromeOptions: {debuggerAddress: localhost:61321}, javascriptEnabled: true, networkConnectionEnabled: false, pageLoadStrategy: normal, platform: WINDOWS, platformName: WINDOWS, proxy: Proxy(), setWindowRect: true, strictFileInteractability: false, timeouts: {implicit: 0, pageLoad: 300000, script: 30000}, unhandledPromptBehavior: dismiss and notify, webauthn:extension:largeBlob: true, webauthn:virtualAuthenticators: true}
Session ID: 60e8c96a49cbbb7a859b2d17d2bbec5e
*** Element info: {Using=xpath, value=/html/body/app-root/div/app-layout/mat-sidenav-container/mat-sidenav-content/div[1]/app-dashboard/div/div[3]/app-aging-trend/mat-card/div[2]/div/table/tr[2]/td[3]/span[2]} 
2021-04-15 10:22:48,241 INFO  [Root_Class_TestNG] no such element: Unable to locate element: {"method":"xpath","selector":"/html/body/app-root/div/app-layout/mat-sidenav-container/mat-sidenav-content/div[1]/app-dashboard/div/div[4]/app-payment-trend/mat-card/div[2]/div/div[2]/div[1]/div[2]/span[2]"}
  (Session info: chrome=89.0.4389.128)
For documentation on this error, please visit: https://www.seleniumhq.org/exceptions/no_such_element.html
Build info: version: '3.141.59', revision: 'e82be7d358', time: '2018-11-14T08:17:03'
System info: host: 'DESKTOP-T1A7R18', ip: '10.20.152.53', os.name: 'Windows 10', os.arch: 'amd64', os.version: '10.0', java.version: '15.0.2'
Driver info: org.openqa.selenium.chrome.ChromeDriver
Capabilities {acceptInsecureCerts: false, browserName: chrome, browserVersion: 89.0.4389.128, chrome: {chromedriverVersion: 89.0.4389.23 (61b08ee2c5002..., userDataDir: C:\Users\Ascend\AppData\Loc...}, goog:chromeOptions: {debuggerAddress: localhost:61321}, javascriptEnabled: true, networkConnectionEnabled: false, pageLoadStrategy: normal, platform: WINDOWS, platformName: WINDOWS, proxy: Proxy(), setWindowRect: true, strictFileInteractability: false, timeouts: {implicit: 0, pageLoad: 300000, script: 30000}, unhandledPromptBehavior: dismiss and notify, webauthn:extension:largeBlob: true, webauthn:virtualAuthenticators: true}
Session ID: 60e8c96a49cbbb7a859b2d17d2bbec5e
*** Element info: {Using=xpath, value=/html/body/app-root/div/app-layout/mat-sidenav-container/mat-sidenav-content/div[1]/app-dashboard/div/div[4]/app-payment-trend/mat-card/div[2]/div/div[2]/div[1]/div[2]/span[2]} 
2021-04-15 10:22:48,246 INFO  [Root_Class_TestNG] Waiting till the Person Icon is display 
2021-04-15 10:23:18,876 INFO  [Root_Class_TestNG] org.openqa.selenium.TimeoutException: Expected condition failed: waiting for visibility of Proxy element for: DefaultElementLocator 'By.xpath: /html/body/app-root/div/app-layout/mat-toolbar/div/div[3]/app-user-menu/button/span[1]/mat-icon' (tried for 30 second(s) with 500 milliseconds interval) 
2021-04-15 10:23:18,880 INFO  [Root_Class_TestNG] Waiting till the 'Login Now' button is display 
2021-04-15 10:23:18,947 INFO  [Root_Class_TestNG] Waiting till the 'Login Now' button is click 
2021-04-15 10:23:19,071 INFO  [Root_Class_TestNG] Clicking on the 'Login now' button 
2021-04-15 10:23:20,039 INFO  [Root_Class_TestNG] Login Now has clicked 
2021-04-15 10:23:20,039 INFO  [Root_Class_TestNG] Waiting till the Username text box is display 
2021-04-15 10:23:20,078 INFO  [Root_Class_TestNG] Entering username 
2021-04-15 10:23:20,140 INFO  [Root_Class_TestNG] Username has entered. 
2021-04-15 10:23:20,140 INFO  [Root_Class_TestNG] Waiting till the 'Password' is display 
2021-04-15 10:23:20,183 INFO  [Root_Class_TestNG] Entering password 
2021-04-15 10:23:20,299 INFO  [Root_Class_TestNG] Password has entered 
2021-04-15 10:23:20,299 INFO  [Root_Class_TestNG] Waiting till the 'Login' button is display 
2021-04-15 10:23:20,337 INFO  [Root_Class_TestNG] Waiting till the 'Login' button is click 
2021-04-15 10:23:20,404 INFO  [Root_Class_TestNG] Clicking on the 'Login' button 
2021-04-15 10:23:21,239 INFO  [Root_Class_TestNG] 'Login' button has clicked 
2021-04-15 10:23:21,239 INFO  [Root_Class_TestNG] Waiting till the 'Setup' menu is display 
2021-04-15 10:23:22,496 INFO  [Root_Class_TestNG] Waiting till the 'Invoice' menu is display 
2021-04-15 10:23:52,915 INFO  [Root_Class_TestNG] 'Login' button has not clicked, but it displayed the Exception as..Expected condition failed: waiting for visibility of Proxy element for: DefaultElementLocator 'By.xpath: /html/body/app-root/div/app-layout/mat-toolbar/div/div[1]/div/app-horizontal-menu/div/div[2]/a/span[1]/span' (tried for 30 second(s) with 500 milliseconds interval) 
2021-04-15 10:23:52,915 INFO  [Root_Class_TestNG] Waiting till the Page is loading 
2021-04-15 10:23:53,368 INFO  [Root_Class_TestNG] no such element: Unable to locate element: {"method":"xpath","selector":"/html/body/app-root/div/app-layout/mat-toolbar/div/div[1]/div/app-horizontal-menu/div/div[4]/a"}
  (Session info: chrome=89.0.4389.128)
For documentation on this error, please visit: https://www.seleniumhq.org/exceptions/no_such_element.html
Build info: version: '3.141.59', revision: 'e82be7d358', time: '2018-11-14T08:17:03'
System info: host: 'DESKTOP-T1A7R18', ip: '10.20.152.53', os.name: 'Windows 10', os.arch: 'amd64', os.version: '10.0', java.version: '15.0.2'
Driver info: org.openqa.selenium.chrome.ChromeDriver
Capabilities {acceptInsecureCerts: false, browserName: chrome, browserVersion: 89.0.4389.128, chrome: {chromedriverVersion: 89.0.4389.23 (61b08ee2c5002..., userDataDir: C:\Users\Ascend\AppData\Loc...}, goog:chromeOptions: {debuggerAddress: localhost:61321}, javascriptEnabled: true, networkConnectionEnabled: false, pageLoadStrategy: normal, platform: WINDOWS, platformName: WINDOWS, proxy: Proxy(), setWindowRect: true, strictFileInteractability: false, timeouts: {implicit: 0, pageLoad: 300000, script: 30000}, unhandledPromptBehavior: dismiss and notify, webauthn:extension:largeBlob: true, webauthn:virtualAuthenticators: true}
Session ID: 60e8c96a49cbbb7a859b2d17d2bbec5e
*** Element info: {Using=xpath, value=/html/body/app-root/div/app-layout/mat-toolbar/div/div[1]/div/app-horizontal-menu/div/div[4]/a} 
2021-04-15 10:23:53,797 INFO  [Root_Class_TestNG] no such element: Unable to locate element: {"method":"xpath","selector":"/html/body/app-root/div/app-layout/mat-sidenav-container/mat-sidenav-content/div[1]/app-dashboard/div/div[1]/mat-card/form/mat-form-field[3]/div/div[1]/div/mat-select"}
  (Session info: chrome=89.0.4389.128)
For documentation on this error, please visit: https://www.seleniumhq.org/exceptions/no_such_element.html
Build info: version: '3.141.59', revision: 'e82be7d358', time: '2018-11-14T08:17:03'
System info: host: 'DESKTOP-T1A7R18', ip: '10.20.152.53', os.name: 'Windows 10', os.arch: 'amd64', os.version: '10.0', java.version: '15.0.2'
Driver info: org.openqa.selenium.chrome.ChromeDriver
Capabilities {acceptInsecureCerts: false, browserName: chrome, browserVersion: 89.0.4389.128, chrome: {chromedriverVersion: 89.0.4389.23 (61b08ee2c5002..., userDataDir: C:\Users\Ascend\AppData\Loc...}, goog:chromeOptions: {debuggerAddress: localhost:61321}, javascriptEnabled: true, networkConnectionEnabled: false, pageLoadStrategy: normal, platform: WINDOWS, platformName: WINDOWS, proxy: Proxy(), setWindowRect: true, strictFileInteractability: false, timeouts: {implicit: 0, pageLoad: 300000, script: 30000}, unhandledPromptBehavior: dismiss and notify, webauthn:extension:largeBlob: true, webauthn:virtualAuthenticators: true}
Session ID: 60e8c96a49cbbb7a859b2d17d2bbec5e
*** Element info: {Using=xpath, value=/html/body/app-root/div/app-layout/mat-sidenav-container/mat-sidenav-content/div[1]/app-dashboard/div/div[1]/mat-card/form/mat-form-field[3]/div/div[1]/div/mat-select} 
2021-04-15 10:23:54,225 INFO  [Root_Class_TestNG] no such element: Unable to locate element: {"method":"xpath","selector":"/html/body/app-root/div/div[2]/div[2]/div/div/div/ngx-mat-select-search/div/input"}
  (Session info: chrome=89.0.4389.128)
For documentation on this error, please visit: https://www.seleniumhq.org/exceptions/no_such_element.html
Build info: version: '3.141.59', revision: 'e82be7d358', time: '2018-11-14T08:17:03'
System info: host: 'DESKTOP-T1A7R18', ip: '10.20.152.53', os.name: 'Windows 10', os.arch: 'amd64', os.version: '10.0', java.version: '15.0.2'
Driver info: org.openqa.selenium.chrome.ChromeDriver
Capabilities {acceptInsecureCerts: false, browserName: chrome, browserVersion: 89.0.4389.128, chrome: {chromedriverVersion: 89.0.4389.23 (61b08ee2c5002..., userDataDir: C:\Users\Ascend\AppData\Loc...}, goog:chromeOptions: {debuggerAddress: localhost:61321}, javascriptEnabled: true, networkConnectionEnabled: false, pageLoadStrategy: normal, platform: WINDOWS, platformName: WINDOWS, proxy: Proxy(), setWindowRect: true, strictFileInteractability: false, timeouts: {implicit: 0, pageLoad: 300000, script: 30000}, unhandledPromptBehavior: dismiss and notify, webauthn:extension:largeBlob: true, webauthn:virtualAuthenticators: true}
Session ID: 60e8c96a49cbbb7a859b2d17d2bbec5e
*** Element info: {Using=xpath, value=/html/body/app-root/div/div[2]/div[2]/div/div/div/ngx-mat-select-search/div/input} 
2021-04-15 10:23:54,667 INFO  [Root_Class_TestNG] no such element: Unable to locate element: {"method":"xpath","selector":"//mat-option/span[contains(.,'TestBatch-02')]"}
  (Session info: chrome=89.0.4389.128)
For documentation on this error, please visit: https://www.seleniumhq.org/exceptions/no_such_element.html
Build info: version: '3.141.59', revision: 'e82be7d358', time: '2018-11-14T08:17:03'
System info: host: 'DESKTOP-T1A7R18', ip: '10.20.152.53', os.name: 'Windows 10', os.arch: 'amd64', os.version: '10.0', java.version: '15.0.2'
Driver info: org.openqa.selenium.chrome.ChromeDriver
Capabilities {acceptInsecureCerts: false, browserName: chrome, browserVersion: 89.0.4389.128, chrome: {chromedriverVersion: 89.0.4389.23 (61b08ee2c5002..., userDataDir: C:\Users\Ascend\AppData\Loc...}, goog:chromeOptions: {debuggerAddress: localhost:61321}, javascriptEnabled: true, networkConnectionEnabled: false, pageLoadStrategy: normal, platform: WINDOWS, platformName: WINDOWS, proxy: Proxy(), setWindowRect: true, strictFileInteractability: false, timeouts: {implicit: 0, pageLoad: 300000, script: 30000}, unhandledPromptBehavior: dismiss and notify, webauthn:extension:largeBlob: true, webauthn:virtualAuthenticators: true}
Session ID: 60e8c96a49cbbb7a859b2d17d2bbec5e
*** Element info: {Using=xpath, value=//mat-option/span[contains(.,'TestBatch-02')]} 
2021-04-15 10:23:55,121 INFO  [Root_Class_TestNG] no such element: Unable to locate element: {"method":"xpath","selector":"/html/body/app-root/div/app-layout/mat-sidenav-container/mat-sidenav-content/div[1]/app-dashboard/div/div[2]/div[1]/app-invoice-count/mat-card/div[2]/div/div[2]/div[1]/div[2]/span"}
  (Session info: chrome=89.0.4389.128)
For documentation on this error, please visit: https://www.seleniumhq.org/exceptions/no_such_element.html
Build info: version: '3.141.59', revision: 'e82be7d358', time: '2018-11-14T08:17:03'
System info: host: 'DESKTOP-T1A7R18', ip: '10.20.152.53', os.name: 'Windows 10', os.arch: 'amd64', os.version: '10.0', java.version: '15.0.2'
Driver info: org.openqa.selenium.chrome.ChromeDriver
Capabilities {acceptInsecureCerts: false, browserName: chrome, browserVersion: 89.0.4389.128, chrome: {chromedriverVersion: 89.0.4389.23 (61b08ee2c5002..., userDataDir: C:\Users\Ascend\AppData\Loc...}, goog:chromeOptions: {debuggerAddress: localhost:61321}, javascriptEnabled: true, networkConnectionEnabled: false, pageLoadStrategy: normal, platform: WINDOWS, platformName: WINDOWS, proxy: Proxy(), setWindowRect: true, strictFileInteractability: false, timeouts: {implicit: 0, pageLoad: 300000, script: 30000}, unhandledPromptBehavior: dismiss and notify, webauthn:extension:largeBlob: true, webauthn:virtualAuthenticators: true}
Session ID: 60e8c96a49cbbb7a859b2d17d2bbec5e
*** Element info: {Using=xpath, value=/html/body/app-root/div/app-layout/mat-sidenav-container/mat-sidenav-content/div[1]/app-dashboard/div/div[2]/div[1]/app-invoice-count/mat-card/div[2]/div/div[2]/div[1]/div[2]/span} 
2021-04-15 10:23:55,121 INFO  [Root_Class_TestNG] Waiting till the Person Icon is display 
2021-04-15 10:24:26,058 INFO  [Root_Class_TestNG] org.openqa.selenium.TimeoutException: Expected condition failed: waiting for visibility of Proxy element for: DefaultElementLocator 'By.xpath: /html/body/app-root/div/app-layout/mat-toolbar/div/div[3]/app-user-menu/button/span[1]/mat-icon' (tried for 30 second(s) with 500 milliseconds interval) 
2021-04-15 10:24:26,058 INFO  [Root_Class_TestNG] Waiting till the 'Login Now' button is display 
2021-04-15 10:24:56,090 INFO  [Root_Class_TestNG] Login process has not completed.  But it displayed the Exception as..
Expected condition failed: waiting for visibility of Proxy element for: DefaultElementLocator 'By.xpath: /html/body/app-root/div/app-layout/mat-sidenav-container/mat-sidenav-content/div[1]/app-landing/div[1]/div/div[2]/div/button/span[1]' (tried for 30 second(s) with 500 milliseconds interval) 
2021-04-15 10:24:56,512 INFO  [Root_Class_TestNG] no such element: Unable to locate element: {"method":"xpath","selector":"/html/body/app-root/div/app-layout/mat-toolbar/div/div[1]/div/app-horizontal-menu/div/div[4]/a"}
  (Session info: chrome=89.0.4389.128)
For documentation on this error, please visit: https://www.seleniumhq.org/exceptions/no_such_element.html
Build info: version: '3.141.59', revision: 'e82be7d358', time: '2018-11-14T08:17:03'
System info: host: 'DESKTOP-T1A7R18', ip: '10.20.152.53', os.name: 'Windows 10', os.arch: 'amd64', os.version: '10.0', java.version: '15.0.2'
Driver info: org.openqa.selenium.chrome.ChromeDriver
Capabilities {acceptInsecureCerts: false, browserName: chrome, browserVersion: 89.0.4389.128, chrome: {chromedriverVersion: 89.0.4389.23 (61b08ee2c5002..., userDataDir: C:\Users\Ascend\AppData\Loc...}, goog:chromeOptions: {debuggerAddress: localhost:61321}, javascriptEnabled: true, networkConnectionEnabled: false, pageLoadStrategy: normal, platform: WINDOWS, platformName: WINDOWS, proxy: Proxy(), setWindowRect: true, strictFileInteractability: false, timeouts: {implicit: 0, pageLoad: 300000, script: 30000}, unhandledPromptBehavior: dismiss and notify, webauthn:extension:largeBlob: true, webauthn:virtualAuthenticators: true}
Session ID: 60e8c96a49cbbb7a859b2d17d2bbec5e
*** Element info: {Using=xpath, value=/html/body/app-root/div/app-layout/mat-toolbar/div/div[1]/div/app-horizontal-menu/div/div[4]/a} 
2021-04-15 10:24:56,950 INFO  [Root_Class_TestNG] no such element: Unable to locate element: {"method":"xpath","selector":"/html/body/app-root/div/app-layout/mat-sidenav-container/mat-sidenav-content/div[1]/app-dashboard/div/div[4]/app-payment-trend/mat-card/div[2]/div/div[2]/div[4]/div[1]"}
  (Session info: chrome=89.0.4389.128)
For documentation on this error, please visit: https://www.seleniumhq.org/exceptions/no_such_element.html
Build info: version: '3.141.59', revision: 'e82be7d358', time: '2018-11-14T08:17:03'
System info: host: 'DESKTOP-T1A7R18', ip: '10.20.152.53', os.name: 'Windows 10', os.arch: 'amd64', os.version: '10.0', java.version: '15.0.2'
Driver info: org.openqa.selenium.chrome.ChromeDriver
Capabilities {acceptInsecureCerts: false, browserName: chrome, browserVersion: 89.0.4389.128, chrome: {chromedriverVersion: 89.0.4389.23 (61b08ee2c5002..., userDataDir: C:\Users\Ascend\AppData\Loc...}, goog:chromeOptions: {debuggerAddress: localhost:61321}, javascriptEnabled: true, networkConnectionEnabled: false, pageLoadStrategy: normal, platform: WINDOWS, platformName: WINDOWS, proxy: Proxy(), setWindowRect: true, strictFileInteractability: false, timeouts: {implicit: 0, pageLoad: 300000, script: 30000}, unhandledPromptBehavior: dismiss and notify, webauthn:extension:largeBlob: true, webauthn:virtualAuthenticators: true}
Session ID: 60e8c96a49cbbb7a859b2d17d2bbec5e
*** Element info: {Using=xpath, value=/html/body/app-root/div/app-layout/mat-sidenav-container/mat-sidenav-content/div[1]/app-dashboard/div/div[4]/app-payment-trend/mat-card/div[2]/div/div[2]/div[4]/div[1]} 
2021-04-15 10:24:57,387 INFO  [Root_Class_TestNG] no such element: Unable to locate element: {"method":"xpath","selector":"/html/body/app-root/div/app-layout/mat-sidenav-container/mat-sidenav-content/div[1]/app-dashboard/div/div[4]/app-payment-trend/mat-card/div[2]/div/div[2]/div[5]/div[1]"}
  (Session info: chrome=89.0.4389.128)
For documentation on this error, please visit: https://www.seleniumhq.org/exceptions/no_such_element.html
Build info: version: '3.141.59', revision: 'e82be7d358', time: '2018-11-14T08:17:03'
System info: host: 'DESKTOP-T1A7R18', ip: '10.20.152.53', os.name: 'Windows 10', os.arch: 'amd64', os.version: '10.0', java.version: '15.0.2'
Driver info: org.openqa.selenium.chrome.ChromeDriver
Capabilities {acceptInsecureCerts: false, browserName: chrome, browserVersion: 89.0.4389.128, chrome: {chromedriverVersion: 89.0.4389.23 (61b08ee2c5002..., userDataDir: C:\Users\Ascend\AppData\Loc...}, goog:chromeOptions: {debuggerAddress: localhost:61321}, javascriptEnabled: true, networkConnectionEnabled: false, pageLoadStrategy: normal, platform: WINDOWS, platformName: WINDOWS, proxy: Proxy(), setWindowRect: true, strictFileInteractability: false, timeouts: {implicit: 0, pageLoad: 300000, script: 30000}, unhandledPromptBehavior: dismiss and notify, webauthn:extension:largeBlob: true, webauthn:virtualAuthenticators: true}
Session ID: 60e8c96a49cbbb7a859b2d17d2bbec5e
*** Element info: {Using=xpath, value=/html/body/app-root/div/app-layout/mat-sidenav-container/mat-sidenav-content/div[1]/app-dashboard/div/div[4]/app-payment-trend/mat-card/div[2]/div/div[2]/div[5]/div[1]} 
2021-04-15 10:24:57,827 INFO  [Root_Class_TestNG] no such element: Unable to locate element: {"method":"xpath","selector":"/html/body/app-root/div/app-layout/mat-sidenav-container/mat-sidenav-content/div[1]/app-dashboard/div/div[4]/app-payment-trend/mat-card/div[2]/div/div[2]/div[3]/div[1]"}
  (Session info: chrome=89.0.4389.128)
For documentation on this error, please visit: https://www.seleniumhq.org/exceptions/no_such_element.html
Build info: version: '3.141.59', revision: 'e82be7d358', time: '2018-11-14T08:17:03'
System info: host: 'DESKTOP-T1A7R18', ip: '10.20.152.53', os.name: 'Windows 10', os.arch: 'amd64', os.version: '10.0', java.version: '15.0.2'
Driver info: org.openqa.selenium.chrome.ChromeDriver
Capabilities {acceptInsecureCerts: false, browserName: chrome, browserVersion: 89.0.4389.128, chrome: {chromedriverVersion: 89.0.4389.23 (61b08ee2c5002..., userDataDir: C:\Users\Ascend\AppData\Loc...}, goog:chromeOptions: {debuggerAddress: localhost:61321}, javascriptEnabled: true, networkConnectionEnabled: false, pageLoadStrategy: normal, platform: WINDOWS, platformName: WINDOWS, proxy: Proxy(), setWindowRect: true, strictFileInteractability: false, timeouts: {implicit: 0, pageLoad: 300000, script: 30000}, unhandledPromptBehavior: dismiss and notify, webauthn:extension:largeBlob: true, webauthn:virtualAuthenticators: true}
Session ID: 60e8c96a49cbbb7a859b2d17d2bbec5e
*** Element info: {Using=xpath, value=/html/body/app-root/div/app-layout/mat-sidenav-container/mat-sidenav-content/div[1]/app-dashboard/div/div[4]/app-payment-trend/mat-card/div[2]/div/div[2]/div[3]/div[1]} 
2021-04-15 10:25:08,291 INFO  [Root_Class_TestNG] no such element: Unable to locate element: {"method":"xpath","selector":"/html/body/app-root/div/app-layout/mat-sidenav-container/mat-sidenav-content/div[1]/app-dashboard/div/div[4]/app-payment-trend/mat-card/div[2]/div/div[2]/div[1]/div[2]/span[2]"}
  (Session info: chrome=89.0.4389.128)
For documentation on this error, please visit: https://www.seleniumhq.org/exceptions/no_such_element.html
Build info: version: '3.141.59', revision: 'e82be7d358', time: '2018-11-14T08:17:03'
System info: host: 'DESKTOP-T1A7R18', ip: '10.20.152.53', os.name: 'Windows 10', os.arch: 'amd64', os.version: '10.0', java.version: '15.0.2'
Driver info: org.openqa.selenium.chrome.ChromeDriver
Capabilities {acceptInsecureCerts: false, browserName: chrome, browserVersion: 89.0.4389.128, chrome: {chromedriverVersion: 89.0.4389.23 (61b08ee2c5002..., userDataDir: C:\Users\Ascend\AppData\Loc...}, goog:chromeOptions: {debuggerAddress: localhost:61321}, javascriptEnabled: true, networkConnectionEnabled: false, pageLoadStrategy: normal, platform: WINDOWS, platformName: WINDOWS, proxy: Proxy(), setWindowRect: true, strictFileInteractability: false, timeouts: {implicit: 0, pageLoad: 300000, script: 30000}, unhandledPromptBehavior: dismiss and notify, webauthn:extension:largeBlob: true, webauthn:virtualAuthenticators: true}
Session ID: 60e8c96a49cbbb7a859b2d17d2bbec5e
*** Element info: {Using=xpath, value=/html/body/app-root/div/app-layout/mat-sidenav-container/mat-sidenav-content/div[1]/app-dashboard/div/div[4]/app-payment-trend/mat-card/div[2]/div/div[2]/div[1]/div[2]/span[2]} 
2021-04-15 10:25:08,724 INFO  [Root_Class_TestNG] no such element: Unable to locate element: {"method":"xpath","selector":"/html/body/app-root/div/app-layout/mat-sidenav-container/mat-sidenav-content/div[1]/app-dashboard/div/div[4]/app-payment-trend/mat-card/div[2]/div/div[2]/div[2]/div[1]"}
  (Session info: chrome=89.0.4389.128)
For documentation on this error, please visit: https://www.seleniumhq.org/exceptions/no_such_element.html
Build info: version: '3.141.59', revision: 'e82be7d358', time: '2018-11-14T08:17:03'
System info: host: 'DESKTOP-T1A7R18', ip: '10.20.152.53', os.name: 'Windows 10', os.arch: 'amd64', os.version: '10.0', java.version: '15.0.2'
Driver info: org.openqa.selenium.chrome.ChromeDriver
Capabilities {acceptInsecureCerts: false, browserName: chrome, browserVersion: 89.0.4389.128, chrome: {chromedriverVersion: 89.0.4389.23 (61b08ee2c5002..., userDataDir: C:\Users\Ascend\AppData\Loc...}, goog:chromeOptions: {debuggerAddress: localhost:61321}, javascriptEnabled: true, networkConnectionEnabled: false, pageLoadStrategy: normal, platform: WINDOWS, platformName: WINDOWS, proxy: Proxy(), setWindowRect: true, strictFileInteractability: false, timeouts: {implicit: 0, pageLoad: 300000, script: 30000}, unhandledPromptBehavior: dismiss and notify, webauthn:extension:largeBlob: true, webauthn:virtualAuthenticators: true}
Session ID: 60e8c96a49cbbb7a859b2d17d2bbec5e
*** Element info: {Using=xpath, value=/html/body/app-root/div/app-layout/mat-sidenav-container/mat-sidenav-content/div[1]/app-dashboard/div/div[4]/app-payment-trend/mat-card/div[2]/div/div[2]/div[2]/div[1]} 
2021-04-15 10:25:08,725 INFO  [Root_Class_TestNG] Waiting till the Person Icon is display 
2021-04-15 10:25:45,522 INFO  [Root_Class_TestNG] Opening Chrome browser 
2021-04-15 10:25:47,687 INFO  [Root_Class_TestNG] Chrome browser has launched 
2021-04-15 10:25:47,689 INFO  [Root_Class_TestNG] Navigating to Billers portal 
2021-04-15 10:25:54,392 INFO  [Root_Class_TestNG] Billers portal has launched 
2021-04-15 10:25:54,392 INFO  [Root_Class_TestNG] Waiting till the Page is load 
2021-04-15 10:25:54,396 INFO  [Root_Class_TestNG] Browser has waited till the page is load 
2021-04-15 10:25:54,396 INFO  [Root_Class_TestNG] Maximizing window 
2021-04-15 10:25:54,514 INFO  [Root_Class_TestNG] Window has maximized 
2021-04-15 10:25:54,574 INFO  [Root_Class_TestNG] Waiting till the 'Login Now' button is display 
2021-04-15 10:25:54,637 INFO  [Root_Class_TestNG] Waiting till the 'Login Now' button is click 
2021-04-15 10:25:54,702 INFO  [Root_Class_TestNG] Clicking on the 'Login now' button 
2021-04-15 10:25:58,969 INFO  [Root_Class_TestNG] Login Now has clicked 
2021-04-15 10:25:58,973 INFO  [Root_Class_TestNG] Waiting till the Username text box is display 
2021-04-15 10:25:59,034 INFO  [Root_Class_TestNG] Entering username 
2021-04-15 10:25:59,124 INFO  [Root_Class_TestNG] Username has entered. 
2021-04-15 10:25:59,125 INFO  [Root_Class_TestNG] Waiting till the 'Password' is display 
2021-04-15 10:25:59,155 INFO  [Root_Class_TestNG] Entering password 
2021-04-15 10:25:59,298 INFO  [Root_Class_TestNG] Password has entered 
2021-04-15 10:25:59,298 INFO  [Root_Class_TestNG] Waiting till the 'Login' button is display 
2021-04-15 10:25:59,359 INFO  [Root_Class_TestNG] Waiting till the 'Login' button is click 
2021-04-15 10:25:59,441 INFO  [Root_Class_TestNG] Clicking on the 'Login' button 
2021-04-15 10:26:00,341 INFO  [Root_Class_TestNG] 'Login' button has clicked 
2021-04-15 10:26:00,341 INFO  [Root_Class_TestNG] Waiting till the 'Setup' menu is display 
2021-04-15 10:26:01,577 INFO  [Root_Class_TestNG] Waiting till the 'Invoice' menu is display 
2021-04-15 10:26:01,719 INFO  [Root_Class_TestNG] Biller has able to view the Biller home Page. 
2021-04-15 10:26:01,719 INFO  [Root_Class_TestNG] Waiting till the Page is loading 
2021-04-15 10:26:28,644 INFO  [Root_Class_TestNG] element click intercepted: Element <input readonly="true" matinput="" formcontrolname="toDate" required="" class="mat-input-element mat-form-field-autofill-control mat-datepicker-input ng-tns-c60-6 ng-untouched ng-pristine ng-valid cdk-text-field-autofill-monitored" id="mat-input-1" aria-invalid="false" aria-required="true" aria-haspopup="dialog" min="2020-03-04" max="2021-04-15" data-mat-calendar="mat-datepicker-1"> is not clickable at point (1005, 144). Other element would receive the click: <div _ngcontent-serverapp-c72="" id="app-spinner" class="hide">...</div>
  (Session info: chrome=89.0.4389.128)
Build info: version: '3.141.59', revision: 'e82be7d358', time: '2018-11-14T08:17:03'
System info: host: 'DESKTOP-T1A7R18', ip: '10.20.152.53', os.name: 'Windows 10', os.arch: 'amd64', os.version: '10.0', java.version: '15.0.2'
Driver info: org.openqa.selenium.chrome.ChromeDriver
Capabilities {acceptInsecureCerts: false, browserName: chrome, browserVersion: 89.0.4389.128, chrome: {chromedriverVersion: 89.0.4389.23 (61b08ee2c5002..., userDataDir: C:\Users\Ascend\AppData\Loc...}, goog:chromeOptions: {debuggerAddress: localhost:61470}, javascriptEnabled: true, networkConnectionEnabled: false, pageLoadStrategy: normal, platform: WINDOWS, platformName: WINDOWS, proxy: Proxy(), setWindowRect: true, strictFileInteractability: false, timeouts: {implicit: 0, pageLoad: 300000, script: 30000}, unhandledPromptBehavior: dismiss and notify, webauthn:extension:largeBlob: true, webauthn:virtualAuthenticators: true}
Session ID: a8777d4e30afd7089d5fcc438b60f9e1 
2021-04-15 10:26:44,153 INFO  [Root_Class_TestNG] Waiting till the Person Icon is display 
2021-04-15 10:27:15,042 INFO  [Root_Class_TestNG] org.openqa.selenium.TimeoutException: Expected condition failed: waiting for visibility of Proxy element for: DefaultElementLocator 'By.xpath: /html/body/app-root/div/app-layout/mat-toolbar/div/div[3]/app-user-menu/button/span[1]/mat-icon' (tried for 30 second(s) with 500 milliseconds interval) 
2021-04-15 10:27:15,043 INFO  [Root_Class_TestNG] Waiting till the 'Login Now' button is display 
2021-04-15 10:27:45,228 INFO  [Root_Class_TestNG] Login process has not completed.  But it displayed the Exception as..
Expected condition failed: waiting for visibility of Proxy element for: DefaultElementLocator 'By.xpath: /html/body/app-root/div/app-layout/mat-sidenav-container/mat-sidenav-content/div[1]/app-landing/div[1]/div/div[2]/div/button/span[1]' (tried for 30 second(s) with 500 milliseconds interval) 
2021-04-15 10:27:58,851 INFO  [Root_Class_TestNG] element not interactable
  (Session info: chrome=89.0.4389.128)
Build info: version: '3.141.59', revision: 'e82be7d358', time: '2018-11-14T08:17:03'
System info: host: 'DESKTOP-T1A7R18', ip: '10.20.152.53', os.name: 'Windows 10', os.arch: 'amd64', os.version: '10.0', java.version: '15.0.2'
Driver info: org.openqa.selenium.chrome.ChromeDriver
Capabilities {acceptInsecureCerts: false, browserName: chrome, browserVersion: 89.0.4389.128, chrome: {chromedriverVersion: 89.0.4389.23 (61b08ee2c5002..., userDataDir: C:\Users\Ascend\AppData\Loc...}, goog:chromeOptions: {debuggerAddress: localhost:61470}, javascriptEnabled: true, networkConnectionEnabled: false, pageLoadStrategy: normal, platform: WINDOWS, platformName: WINDOWS, proxy: Proxy(), setWindowRect: true, strictFileInteractability: false, timeouts: {implicit: 0, pageLoad: 300000, script: 30000}, unhandledPromptBehavior: dismiss and notify, webauthn:extension:largeBlob: true, webauthn:virtualAuthenticators: true}
Session ID: a8777d4e30afd7089d5fcc438b60f9e1 
2021-04-15 10:27:59,197 INFO  [Root_Class_TestNG] no such element: Unable to locate element: {"method":"xpath","selector":"/html/body/app-root/div/div[2]/div[2]/div/div/div/ngx-mat-select-search/div/input"}
  (Session info: chrome=89.0.4389.128)
For documentation on this error, please visit: https://www.seleniumhq.org/exceptions/no_such_element.html
Build info: version: '3.141.59', revision: 'e82be7d358', time: '2018-11-14T08:17:03'
System info: host: 'DESKTOP-T1A7R18', ip: '10.20.152.53', os.name: 'Windows 10', os.arch: 'amd64', os.version: '10.0', java.version: '15.0.2'
Driver info: org.openqa.selenium.chrome.ChromeDriver
Capabilities {acceptInsecureCerts: false, browserName: chrome, browserVersion: 89.0.4389.128, chrome: {chromedriverVersion: 89.0.4389.23 (61b08ee2c5002..., userDataDir: C:\Users\Ascend\AppData\Loc...}, goog:chromeOptions: {debuggerAddress: localhost:61470}, javascriptEnabled: true, networkConnectionEnabled: false, pageLoadStrategy: normal, platform: WINDOWS, platformName: WINDOWS, proxy: Proxy(), setWindowRect: true, strictFileInteractability: false, timeouts: {implicit: 0, pageLoad: 300000, script: 30000}, unhandledPromptBehavior: dismiss and notify, webauthn:extension:largeBlob: true, webauthn:virtualAuthenticators: true}
Session ID: a8777d4e30afd7089d5fcc438b60f9e1
*** Element info: {Using=xpath, value=/html/body/app-root/div/div[2]/div[2]/div/div/div/ngx-mat-select-search/div/input} 
2021-04-15 10:27:59,577 INFO  [Root_Class_TestNG] no such element: Unable to locate element: {"method":"xpath","selector":"//mat-option/span[contains(.,'TestBatch-02')]"}
  (Session info: chrome=89.0.4389.128)
For documentation on this error, please visit: https://www.seleniumhq.org/exceptions/no_such_element.html
Build info: version: '3.141.59', revision: 'e82be7d358', time: '2018-11-14T08:17:03'
System info: host: 'DESKTOP-T1A7R18', ip: '10.20.152.53', os.name: 'Windows 10', os.arch: 'amd64', os.version: '10.0', java.version: '15.0.2'
Driver info: org.openqa.selenium.chrome.ChromeDriver
Capabilities {acceptInsecureCerts: false, browserName: chrome, browserVersion: 89.0.4389.128, chrome: {chromedriverVersion: 89.0.4389.23 (61b08ee2c5002..., userDataDir: C:\Users\Ascend\AppData\Loc...}, goog:chromeOptions: {debuggerAddress: localhost:61470}, javascriptEnabled: true, networkConnectionEnabled: false, pageLoadStrategy: normal, platform: WINDOWS, platformName: WINDOWS, proxy: Proxy(), setWindowRect: true, strictFileInteractability: false, timeouts: {implicit: 0, pageLoad: 300000, script: 30000}, unhandledPromptBehavior: dismiss and notify, webauthn:extension:largeBlob: true, webauthn:virtualAuthenticators: true}
Session ID: a8777d4e30afd7089d5fcc438b60f9e1
*** Element info: {Using=xpath, value=//mat-option/span[contains(.,'TestBatch-02')]} 
2021-04-15 10:28:02,636 INFO  [Root_Class_TestNG] Waiting till the Person Icon is display 
2021-04-15 10:28:33,184 INFO  [Root_Class_TestNG] org.openqa.selenium.TimeoutException: Expected condition failed: waiting for visibility of Proxy element for: DefaultElementLocator 'By.xpath: /html/body/app-root/div/app-layout/mat-toolbar/div/div[3]/app-user-menu/button/span[1]/mat-icon' (tried for 30 second(s) with 500 milliseconds interval) 
2021-04-15 10:28:33,197 INFO  [Root_Class_TestNG] Waiting till the 'Login Now' button is display 
2021-04-15 10:29:03,314 INFO  [Root_Class_TestNG] Login process has not completed.  But it displayed the Exception as..
Expected condition failed: waiting for visibility of Proxy element for: DefaultElementLocator 'By.xpath: /html/body/app-root/div/app-layout/mat-sidenav-container/mat-sidenav-content/div[1]/app-landing/div[1]/div/div[2]/div/button/span[1]' (tried for 30 second(s) with 500 milliseconds interval) 
2021-04-15 10:29:44,814 INFO  [Root_Class_TestNG] Waiting till the Person Icon is display 
2021-04-15 10:30:15,262 INFO  [Root_Class_TestNG] org.openqa.selenium.TimeoutException: Expected condition failed: waiting for visibility of Proxy element for: DefaultElementLocator 'By.xpath: /html/body/app-root/div/app-layout/mat-toolbar/div/div[3]/app-user-menu/button/span[1]/mat-icon' (tried for 30 second(s) with 500 milliseconds interval) 
2021-04-15 10:30:15,273 INFO  [Root_Class_TestNG] Quiting the browser 
2021-04-15 10:30:15,960 INFO  [Root_Class_TestNG] Browser has closed 
2021-04-15 10:56:19,856 INFO  [Root_Class_TestNG] Opening Chrome browser 
2021-04-15 10:56:22,054 INFO  [Root_Class_TestNG] Chrome browser has launched 
2021-04-15 10:56:22,054 INFO  [Root_Class_TestNG] Navigating to Billers portal 
2021-04-15 10:56:26,392 INFO  [Root_Class_TestNG] Billers portal has launched 
2021-04-15 10:56:26,392 INFO  [Root_Class_TestNG] Waiting till the Page is load 
2021-04-15 10:56:26,402 INFO  [Root_Class_TestNG] Browser has waited till the page is load 
2021-04-15 10:56:26,403 INFO  [Root_Class_TestNG] Maximizing window 
2021-04-15 10:56:26,553 INFO  [Root_Class_TestNG] Window has maximized 
2021-04-15 10:56:26,681 INFO  [Root_Class_TestNG] Waiting till the 'Login Now' button is display 
2021-04-15 10:56:26,741 INFO  [Root_Class_TestNG] Waiting till the 'Login Now' button is click 
2021-04-15 10:56:26,807 INFO  [Root_Class_TestNG] Clicking on the 'Login now' button 
2021-04-15 10:56:29,118 INFO  [Root_Class_TestNG] Login Now has clicked 
2021-04-15 10:56:29,121 INFO  [Root_Class_TestNG] Waiting till the Username text box is display 
2021-04-15 10:56:29,155 INFO  [Root_Class_TestNG] Entering username 
2021-04-15 10:56:29,221 INFO  [Root_Class_TestNG] Username has entered. 
2021-04-15 10:56:29,221 INFO  [Root_Class_TestNG] Waiting till the 'Password' is display 
2021-04-15 10:56:29,258 INFO  [Root_Class_TestNG] Entering password 
2021-04-15 10:56:29,329 INFO  [Root_Class_TestNG] Password has entered 
2021-04-15 10:56:29,329 INFO  [Root_Class_TestNG] Waiting till the 'Login' button is display 
2021-04-15 10:56:29,359 INFO  [Root_Class_TestNG] Waiting till the 'Login' button is click 
2021-04-15 10:56:29,397 INFO  [Root_Class_TestNG] Clicking on the 'Login' button 
2021-04-15 10:56:30,277 INFO  [Root_Class_TestNG] 'Login' button has clicked 
2021-04-15 10:56:30,277 INFO  [Root_Class_TestNG] Waiting till the 'Setup' menu is display 
2021-04-15 10:56:31,958 INFO  [Root_Class_TestNG] Waiting till the 'Invoice' menu is display 
2021-04-15 10:56:32,030 INFO  [Root_Class_TestNG] Biller has able to view the Biller home Page. 
2021-04-15 10:56:32,030 INFO  [Root_Class_TestNG] Waiting till the Page is loading 
2021-04-15 10:56:58,842 INFO  [Root_Class_TestNG] element click intercepted: Element <input readonly="true" matinput="" formcontrolname="toDate" required="" class="mat-input-element mat-form-field-autofill-control mat-datepicker-input ng-tns-c60-6 ng-untouched ng-pristine ng-valid cdk-text-field-autofill-monitored" id="mat-input-1" aria-invalid="false" aria-required="true" aria-haspopup="dialog" min="2020-03-04" max="2021-04-15" data-mat-calendar="mat-datepicker-1"> is not clickable at point (1005, 144). Other element would receive the click: <div _ngcontent-serverapp-c72="" id="app-spinner" class="hide">...</div>
  (Session info: chrome=89.0.4389.128)
Build info: version: '3.141.59', revision: 'e82be7d358', time: '2018-11-14T08:17:03'
System info: host: 'DESKTOP-T1A7R18', ip: '10.20.152.53', os.name: 'Windows 10', os.arch: 'amd64', os.version: '10.0', java.version: '15.0.2'
Driver info: org.openqa.selenium.chrome.ChromeDriver
Capabilities {acceptInsecureCerts: false, browserName: chrome, browserVersion: 89.0.4389.128, chrome: {chromedriverVersion: 89.0.4389.23 (61b08ee2c5002..., userDataDir: C:\Users\Ascend\AppData\Loc...}, goog:chromeOptions: {debuggerAddress: localhost:62828}, javascriptEnabled: true, networkConnectionEnabled: false, pageLoadStrategy: normal, platform: WINDOWS, platformName: WINDOWS, proxy: Proxy(), setWindowRect: true, strictFileInteractability: false, timeouts: {implicit: 0, pageLoad: 300000, script: 30000}, unhandledPromptBehavior: dismiss and notify, webauthn:extension:largeBlob: true, webauthn:virtualAuthenticators: true}
Session ID: e7d6a895fd17e1107dabc377b39bed48 
2021-04-15 10:57:14,382 INFO  [Root_Class_TestNG] Waiting till the Person Icon is display 
2021-04-15 10:57:45,163 INFO  [Root_Class_TestNG] org.openqa.selenium.TimeoutException: Expected condition failed: waiting for visibility of Proxy element for: DefaultElementLocator 'By.xpath: /html/body/app-root/div/app-layout/mat-toolbar/div/div[3]/app-user-menu/button/span[1]/mat-icon' (tried for 30 second(s) with 500 milliseconds interval) 
2021-04-15 10:57:45,167 INFO  [Root_Class_TestNG] Waiting till the 'Login Now' button is display 
2021-04-15 10:58:15,523 INFO  [Root_Class_TestNG] Login process has not completed.  But it displayed the Exception as..
Expected condition failed: waiting for visibility of Proxy element for: DefaultElementLocator 'By.xpath: /html/body/app-root/div/app-layout/mat-sidenav-container/mat-sidenav-content/div[1]/app-landing/div[1]/div/div[2]/div/button/span[1]' (tried for 30 second(s) with 500 milliseconds interval) 
2021-04-15 10:58:29,138 INFO  [Root_Class_TestNG] element not interactable
  (Session info: chrome=89.0.4389.128)
Build info: version: '3.141.59', revision: 'e82be7d358', time: '2018-11-14T08:17:03'
System info: host: 'DESKTOP-T1A7R18', ip: '10.20.152.53', os.name: 'Windows 10', os.arch: 'amd64', os.version: '10.0', java.version: '15.0.2'
Driver info: org.openqa.selenium.chrome.ChromeDriver
Capabilities {acceptInsecureCerts: false, browserName: chrome, browserVersion: 89.0.4389.128, chrome: {chromedriverVersion: 89.0.4389.23 (61b08ee2c5002..., userDataDir: C:\Users\Ascend\AppData\Loc...}, goog:chromeOptions: {debuggerAddress: localhost:62828}, javascriptEnabled: true, networkConnectionEnabled: false, pageLoadStrategy: normal, platform: WINDOWS, platformName: WINDOWS, proxy: Proxy(), setWindowRect: true, strictFileInteractability: false, timeouts: {implicit: 0, pageLoad: 300000, script: 30000}, unhandledPromptBehavior: dismiss and notify, webauthn:extension:largeBlob: true, webauthn:virtualAuthenticators: true}
Session ID: e7d6a895fd17e1107dabc377b39bed48 
2021-04-15 10:58:29,498 INFO  [Root_Class_TestNG] no such element: Unable to locate element: {"method":"xpath","selector":"/html/body/app-root/div/div[2]/div[2]/div/div/div/ngx-mat-select-search/div/input"}
  (Session info: chrome=89.0.4389.128)
For documentation on this error, please visit: https://www.seleniumhq.org/exceptions/no_such_element.html
Build info: version: '3.141.59', revision: 'e82be7d358', time: '2018-11-14T08:17:03'
System info: host: 'DESKTOP-T1A7R18', ip: '10.20.152.53', os.name: 'Windows 10', os.arch: 'amd64', os.version: '10.0', java.version: '15.0.2'
Driver info: org.openqa.selenium.chrome.ChromeDriver
Capabilities {acceptInsecureCerts: false, browserName: chrome, browserVersion: 89.0.4389.128, chrome: {chromedriverVersion: 89.0.4389.23 (61b08ee2c5002..., userDataDir: C:\Users\Ascend\AppData\Loc...}, goog:chromeOptions: {debuggerAddress: localhost:62828}, javascriptEnabled: true, networkConnectionEnabled: false, pageLoadStrategy: normal, platform: WINDOWS, platformName: WINDOWS, proxy: Proxy(), setWindowRect: true, strictFileInteractability: false, timeouts: {implicit: 0, pageLoad: 300000, script: 30000}, unhandledPromptBehavior: dismiss and notify, webauthn:extension:largeBlob: true, webauthn:virtualAuthenticators: true}
Session ID: e7d6a895fd17e1107dabc377b39bed48
*** Element info: {Using=xpath, value=/html/body/app-root/div/div[2]/div[2]/div/div/div/ngx-mat-select-search/div/input} 
2021-04-15 10:58:29,856 INFO  [Root_Class_TestNG] no such element: Unable to locate element: {"method":"xpath","selector":"//mat-option/span[contains(.,'TestBatch-02')]"}
  (Session info: chrome=89.0.4389.128)
For documentation on this error, please visit: https://www.seleniumhq.org/exceptions/no_such_element.html
Build info: version: '3.141.59', revision: 'e82be7d358', time: '2018-11-14T08:17:03'
System info: host: 'DESKTOP-T1A7R18', ip: '10.20.152.53', os.name: 'Windows 10', os.arch: 'amd64', os.version: '10.0', java.version: '15.0.2'
Driver info: org.openqa.selenium.chrome.ChromeDriver
Capabilities {acceptInsecureCerts: false, browserName: chrome, browserVersion: 89.0.4389.128, chrome: {chromedriverVersion: 89.0.4389.23 (61b08ee2c5002..., userDataDir: C:\Users\Ascend\AppData\Loc...}, goog:chromeOptions: {debuggerAddress: localhost:62828}, javascriptEnabled: true, networkConnectionEnabled: false, pageLoadStrategy: normal, platform: WINDOWS, platformName: WINDOWS, proxy: Proxy(), setWindowRect: true, strictFileInteractability: false, timeouts: {implicit: 0, pageLoad: 300000, script: 30000}, unhandledPromptBehavior: dismiss and notify, webauthn:extension:largeBlob: true, webauthn:virtualAuthenticators: true}
Session ID: e7d6a895fd17e1107dabc377b39bed48
*** Element info: {Using=xpath, value=//mat-option/span[contains(.,'TestBatch-02')]} 
2021-04-15 10:58:32,894 INFO  [Root_Class_TestNG] Waiting till the Person Icon is display 
2021-04-15 10:59:31,164 INFO  [Root_Class_TestNG] Opening Chrome browser 
2021-04-15 10:59:33,406 INFO  [Root_Class_TestNG] Chrome browser has launched 
2021-04-15 10:59:33,406 INFO  [Root_Class_TestNG] Navigating to Billers portal 
2021-04-15 10:59:37,572 INFO  [Root_Class_TestNG] Billers portal has launched 
2021-04-15 10:59:37,572 INFO  [Root_Class_TestNG] Waiting till the Page is load 
2021-04-15 10:59:37,576 INFO  [Root_Class_TestNG] Browser has waited till the page is load 
2021-04-15 10:59:37,576 INFO  [Root_Class_TestNG] Maximizing window 
2021-04-15 10:59:37,743 INFO  [Root_Class_TestNG] Window has maximized 
2021-04-15 10:59:37,859 INFO  [Root_Class_TestNG] Waiting till the 'Login Now' button is display 
2021-04-15 10:59:37,974 INFO  [Root_Class_TestNG] Waiting till the 'Login Now' button is click 
2021-04-15 10:59:38,095 INFO  [Root_Class_TestNG] Clicking on the 'Login now' button 
2021-04-15 10:59:40,494 INFO  [Root_Class_TestNG] Login Now has clicked 
2021-04-15 10:59:40,497 INFO  [Root_Class_TestNG] Waiting till the Username text box is display 
2021-04-15 10:59:40,528 INFO  [Root_Class_TestNG] Entering username 
2021-04-15 10:59:40,590 INFO  [Root_Class_TestNG] Username has entered. 
2021-04-15 10:59:40,590 INFO  [Root_Class_TestNG] Waiting till the 'Password' is display 
2021-04-15 10:59:40,617 INFO  [Root_Class_TestNG] Entering password 
2021-04-15 10:59:40,687 INFO  [Root_Class_TestNG] Password has entered 
2021-04-15 10:59:40,687 INFO  [Root_Class_TestNG] Waiting till the 'Login' button is display 
2021-04-15 10:59:40,716 INFO  [Root_Class_TestNG] Waiting till the 'Login' button is click 
2021-04-15 10:59:40,770 INFO  [Root_Class_TestNG] Clicking on the 'Login' button 
2021-04-15 10:59:41,713 INFO  [Root_Class_TestNG] 'Login' button has clicked 
2021-04-15 10:59:41,713 INFO  [Root_Class_TestNG] Waiting till the 'Setup' menu is display 
2021-04-15 10:59:42,839 INFO  [Root_Class_TestNG] Waiting till the 'Invoice' menu is display 
2021-04-15 10:59:42,921 INFO  [Root_Class_TestNG] Biller has able to view the Biller home Page. 
2021-04-15 10:59:42,921 INFO  [Root_Class_TestNG] Waiting till the Page is loading 
2021-04-15 11:00:52,655 INFO  [Root_Class_TestNG] Waiting till the Person Icon is display 
2021-04-15 11:01:23,197 INFO  [Root_Class_TestNG] org.openqa.selenium.TimeoutException: Expected condition failed: waiting for visibility of Proxy element for: DefaultElementLocator 'By.xpath: /html/body/app-root/div/app-layout/mat-toolbar/div/div[3]/app-user-menu/button/span[1]/mat-icon' (tried for 30 second(s) with 500 milliseconds interval) 
2021-04-15 11:01:23,202 INFO  [Root_Class_TestNG] Waiting till the 'Login Now' button is display 
2021-04-15 11:01:53,479 INFO  [Root_Class_TestNG] Login process has not completed.  But it displayed the Exception as..
Expected condition failed: waiting for visibility of Proxy element for: DefaultElementLocator 'By.xpath: /html/body/app-root/div/app-layout/mat-sidenav-container/mat-sidenav-content/div[1]/app-landing/div[1]/div/div[2]/div/button/span[1]' (tried for 30 second(s) with 500 milliseconds interval) 
2021-04-15 11:03:35,365 INFO  [Root_Class_TestNG] Opening Chrome browser 
2021-04-15 11:03:37,705 INFO  [Root_Class_TestNG] Chrome browser has launched 
2021-04-15 11:03:37,705 INFO  [Root_Class_TestNG] Navigating to Billers portal 
2021-04-15 11:03:45,240 INFO  [Root_Class_TestNG] Billers portal has launched 
2021-04-15 11:03:45,240 INFO  [Root_Class_TestNG] Waiting till the Page is load 
2021-04-15 11:03:45,245 INFO  [Root_Class_TestNG] Browser has waited till the page is load 
2021-04-15 11:03:45,245 INFO  [Root_Class_TestNG] Maximizing window 
2021-04-15 11:03:45,366 INFO  [Root_Class_TestNG] Window has maximized 
2021-04-15 11:03:45,496 INFO  [Root_Class_TestNG] Waiting till the 'Login Now' button is display 
2021-04-15 11:03:45,600 INFO  [Root_Class_TestNG] Waiting till the 'Login Now' button is click 
2021-04-15 11:03:45,744 INFO  [Root_Class_TestNG] Clicking on the 'Login now' button 
2021-04-15 11:03:49,282 INFO  [Root_Class_TestNG] Login Now has clicked 
2021-04-15 11:03:49,285 INFO  [Root_Class_TestNG] Waiting till the Username text box is display 
2021-04-15 11:03:49,342 INFO  [Root_Class_TestNG] Entering username 
2021-04-15 11:03:49,443 INFO  [Root_Class_TestNG] Username has entered. 
2021-04-15 11:03:49,443 INFO  [Root_Class_TestNG] Waiting till the 'Password' is display 
2021-04-15 11:03:49,487 INFO  [Root_Class_TestNG] Entering password 
2021-04-15 11:03:49,581 INFO  [Root_Class_TestNG] Password has entered 
2021-04-15 11:03:49,581 INFO  [Root_Class_TestNG] Waiting till the 'Login' button is display 
2021-04-15 11:03:49,636 INFO  [Root_Class_TestNG] Waiting till the 'Login' button is click 
2021-04-15 11:03:49,717 INFO  [Root_Class_TestNG] Clicking on the 'Login' button 
2021-04-15 11:03:50,436 INFO  [Root_Class_TestNG] 'Login' button has clicked 
2021-04-15 11:03:50,436 INFO  [Root_Class_TestNG] Waiting till the 'Setup' menu is display 
2021-04-15 11:03:51,665 INFO  [Root_Class_TestNG] Waiting till the 'Invoice' menu is display 
2021-04-15 11:03:51,819 INFO  [Root_Class_TestNG] Biller has able to view the Biller home Page. 
2021-04-15 11:03:51,819 INFO  [Root_Class_TestNG] Waiting till the Page is loading 
2021-04-15 11:05:01,363 INFO  [Root_Class_TestNG] Waiting till the Person Icon is display 
2021-04-15 11:05:01,500 INFO  [Root_Class_TestNG] Waiting till the Person Icon is click 
2021-04-15 11:05:01,568 INFO  [Root_Class_TestNG] Clicking on the Person Icon 
2021-04-15 11:05:01,755 INFO  [Root_Class_TestNG] Person Icon has clicked 
2021-04-15 11:05:01,755 INFO  [Root_Class_TestNG] Waiting till the Logout is display 
2021-04-15 11:05:01,925 INFO  [Root_Class_TestNG] Person icon has not clicked.  But it displayed the Exception as no such element: Unable to locate element: {"method":"link text","selector":"Log Out"}
  (Session info: chrome=89.0.4389.128)
For documentation on this error, please visit: https://www.seleniumhq.org/exceptions/no_such_element.html
Build info: version: '3.141.59', revision: 'e82be7d358', time: '2018-11-14T08:17:03'
System info: host: 'DESKTOP-T1A7R18', ip: '10.20.152.53', os.name: 'Windows 10', os.arch: 'amd64', os.version: '10.0', java.version: '15.0.2'
Driver info: org.openqa.selenium.chrome.ChromeDriver
Capabilities {acceptInsecureCerts: false, browserName: chrome, browserVersion: 89.0.4389.128, chrome: {chromedriverVersion: 89.0.4389.23 (61b08ee2c5002..., userDataDir: C:\Users\Ascend\AppData\Loc...}, goog:chromeOptions: {debuggerAddress: localhost:63086}, javascriptEnabled: true, networkConnectionEnabled: false, pageLoadStrategy: normal, platform: WINDOWS, platformName: WINDOWS, proxy: Proxy(), setWindowRect: true, strictFileInteractability: false, timeouts: {implicit: 0, pageLoad: 300000, script: 30000}, unhandledPromptBehavior: dismiss and notify, webauthn:extension:largeBlob: true, webauthn:virtualAuthenticators: true}
Session ID: 6f6e07724945cde882bbb4184be9692c
*** Element info: {Using=link text, value=Log Out} 
2021-04-15 11:05:01,928 INFO  [Root_Class_TestNG] Waiting till the 'Login Now' button is display 
2021-04-15 11:05:10,712 INFO  [Root_Class_TestNG] Waiting till the 'Login Now' button is click 
2021-04-15 11:05:10,771 INFO  [Root_Class_TestNG] Clicking on the 'Login now' button 
2021-04-15 11:05:11,192 INFO  [Root_Class_TestNG] Login Now has clicked 
2021-04-15 11:05:11,193 INFO  [Root_Class_TestNG] Waiting till the Username text box is display 
2021-04-15 11:05:11,226 INFO  [Root_Class_TestNG] Entering username 
2021-04-15 11:05:11,286 INFO  [Root_Class_TestNG] Username has entered. 
2021-04-15 11:05:11,286 INFO  [Root_Class_TestNG] Waiting till the 'Password' is display 
2021-04-15 11:05:11,311 INFO  [Root_Class_TestNG] Entering password 
2021-04-15 11:05:11,376 INFO  [Root_Class_TestNG] Password has entered 
2021-04-15 11:05:11,376 INFO  [Root_Class_TestNG] Waiting till the 'Login' button is display 
2021-04-15 11:05:11,399 INFO  [Root_Class_TestNG] Waiting till the 'Login' button is click 
2021-04-15 11:05:11,436 INFO  [Root_Class_TestNG] Clicking on the 'Login' button 
2021-04-15 11:05:12,082 INFO  [Root_Class_TestNG] 'Login' button has clicked 
2021-04-15 11:05:12,082 INFO  [Root_Class_TestNG] Waiting till the 'Setup' menu is display 
2021-04-15 11:05:12,676 INFO  [Root_Class_TestNG] Waiting till the 'Invoice' menu is display 
2021-04-15 11:05:12,751 INFO  [Root_Class_TestNG] Biller has able to view the Biller home Page. 
2021-04-15 11:05:12,751 INFO  [Root_Class_TestNG] Waiting till the Page is loading 
2021-04-15 11:05:57,576 INFO  [Root_Class_TestNG] Waiting till the Person Icon is display 
2021-04-15 11:05:57,702 INFO  [Root_Class_TestNG] Waiting till the Person Icon is click 
2021-04-15 11:05:57,758 INFO  [Root_Class_TestNG] Clicking on the Person Icon 
2021-04-15 11:05:57,985 INFO  [Root_Class_TestNG] Person Icon has clicked 
2021-04-15 11:05:57,985 INFO  [Root_Class_TestNG] Waiting till the Logout is display 
2021-04-15 11:05:58,166 INFO  [Root_Class_TestNG] Waiting till the Logout is click 
2021-04-15 11:05:58,291 INFO  [Root_Class_TestNG] Clicking on the Logout 
2021-04-15 11:05:58,977 INFO  [Root_Class_TestNG] Logout has clicked 
2021-04-15 11:06:03,984 INFO  [Root_Class_TestNG] Waiting till the 'Login Now' button is display 
2021-04-15 11:06:04,039 INFO  [Root_Class_TestNG] Waiting till the 'Login Now' button is click 
2021-04-15 11:06:04,117 INFO  [Root_Class_TestNG] Clicking on the 'Login now' button 
2021-04-15 11:06:04,933 INFO  [Root_Class_TestNG] Login Now has clicked 
2021-04-15 11:06:04,933 INFO  [Root_Class_TestNG] Waiting till the Username text box is display 
2021-04-15 11:06:04,975 INFO  [Root_Class_TestNG] Entering username 
2021-04-15 11:06:05,050 INFO  [Root_Class_TestNG] Username has entered. 
2021-04-15 11:06:05,051 INFO  [Root_Class_TestNG] Waiting till the 'Password' is display 
2021-04-15 11:06:05,074 INFO  [Root_Class_TestNG] Entering password 
2021-04-15 11:06:05,137 INFO  [Root_Class_TestNG] Password has entered 
2021-04-15 11:06:05,137 INFO  [Root_Class_TestNG] Waiting till the 'Login' button is display 
2021-04-15 11:06:05,160 INFO  [Root_Class_TestNG] Waiting till the 'Login' button is click 
2021-04-15 11:06:05,198 INFO  [Root_Class_TestNG] Clicking on the 'Login' button 
2021-04-15 11:06:06,235 INFO  [Root_Class_TestNG] 'Login' button has clicked 
2021-04-15 11:06:06,236 INFO  [Root_Class_TestNG] Waiting till the 'Setup' menu is display 
2021-04-15 11:06:06,861 INFO  [Root_Class_TestNG] Waiting till the 'Invoice' menu is display 
2021-04-15 11:06:06,972 INFO  [Root_Class_TestNG] Biller has able to view the Biller home Page. 
2021-04-15 11:06:06,972 INFO  [Root_Class_TestNG] Waiting till the Page is loading 
2021-04-15 11:06:48,720 INFO  [Root_Class_TestNG] Waiting till the Person Icon is display 
2021-04-15 11:06:48,860 INFO  [Root_Class_TestNG] Waiting till the Person Icon is click 
2021-04-15 11:06:48,915 INFO  [Root_Class_TestNG] Clicking on the Person Icon 
2021-04-15 11:06:49,164 INFO  [Root_Class_TestNG] Person Icon has clicked 
2021-04-15 11:06:49,165 INFO  [Root_Class_TestNG] Waiting till the Logout is display 
2021-04-15 11:06:49,426 INFO  [Root_Class_TestNG] Waiting till the Logout is click 
2021-04-15 11:06:49,645 INFO  [Root_Class_TestNG] Clicking on the Logout 
2021-04-15 11:06:54,886 INFO  [Root_Class_TestNG] Logout has clicked 
2021-04-15 11:06:59,897 INFO  [Root_Class_TestNG] Quiting the browser 
2021-04-15 11:07:00,554 INFO  [Root_Class_TestNG] Browser has closed 
2021-04-15 11:20:23,730 INFO  [Root_Class_TestNG] Opening Chrome browser 
